Log file open, 07/04/16 20:13:00
LogInit:Display: Running engine for game: MyProject
LogPlatformFile: Not using cached read wrapper
LogInit:Display: RandInit(-1492116743) SRandInit(-1492116741).
LogTaskGraph: Started task graph with 4 named threads and 7 total threads.
LogStats: Stats thread started at 0.063614
LogInit: Version: 4.11.2-2946394+++UE4+Release-4.11
LogInit: API Version: 2927265
LogInit: Compiled (64-bit): Apr 18 2016 02:18:46
LogInit: Compiled with Visual C++: 19.00.23026.00
LogInit: Build Configuration: Development
LogInit: Branch Name: ++UE4+Release-4.11
LogInit: Command line:  
LogInit: Base directory: C:/Program Files (x86)/Epic Games/4.11/Engine/Binaries/Win64/
LogInit: Installed Engine Build: 1
LogInit: Using libcurl 7.41.0
LogInit:  - built for x86_64-pc-win32
LogInit:  - supports SSL with WinSSL
LogInit:  - other features:
LogInit:      CURL_VERSION_SSL
LogInit:      CURL_VERSION_IPV6
LogInit:      CURL_VERSION_ASYNCHDNS
LogInit:      CURL_VERSION_LARGEFILE
LogInit:      CURL_VERSION_IDN
LogInit:  CurlRequestOptions (configurable via config and command line):
LogInit:  - bVerifyPeer = true  - Libcurl will verify peer certificate
LogInit:  - bUseHttpProxy = false  - Libcurl will NOT use HTTP proxy
LogInit:  - bDontReuseConnections = false  - Libcurl will reuse connections
LogInit:  - CertBundlePath = nullptr  - Libcurl will use whatever was configured at build time.
LogInit: Presizing for max 16777216 objects, including 0 objects not considered by GC, pre-allocating 0 bytes for permanent pool.
LogInit: Object subsystem initialized
[2016.07.04-10.13.01:012][  0]LogInit: Selected Device Profile: [Windows]
[2016.07.04-10.13.01:012][  0]LogInit: Applying CVar settings loaded from the selected device profile: [Windows]
[2016.07.04-10.13.01:020][  0]LogInit: Computer: PC
[2016.07.04-10.13.01:020][  0]LogInit: User: User
[2016.07.04-10.13.01:020][  0]LogInit: CPU Page size=65536, Cores=4
[2016.07.04-10.13.01:020][  0]LogInit: High frequency timer resolution =3.897229 MHz
[2016.07.04-10.13.01:021][  0]LogMemory: Memory total: Physical=15.9GB (16GB approx)
[2016.07.04-10.13.01:021][  0]LogMemory: Platform Memory Stats for Windows
[2016.07.04-10.13.01:021][  0]LogMemory: Process Physical Memory: 314.39 MB used, 314.39 MB peak
[2016.07.04-10.13.01:021][  0]LogMemory: Process Virtual Memory: 314.98 MB used, 314.98 MB peak
[2016.07.04-10.13.01:021][  0]LogMemory: Physical Memory: 6897.82 MB used, 16321.86 MB total
[2016.07.04-10.13.01:021][  0]LogMemory: Virtual Memory: 653.24 MB used, 134217728.00 MB total
[2016.07.04-10.13.01:046][  0]LogTextLocalizationManager: No specific translations for ('en-AU') exist, so ('en') translations will be used.
[2016.07.04-10.13.01:360][  0]LogD3D11RHI: D3D11 adapters:
[2016.07.04-10.13.01:377][  0]LogD3D11RHI:    0. 'NVIDIA GeForce GTX 980' (Feature Level 11_0)
[2016.07.04-10.13.01:377][  0]LogD3D11RHI:       4009MB of dedicated video memory, 0MB of dedicated system memory, and 8160MB of shared system memory, 1 output[s]
[2016.07.04-10.13.01:378][  0]LogD3D11RHI:    1. 'Microsoft Basic Render Driver' (Feature Level 11_0)
[2016.07.04-10.13.01:378][  0]LogD3D11RHI:       0MB of dedicated video memory, 0MB of dedicated system memory, and 8160MB of shared system memory, 0 output[s]
[2016.07.04-10.13.01:379][  0]LogD3D11RHI: Chosen D3D11 Adapter: 0
[2016.07.04-10.13.01:383][  0]LogD3D11RHI: Creating new Direct3DDevice
[2016.07.04-10.13.01:383][  0]LogD3D11RHI:     Adapter Name: NVIDIA GeForce GTX 980
[2016.07.04-10.13.01:383][  0]LogD3D11RHI:   Driver Version: Unknown (internal Unknown)
[2016.07.04-10.13.01:383][  0]LogD3D11RHI:      Driver Date: Unknown
[2016.07.04-10.13.01:383][  0]LogRHI: Texture pool is 1361 MB (70% of 1945 MB)
[2016.07.04-10.13.01:393][  0]LogD3D11RHI: Async texture creation enabled
[2016.07.04-10.13.01:408][  0]LogShaderCompilers: Guid format shader working directory is -19 characters bigger than the processId version (../../../../../../Users/User/Documents/Unreal Projects/MyProject/Intermediate/Shaders/WorkingDirectory/8220/).
[2016.07.04-10.13.01:408][  0]LogShaderCompilers: Cleaned the shader compiler working directory 'C:/Users/User/AppData/Local/Temp/UnrealShaderWorkingDir/150C6A03467B952CDD3A26B35BAF550F/'.
[2016.07.04-10.13.01:408][  0]LogShaderCompilers:Display: Using Local Shader Compiler.
[2016.07.04-10.13.02:167][  0]LogTemp:Display: Loaded TP AllDesktopTargetPlatform
[2016.07.04-10.13.02:169][  0]LogTemp:Display: Loaded TP WindowsClientTargetPlatform
[2016.07.04-10.13.02:173][  0]LogTemp:Display: Loaded TP WindowsNoEditorTargetPlatform
[2016.07.04-10.13.02:176][  0]LogTemp:Display: Loaded TP WindowsServerTargetPlatform
[2016.07.04-10.13.02:180][  0]LogTemp:Display: Loaded TP WindowsTargetPlatform
[2016.07.04-10.13.02:182][  0]LogTemp:Display: Loaded TP AndroidTargetPlatform
[2016.07.04-10.13.02:185][  0]LogTemp:Display: Loaded TP Android_ASTCTargetPlatform
[2016.07.04-10.13.02:187][  0]LogTemp:Display: Loaded TP Android_ATCTargetPlatform
[2016.07.04-10.13.02:190][  0]LogTemp:Display: Loaded TP Android_DXTTargetPlatform
[2016.07.04-10.13.02:192][  0]LogTemp:Display: Loaded TP Android_ETC1TargetPlatform
[2016.07.04-10.13.02:194][  0]LogTemp:Display: Loaded TP Android_ETC2TargetPlatform
[2016.07.04-10.13.02:198][  0]LogTemp:Display: Loaded TP Android_MultiTargetPlatform
[2016.07.04-10.13.02:198][  0]LogTemp:Display: Loaded TP Android_PVRTCTargetPlatform
[2016.07.04-10.13.02:199][  0]LogTemp:Display: Loaded TP HTML5TargetPlatform
[2016.07.04-10.13.02:214][  0]LogTemp:Display: Loaded TP IOSTargetPlatform
[2016.07.04-10.13.02:216][  0]LogTemp:Display: Loaded TP TVOSTargetPlatform
[2016.07.04-10.13.02:218][  0]LogTemp:Display: Loaded TP LinuxNoEditorTargetPlatform
[2016.07.04-10.13.02:220][  0]LogTemp:Display: Loaded TP LinuxServerTargetPlatform
[2016.07.04-10.13.02:223][  0]LogTemp:Display: Loaded TP LinuxTargetPlatform
[2016.07.04-10.13.02:223][  0]LogTargetPlatformManager:Display: Building Assets For Windows
[2016.07.04-10.13.02:272][  0]LogDerivedDataCache:Display: Max Cache Size: 512 MB
[2016.07.04-10.13.02:310][  0]LogDerivedDataCache: Loaded boot cache 0.04s 46MB C:/Users/User/AppData/Local/UnrealEngine/4.11/DerivedDataCache/Boot.ddc.
[2016.07.04-10.13.02:310][  0]LogDerivedDataCache:Display: Loaded Boot cache: C:/Users/User/AppData/Local/UnrealEngine/4.11/DerivedDataCache/Boot.ddc
[2016.07.04-10.13.02:311][  0]LogDerivedDataCache: FDerivedDataBackendGraph:  Pak pak cache file ../../../../../../Users/User/Documents/Unreal Projects/MyProject/DerivedDataCache/DDC.ddp not found, will not use a pak cache.
[2016.07.04-10.13.02:311][  0]LogDerivedDataCache: Unable to find inner node Pak for hierarchical cache Hierarchy.
[2016.07.04-10.13.02:311][  0]LogDerivedDataCache: FDerivedDataBackendGraph:  CompressedPak pak cache file ../../../../../../Users/User/Documents/Unreal Projects/MyProject/DerivedDataCache/Compressed.ddp not found, will not use a pak cache.
[2016.07.04-10.13.02:311][  0]LogDerivedDataCache: Unable to find inner node CompressedPak for hierarchical cache Hierarchy.
[2016.07.04-10.13.02:323][  0]LogDerivedDataCache:Display: Pak cache opened for reading ../../../Engine/DerivedDataCache/Compressed.ddp.
[2016.07.04-10.13.02:335][  0]LogDerivedDataCache: Using Local data cache path C:/Users/User/AppData/Local/UnrealEngine/Common/DerivedDataCache: Writable
[2016.07.04-10.13.02:461][  0]LogInit: Selected Device Profile: [Windows]
[2016.07.04-10.13.02:461][  0]LogContentStreaming: Texture pool size is 0.00 MB
[2016.07.04-10.13.02:489][  0]LogMaterial: Uniform references updated for custom material expression Custom.
[2016.07.04-10.13.02:581][  0]LogMeshUtilities: No automatic mesh reduction module available
[2016.07.04-10.13.02:581][  0]LogMeshUtilities: No automatic mesh merging module available
[2016.07.04-10.13.02:581][  0]LogMeshUtilities: No distributed automatic mesh merging module available
[2016.07.04-10.13.02:752][  0]LogUObjectArray: 27679 objects as part of root set at end of initial load.
[2016.07.04-10.13.02:752][  0]LogUObjectAllocator: 5591600 out of 0 bytes used by permanent object pool.
[2016.07.04-10.13.02:752][  0]LogUObjectArray: CloseDisregardForGC: 0/0 objects in disregard for GC pool
[2016.07.04-10.13.02:756][  0]LogInit: WinSock: version 1.1 (2.2), MaxSocks=32767, MaxUdp=65467
[2016.07.04-10.13.02:814][  0]LogSlate: SlateFontCache - WITH_FREETYPE: 1, WITH_HARFBUZZ: 1
[2016.07.04-10.13.02:814][  0]LogSlate: SlateFontCache - WITH_FREETYPE: 1, WITH_HARFBUZZ: 1
[2016.07.04-10.13.02:888][  0]LogStreaming:Warning: Failed to read file '../../../Engine/Content/Editor/Slate/Common/Selection_16x.png' error.
[2016.07.04-10.13.02:888][  0]LogSlate: Could not find file for Slate resource: ../../../Engine/Content/Editor/Slate/Common/Selection_16x.png
[2016.07.04-10.13.02:888][  0]LogStreaming:Warning: Failed to read file '../../../Engine/Content/Editor/Slate/Common/Selection_16x.png' error.
[2016.07.04-10.13.02:888][  0]LogSlate: Could not find file for Slate resource: ../../../Engine/Content/Editor/Slate/Common/Selection_16x.png
[2016.07.04-10.13.02:888][  0]LogStreaming:Warning: Failed to read file '../../../Engine/Content/Editor/Slate/Common/Selection_16x.png' error.
[2016.07.04-10.13.02:888][  0]LogSlate: Could not find file for Slate resource: ../../../Engine/Content/Editor/Slate/Common/Selection_16x.png
[2016.07.04-10.13.03:290][  0]LogUdpMessaging: Initializing bridge on interface 0.0.0.0:0 to multicast group 230.0.0.1:6666.
[2016.07.04-10.13.03:382][  0]LogAssetRegistry: FAssetRegistry took 0.0210 seconds to start up
[2016.07.04-10.13.03:475][  0]SourceControl: Info Source control is disabled
[2016.07.04-10.13.03:476][  0]SourceControl: Info Source control is disabled
[2016.07.04-10.13.03:482][  0]SourceControl: Info Source control is disabled
[2016.07.04-10.13.03:487][  0]SourceControl: Info Source control is disabled
[2016.07.04-10.13.03:562][  0]LogHMD: Failed to initialize OpenVR with code 110
[2016.07.04-10.13.03:615][  0]LogEngine: Initializing Engine...
[2016.07.04-10.13.03:721][  0]LogAIModule: Creating AISystem for world NewWorld
[2016.07.04-10.13.03:726][  0]LogInit: XAudio2 using 'Headset Earphone (Razer Kraken 7.1)' : 2 channels at 44.1 kHz using 16 bits per sample (channel mask 0x3)
[2016.07.04-10.13.03:745][  0]LogInit: FAudioDevice initialized.
[2016.07.04-10.13.03:764][  0]LogDerivedDataCache: Saved boot cache 0.02s 46MB C:/Users/User/AppData/Local/UnrealEngine/4.11/DerivedDataCache/Boot.ddc.
[2016.07.04-10.13.03:769][  0]LogInit: Texture streaming: Enabled
[2016.07.04-10.13.03:785][  0]LogInit: Transaction tracking system initialized
[2016.07.04-10.13.03:800][  0]BlueprintLog: New page: Editor Load
[2016.07.04-10.13.03:848][  0]LocalizationService: Info Localization service is disabled
[2016.07.04-10.13.03:896][  0]LogConsoleResponse:Display: 
[2016.07.04-10.13.03:972][  0]LogCook:Display: Max memory allowance for cook 8192mb
[2016.07.04-10.13.03:972][  0]LogCook:Display: Mobile HDR setting 1
[2016.07.04-10.13.03:972][  0]LogCook:Display: Done creating registry. It took  0.00s.
[2016.07.04-10.13.04:011][  0]LogFileCache: Scanning file cache for directory 'C:/Users/User/Documents/Unreal Projects/MyProject/Content/' took 0.02s
[2016.07.04-10.13.04:011][  0]SourceControl: Info Source control is disabled
[2016.07.04-10.13.04:011][  0]Cmd: MAP LOAD FILE="../../../../../../Users/User/Documents/Unreal Projects/MyProject/Content/FirstPersonBP/Maps/FirstPersonExampleMap.umap" TEMPLATE=0 SHOWPROGRESS=1 FEATURELEVEL=3
[2016.07.04-10.13.04:012][  0]LightingResults: New page: Lighting Build
[2016.07.04-10.13.04:015][  0]MapCheck: New page: Map Check
[2016.07.04-10.13.04:015][  0]LightingResults: New page: Lighting Build
[2016.07.04-10.13.04:375][  0]LogAIModule: Creating AISystem for world FirstPersonExampleMap
[2016.07.04-10.13.04:383][  0]LogEditorServer: Finished looking for orphan Actors (0.000 secs)
[2016.07.04-10.13.04:383][  0]Cmd: MAP CHECKDEP NOCLEARLOG
[2016.07.04-10.13.04:416][  0]MapCheck: Info Map check complete: 0 Error(s), 0 Warning(s), took 32.721ms to complete.
[2016.07.04-10.13.04:416][  0]LogFileHelpers: Loading map 'FirstPersonExampleMap' took 0.405
[2016.07.04-10.13.04:509][  0]LogCollectionManager: Loaded 0 collections in 0.001372 seconds
[2016.07.04-10.13.04:547][  0]LogFileCache: Scanning file cache for directory 'C:/Users/User/Documents/Unreal Projects/MyProject/Saved/Collections/' took 0.01s
[2016.07.04-10.13.04:547][  0]LogFileCache: Scanning file cache for directory 'C:/Users/User/Documents/Unreal Projects/MyProject/Content/Developers/User/Collections/' took 0.01s
[2016.07.04-10.13.04:547][  0]LogFileCache: Scanning file cache for directory 'C:/Users/User/Documents/Unreal Projects/MyProject/Content/Collections/' took 0.01s
[2016.07.04-10.13.04:547][  0]LogCollectionManager: Rebuilt the GUID cache for 0 collections in 0.000002 seconds
[2016.07.04-10.13.04:552][  0]LogContentBrowser: Native class hierarchy populated in 0.0053 seconds. Added 1979 classes and 343 folders.
[2016.07.04-10.13.04:555][  0]LogStats: UGameplayTagsManager::ConstructGameplayTagTree: Construct from data asset -  0.000 s
[2016.07.04-10.13.04:555][  0]LogStats: UGameplayTagsManager::ConstructGameplayTagTree: GameplayTagTreeChangedEvent.Broadcast -  0.000 s
[2016.07.04-10.13.04:556][  0]LogContentBrowser: Native class hierarchy updated for 'GameplayTags' in 0.0003 seconds. Added 12 classes and 0 folders.
[2016.07.04-10.13.04:558][  0]LogContentBrowser: Native class hierarchy updated for 'WidgetCarousel' in 0.0002 seconds. Added 0 classes and 0 folders.
[2016.07.04-10.13.04:562][  0]LogContentBrowser: Native class hierarchy updated for 'SuperSearch' in 0.0003 seconds. Added 1 classes and 2 folders.
[2016.07.04-10.13.04:588][  0]LogContentBrowser: Native class hierarchy updated for 'AddContentDialog' in 0.0003 seconds. Added 0 classes and 0 folders.
[2016.07.04-10.13.04:590][  0]LogContentBrowser: Native class hierarchy updated for 'SceneOutliner' in 0.0002 seconds. Added 1 classes and 2 folders.
[2016.07.04-10.13.04:607][  0]LogCrashTracker: Crashtracker disabled due to settings.
[2016.07.04-10.13.04:611][  0]LogUObjectGlobals:Warning: Failed to find object 'Class None.'
[2016.07.04-10.13.04:636][  0]LogContentBrowser: Native class hierarchy updated for 'HierarchicalLODOutliner' in 0.0003 seconds. Added 1 classes and 2 folders.
[2016.07.04-10.13.04:636][  0]LogLoad: Full Startup: 4.19 seconds (BP compile: 0.07 seconds)
[2016.07.04-10.13.04:636][  0]LogExternalProfiler: Found external profiler: VSPerf
[2016.07.04-10.13.04:636][  0]LogExternalProfiler: Using external profiler: VSPerf
[2016.07.04-10.13.04:645][  0]LogWindowsTextInputMethodSystem:Display: IME system now deactivated.
[2016.07.04-10.13.04:645][  0]LogOcInput: OculusInput pre-init called
[2016.07.04-10.13.04:679][  0]LogContentStreaming: Texture pool size now 1000 MB
[2016.07.04-10.13.04:796][  0]LogRenderer: Reallocating scene render targets to support 1124x632 (Frame:2).
[2016.07.04-10.13.04:853][  1]LogAssetRegistry: Asset discovery search completed in 1.4916 seconds
[2016.07.04-10.13.04:853][  1]LogCollectionManager: Rebuilt the object cache for 0 collections in 0.000001 seconds (found 0 objects)
[2016.07.04-10.13.04:853][  1]LogCollectionManager: Fixed up redirectors for 0 collections in 0.000025 seconds (updated 0 objects)
[2016.07.04-10.18.02:153][262]LogFactory: FactoryCreateBinary: StaticMesh with FbxFactory (0 0 C:\Users\User\Documents\maya\projects\default\scenes\AirlockType3.fbx)
[2016.07.04-10.18.02:158][262]LogFbx: ItemName: GlobalSettings, ItemCount : 1
[2016.07.04-10.18.02:158][262]LogFbx: ItemName: AnimationStack, ItemCount : 1
[2016.07.04-10.18.02:158][262]LogFbx: ItemName: AnimationLayer, ItemCount : 1
[2016.07.04-10.18.02:158][262]LogFbx: ItemName: NodeAttribute, ItemCount : 6
[2016.07.04-10.18.02:158][262]LogFbx: ItemName: Model, ItemCount : 7
[2016.07.04-10.18.02:158][262]LogFbx: ItemName: Geometry, ItemCount : 1
[2016.07.04-10.18.02:158][262]LogFbx: ItemName: Material, ItemCount : 1
[2016.07.04-10.18.02:162][262]LogFbx: Loading FBX Scene from C:\Users\User\Documents\maya\projects\default\scenes\AirlockType3.fbx
[2016.07.04-10.18.02:168][262]LogFbx: FBX Scene Loaded Succesfully
[2016.07.04-10.18.03:835][262]LogFbx: Loading FBX Scene from C:\Users\User\Documents\maya\projects\default\scenes\AirlockType3.fbx
[2016.07.04-10.18.03:842][262]LogFbx: FBX Scene Loaded Succesfully
[2016.07.04-10.18.03:845][262]LogFbx:Warning: Triangulating static mesh pCube89
[2016.07.04-10.18.04:033][262]LogStaticMesh: Building static mesh AirlockType3...
[2016.07.04-10.18.04:059][262]LogStaticMesh: Built static mesh [0.03s] /Game/Assets/AirlockType3.AirlockType3
[2016.07.04-10.18.04:063][262]LogStaticMesh:Warning: AirlockType3 has degenerate tangent bases which will result in incorrect shading.  MikkTSpace relies on tangent bases and may result in mesh corruption, consider disabling this option.
[2016.07.04-10.18.04:066][262]FBXImport:Warning: Warning Warning: No smoothing group information was found in this FBX scene.  Please make sure to enable the 'Export Smoothing Groups' option in the FBX Exporter plug-in before exporting the file.  Even for tools that don't support smoothing groups, the FBX Exporter will generate appropriate smoothing data at export-time so that correct vertex normals can be inferred while importing. 
[2016.07.04-10.18.04:067][262]FBXImport:Warning: Warning AirlockType3 has degenerate tangent bases which will result in incorrect shading.  MikkTSpace relies on tangent bases and may result in mesh corruption, consider disabling this option. 
[2016.07.04-10.18.04:082][262]LogFactory: FactoryCreateBinary: StaticMesh with FbxFactory (0 0 C:\Users\User\Documents\maya\projects\default\scenes\AirlockType2.fbx)
[2016.07.04-10.18.04:089][262]LogFbx: Loading FBX Scene from C:\Users\User\Documents\maya\projects\default\scenes\AirlockType2.fbx
[2016.07.04-10.18.04:095][262]LogFbx: FBX Scene Loaded Succesfully
[2016.07.04-10.18.04:098][262]LogFbx:Warning: Triangulating static mesh pCube88
[2016.07.04-10.18.04:280][262]LogStaticMesh: Building static mesh AirlockType2...
[2016.07.04-10.18.04:304][262]LogStaticMesh: Built static mesh [0.02s] /Game/Assets/AirlockType2.AirlockType2
[2016.07.04-10.18.04:307][262]LogStaticMesh:Warning: AirlockType2 has degenerate tangent bases which will result in incorrect shading.  MikkTSpace relies on tangent bases and may result in mesh corruption, consider disabling this option.
[2016.07.04-10.18.04:310][262]FBXImport:Warning: Warning Warning: No smoothing group information was found in this FBX scene.  Please make sure to enable the 'Export Smoothing Groups' option in the FBX Exporter plug-in before exporting the file.  Even for tools that don't support smoothing groups, the FBX Exporter will generate appropriate smoothing data at export-time so that correct vertex normals can be inferred while importing. 
[2016.07.04-10.18.04:310][262]FBXImport:Warning: Warning AirlockType2 has degenerate tangent bases which will result in incorrect shading.  MikkTSpace relies on tangent bases and may result in mesh corruption, consider disabling this option. 
[2016.07.04-10.18.04:316][262]LogFactory: FactoryCreateBinary: StaticMesh with FbxFactory (0 0 C:\Users\User\Documents\maya\projects\default\scenes\AirlockType1.fbx)
[2016.07.04-10.18.04:326][262]LogFbx: Loading FBX Scene from C:\Users\User\Documents\maya\projects\default\scenes\AirlockType1.fbx
[2016.07.04-10.18.04:331][262]LogFbx: FBX Scene Loaded Succesfully
[2016.07.04-10.18.04:334][262]LogFbx:Warning: Triangulating static mesh pCube87
[2016.07.04-10.18.04:488][262]LogStaticMesh: Building static mesh AirlockType1...
[2016.07.04-10.18.04:490][262]LogMeshUtilities:Warning: Invalid vertex normals found for mesh. Forcing recomputation of vertex normals for MikkTSpace. Fix mesh or disable "Use MikkTSpace Tangent Space" to avoid forced recomputation of normals.
[2016.07.04-10.18.04:525][262]LogStaticMesh: Built static mesh [0.04s] /Game/Assets/AirlockType1.AirlockType1
[2016.07.04-10.18.04:528][262]LogStaticMesh:Warning: AirlockType1 has degenerate tangent bases which will result in incorrect shading.  MikkTSpace relies on tangent bases and may result in mesh corruption, consider disabling this option.
[2016.07.04-10.18.04:535][262]FBXImport:Warning: Warning Warning: No smoothing group information was found in this FBX scene.  Please make sure to enable the 'Export Smoothing Groups' option in the FBX Exporter plug-in before exporting the file.  Even for tools that don't support smoothing groups, the FBX Exporter will generate appropriate smoothing data at export-time so that correct vertex normals can be inferred while importing. 
[2016.07.04-10.18.04:535][262]FBXImport:Warning: Warning AirlockType1 has degenerate tangent bases which will result in incorrect shading.  MikkTSpace relies on tangent bases and may result in mesh corruption, consider disabling this option. 
[2016.07.04-10.18.16:468][191]LogActorFactory: Actor Factory created AirlockType1
[2016.07.04-10.18.16:469][191]LogActorFactory: Actor Factory created AirlockType2
[2016.07.04-10.18.16:469][191]LogActorFactory: Actor Factory created AirlockType3
[2016.07.04-10.18.18:873][478]LogActorFactory: Actor Factory created AirlockType1
[2016.07.04-10.18.19:442][546]LogActorFactory: Actor Factory created AirlockType1
[2016.07.04-10.18.19:764][582]Cmd: CAMERA ALIGN ACTIVEVIEWPORTONLY
[2016.07.04-10.19.32:601][523]LogRenderer: Reallocating scene render targets to support 1124x696 (Frame:5594).
[2016.07.04-10.19.45:371][830]LogEditorTransaction: Undo Translate Collision
[2016.07.04-10.21.54:369][963]LogEditorTransaction: Undo Translate Collision
[2016.07.04-10.21.58:410][315]LogEditorTransaction: Undo Translate Collision
[2016.07.04-10.22.05:873][172]Cmd: TRANSACTION UNDO
[2016.07.04-10.22.05:873][172]LogEditorTransaction: Undo Move Actors
[2016.07.04-10.22.18:256][630]LogEditorViewport: Clicking on Actor (LMB): StaticMeshActor (AirlockType3)
[2016.07.04-10.22.18:969][715]Cmd: DELETE
[2016.07.04-10.22.18:969][715]Cmd: ACTOR DELETE
[2016.07.04-10.22.18:970][715]LogEditorActor: Deleted Actor: StaticMeshActor
[2016.07.04-10.22.18:985][715]LogEditorActor: Deleted 1 Actors (0.016 secs)
[2016.07.04-10.22.19:625][792]LogEditorViewport: Clicking on Actor (LMB): StaticMeshActor (AirlockType2)
[2016.07.04-10.22.32:819][370]Cmd: CAMERA ALIGN ACTIVEVIEWPORTONLY
[2016.07.04-10.23.14:356][328]LogSavePackage: Save=1017.23ms
[2016.07.04-10.23.14:356][328]LogSavePackage: Moving '../../../../../../Users/User/Documents/Unreal Projects/MyProject/Saved/FirstPersonExampleMap_Auto10B9D56414A6568FADA89708760802D3B.tmp' to '../../../../../../Users/User/Documents/Unreal Projects/MyProject/Saved/Autosaves/Game/FirstPersonBP/Maps/FirstPersonExampleMap_Auto1.umap'
[2016.07.04-10.23.14:358][328]LogSavePackage: Total save time: 1034.09ms
[2016.07.04-10.23.14:358][328]LogSavePackage:Display: Finished SavePackage ../../../../../../Users/User/Documents/Unreal Projects/MyProject/Saved/Autosaves/Game/FirstPersonBP/Maps/FirstPersonExampleMap_Auto1.umap
[2016.07.04-10.23.14:361][328]LogFileHelpers: Editor autosave (incl. sublevels) for '/Game/FirstPersonBP/Maps/FirstPersonExampleMap' took 1.047
[2016.07.04-10.23.14:361][328]LogFileHelpers: Editor autosave (incl. sublevels) for all levels took 1.047
[2016.07.04-10.23.14:368][328]OBJ SavePackage: Generating thumbnails for [1] asset(s) in package [/Game/Assets/AirlockType1] ([1] browsable assets)...
[2016.07.04-10.23.14:381][328]OBJ SavePackage:     Rendered thumbnail for [StaticMesh /Game/Assets/AirlockType1.AirlockType1]
[2016.07.04-10.23.14:381][328]OBJ SavePackage: Finished generating thumbnails for package [/Game/Assets/AirlockType1]
[2016.07.04-10.23.14:394][328]LogSavePackage: Save=8.90ms
[2016.07.04-10.23.14:394][328]LogSavePackage: Moving '../../../../../../Users/User/Documents/Unreal Projects/MyProject/Saved/AirlockType1_Auto1750A20AE44F7DDD0BBF7C0A49F49A06E.tmp' to '../../../../../../Users/User/Documents/Unreal Projects/MyProject/Saved/Autosaves/Game/Assets/AirlockType1_Auto1.uasset'
[2016.07.04-10.23.14:395][328]LogSavePackage: Total save time: 12.58ms
[2016.07.04-10.23.14:395][328]LogSavePackage:Display: Finished SavePackage ../../../../../../Users/User/Documents/Unreal Projects/MyProject/Saved/Autosaves/Game/Assets/AirlockType1_Auto1.uasset
[2016.07.04-10.23.14:396][328]OBJ SavePackage: Generating thumbnails for [1] asset(s) in package [/Game/Assets/AirlockType3] ([1] browsable assets)...
[2016.07.04-10.23.14:409][328]OBJ SavePackage:     Rendered thumbnail for [StaticMesh /Game/Assets/AirlockType3.AirlockType3]
[2016.07.04-10.23.14:409][328]OBJ SavePackage: Finished generating thumbnails for package [/Game/Assets/AirlockType3]
[2016.07.04-10.23.14:424][328]LogSavePackage: Save=10.31ms
[2016.07.04-10.23.14:424][328]LogSavePackage: Moving '../../../../../../Users/User/Documents/Unreal Projects/MyProject/Saved/AirlockType3_Auto1E39FDB4442696A3BFA8FBAA8B18072E4.tmp' to '../../../../../../Users/User/Documents/Unreal Projects/MyProject/Saved/Autosaves/Game/Assets/AirlockType3_Auto1.uasset'
[2016.07.04-10.23.14:425][328]LogSavePackage: Total save time: 14.36ms
[2016.07.04-10.23.14:425][328]LogSavePackage:Display: Finished SavePackage ../../../../../../Users/User/Documents/Unreal Projects/MyProject/Saved/Autosaves/Game/Assets/AirlockType3_Auto1.uasset
[2016.07.04-10.23.14:426][328]OBJ SavePackage: Generating thumbnails for [1] asset(s) in package [/Game/Assets/AirlockType2] ([1] browsable assets)...
[2016.07.04-10.23.14:438][328]OBJ SavePackage:     Rendered thumbnail for [StaticMesh /Game/Assets/AirlockType2.AirlockType2]
[2016.07.04-10.23.14:438][328]OBJ SavePackage: Finished generating thumbnails for package [/Game/Assets/AirlockType2]
[2016.07.04-10.23.14:453][328]LogSavePackage: Save=9.92ms
[2016.07.04-10.23.14:453][328]LogSavePackage: Moving '../../../../../../Users/User/Documents/Unreal Projects/MyProject/Saved/AirlockType2_Auto15F65490B453149F52D5045811BD448E1.tmp' to '../../../../../../Users/User/Documents/Unreal Projects/MyProject/Saved/Autosaves/Game/Assets/AirlockType2_Auto1.uasset'
[2016.07.04-10.23.14:454][328]LogSavePackage: Total save time: 14.17ms
[2016.07.04-10.23.14:454][328]LogSavePackage:Display: Finished SavePackage ../../../../../../Users/User/Documents/Unreal Projects/MyProject/Saved/Autosaves/Game/Assets/AirlockType2_Auto1.uasset
[2016.07.04-10.23.14:454][328]LogFileHelpers: Auto-saving content packages took 0.088
[2016.07.04-10.23.59:810][724]LogActorFactory: Actor Factory created AirlockType5
[2016.07.04-10.24.01:491][919]LogActorFactory: Actor Factory created AirlockType5
[2016.07.04-10.24.03:439][150]Cmd: CAMERA ALIGN ACTIVEVIEWPORTONLY
[2016.07.04-10.24.05:809][433]Cmd: DELETE
[2016.07.04-10.24.05:809][433]Cmd: ACTOR DELETE
[2016.07.04-10.24.05:810][433]LogEditorActor: Deleted Actor: StaticMeshActor
[2016.07.04-10.24.05:816][433]LogEditorActor: Deleted 1 Actors (0.007 secs)
[2016.07.04-10.24.11:437][107]LogEditorViewport: Clicking on Actor (LMB): StaticMeshActor (AirlockType1)
[2016.07.04-10.24.13:638][363]Cmd: DELETE
[2016.07.04-10.24.13:638][363]Cmd: ACTOR DELETE
[2016.07.04-10.24.13:638][363]LogEditorActor: Deleted Actor: StaticMeshActor
[2016.07.04-10.24.13:644][363]LogEditorActor: Deleted 1 Actors (0.006 secs)
[2016.07.04-10.25.52:603][319]LogActorFactory: Actor Factory created AirlockType2
[2016.07.04-10.25.53:215][392]LogActorFactory: Actor Factory created AirlockType2
[2016.07.04-10.26.11:632][596]Cmd: CAMERA ALIGN ACTIVEVIEWPORTONLY
[2016.07.04-10.26.58:902][634]Cmd: TRANSACTION UNDO
[2016.07.04-10.26.58:902][634]LogEditorTransaction: Undo Move Actors
[2016.07.04-10.26.59:957][740]LogEditorViewport: Clicking on Actor (LMB): StaticMeshActor (AirlockType3)
[2016.07.04-10.28.08:834][584]LogSavePackage: Save=1038.97ms
[2016.07.04-10.28.08:834][584]LogSavePackage: Moving '../../../../../../Users/User/Documents/Unreal Projects/MyProject/Saved/FirstPersonExampleMap91E94350492A8184F4A4B891FBA0E746.tmp' to '../../../../../../Users/User/Documents/Unreal Projects/MyProject/Content/FirstPersonBP/Maps/FirstPersonExampleMap.umap'
[2016.07.04-10.28.08:843][584]LogSavePackage: Total save time: 1048.72ms
[2016.07.04-10.28.08:843][584]LogSavePackage:Display: Finished SavePackage ../../../../../../Users/User/Documents/Unreal Projects/MyProject/Content/FirstPersonBP/Maps/FirstPersonExampleMap.umap
[2016.07.04-10.28.08:870][584]LogFileHelpers: Saving map 'FirstPersonExampleMap' took 1.121
[2016.07.04-10.28.08:883][584]Cmd: OBJ SAVEPACKAGE PACKAGE="/Game/Assets/AirlockType1" FILE="../../../../../../Users/User/Documents/Unreal Projects/MyProject/Content/Assets/AirlockType1.uasset" SILENT=true
[2016.07.04-10.28.08:889][584]LogSavePackage: Save=3.98ms
[2016.07.04-10.28.08:889][584]LogSavePackage: Moving '../../../../../../Users/User/Documents/Unreal Projects/MyProject/Saved/AirlockType12592614F4EB3930584869C8A1D55D34C.tmp' to '../../../../../../Users/User/Documents/Unreal Projects/MyProject/Content/Assets/AirlockType1.uasset'
[2016.07.04-10.28.08:893][584]LogSavePackage: Total save time: 8.58ms
[2016.07.04-10.28.08:893][584]LogSavePackage:Display: Finished SavePackage ../../../../../../Users/User/Documents/Unreal Projects/MyProject/Content/Assets/AirlockType1.uasset
[2016.07.04-10.28.08:897][584]Cmd: OBJ SAVEPACKAGE PACKAGE="/Game/Assets/AirlockType3" FILE="../../../../../../Users/User/Documents/Unreal Projects/MyProject/Content/Assets/AirlockType3.uasset" SILENT=true
[2016.07.04-10.28.08:903][584]LogSavePackage: Save=4.24ms
[2016.07.04-10.28.08:903][584]LogSavePackage: Moving '../../../../../../Users/User/Documents/Unreal Projects/MyProject/Saved/AirlockType38F82B4914E2A930A0C6C949A89C58690.tmp' to '../../../../../../Users/User/Documents/Unreal Projects/MyProject/Content/Assets/AirlockType3.uasset'
[2016.07.04-10.28.08:905][584]LogSavePackage: Total save time: 7.84ms
[2016.07.04-10.28.08:905][584]LogSavePackage:Display: Finished SavePackage ../../../../../../Users/User/Documents/Unreal Projects/MyProject/Content/Assets/AirlockType3.uasset
[2016.07.04-10.28.08:908][584]Cmd: OBJ SAVEPACKAGE PACKAGE="/Game/Assets/AirlockType2" FILE="../../../../../../Users/User/Documents/Unreal Projects/MyProject/Content/Assets/AirlockType2.uasset" SILENT=true
[2016.07.04-10.28.08:914][584]LogSavePackage: Save=4.07ms
[2016.07.04-10.28.08:914][584]LogSavePackage: Moving '../../../../../../Users/User/Documents/Unreal Projects/MyProject/Saved/AirlockType2E9B2100E4737B30806B45EB9CEB169DC.tmp' to '../../../../../../Users/User/Documents/Unreal Projects/MyProject/Content/Assets/AirlockType2.uasset'
[2016.07.04-10.28.08:916][584]LogSavePackage: Total save time: 6.31ms
[2016.07.04-10.28.08:916][584]LogSavePackage:Display: Finished SavePackage ../../../../../../Users/User/Documents/Unreal Projects/MyProject/Content/Assets/AirlockType2.uasset
[2016.07.04-10.28.11:325][868]LogActorFactory: Actor Factory created AirlockType3
[2016.07.04-10.28.12:336][987]LogActorFactory: Actor Factory created AirlockType3
[2016.07.04-10.28.13:159][ 83]LogEditorViewport: Clicking on Actor (LMB): StaticMeshActor (AirlockType3)
[2016.07.04-10.28.14:498][241]LogEditorViewport: Clicking on Actor (LMB): StaticMeshActor (AirlockType2)
[2016.07.04-10.28.32:901][885]LogEditorViewport: Clicking on Actor (context menu): StaticMeshActor (AirlockType2)
[2016.07.04-10.28.44:589][258]Cmd: PIVOT CENTERSELECTION
[2016.07.04-10.28.47:651][617]Cmd: TRANSACTION UNDO
[2016.07.04-10.28.47:651][617]LogEditorTransaction: Undo Actor Movement
[2016.07.04-10.28.50:264][910]LogEditorViewport: Clicking on Actor (context menu): StaticMeshActor (AirlockType2)
[2016.07.04-10.29.04:385][572]LogEditorViewport: Clicking on Actor (context menu): StaticMeshActor (AirlockType2)
[2016.07.04-10.29.13:306][623]Cmd: ACTOR UNBAKEPREPIVOT
[2016.07.04-10.29.15:439][877]LogEditorViewport: Clicking on Actor (context menu): StaticMeshActor (AirlockType2)
[2016.07.04-10.29.20:898][513]LogEditorViewport: Clicking on Actor (LMB): StaticMeshActor (Floor)
[2016.07.04-10.29.21:839][623]Cmd: TRANSACTION UNDO
[2016.07.04-10.29.21:839][623]LogEditorTransaction: Undo Clicking on Actors
[2016.07.04-10.29.42:611][ 85]LogEditorViewport: Clicking on Actor (context menu): StaticMeshActor (AirlockType2)
[2016.07.04-10.29.45:505][423]Cmd: ACTOR BAKEPREPIVOT
[2016.07.04-10.29.46:548][541]LogEditorViewport: Clicking on Actor (LMB): StaticMeshActor (Floor)
[2016.07.04-10.29.47:047][598]LogEditorViewport: Clicking on Actor (LMB): StaticMeshActor (AirlockType2)
[2016.07.04-10.29.48:511][770]LogEditorViewport: Clicking on Actor (LMB): StaticMeshActor (AirlockType3)
[2016.07.04-10.29.54:633][500]Cmd: CAMERA ALIGN ACTIVEVIEWPORTONLY
[2016.07.04-10.30.00:900][251]LogEditorViewport: Clicking on Actor (context menu): StaticMeshActor (AirlockType3)
[2016.07.04-10.30.03:848][589]Cmd: ACTOR BAKEPREPIVOT
[2016.07.04-10.30.05:603][668]LogSavePackage: Save=1012.30ms
[2016.07.04-10.30.05:603][668]LogSavePackage: Moving '../../../../../../Users/User/Documents/Unreal Projects/MyProject/Saved/FirstPersonExampleMapEAB5F8644A320E80C928FD97F18C50C8.tmp' to '../../../../../../Users/User/Documents/Unreal Projects/MyProject/Content/FirstPersonBP/Maps/FirstPersonExampleMap.umap'
[2016.07.04-10.30.05:607][668]LogSavePackage: Total save time: 1035.15ms
[2016.07.04-10.30.05:607][668]LogSavePackage:Display: Finished SavePackage ../../../../../../Users/User/Documents/Unreal Projects/MyProject/Content/FirstPersonBP/Maps/FirstPersonExampleMap.umap
[2016.07.04-10.30.05:633][668]LogFileHelpers: Saving map 'FirstPersonExampleMap' took 1.103
[2016.07.04-10.34.30:429][629]LogActorFactory: Actor Factory created AirlockType3
[2016.07.04-10.34.31:511][757]LogActorFactory: Actor Factory created AirlockType3
[2016.07.04-10.34.33:607][  5]LogEditorViewport: Clicking on Actor (LMB): StaticMeshActor (AirlockType3)
[2016.07.04-10.34.35:188][192]LogEditorViewport: Clicking on Actor (LMB): TextRenderActor (TemplateLabel)
[2016.07.04-10.34.35:624][241]Cmd: TRANSACTION UNDO
[2016.07.04-10.34.35:624][241]LogEditorTransaction: Undo Clicking on Actors
[2016.07.04-10.34.35:914][268]Cmd: TRANSACTION UNDO
[2016.07.04-10.34.35:914][268]LogEditorTransaction: Undo Clicking on Actors
[2016.07.04-10.34.37:045][388]Cmd: DELETE
[2016.07.04-10.34.37:045][388]Cmd: ACTOR DELETE
[2016.07.04-10.34.37:045][388]LogEditorActor: Deleted Actor: StaticMeshActor
[2016.07.04-10.34.37:053][388]LogEditorActor: Deleted 1 Actors (0.008 secs)
[2016.07.04-10.34.38:049][508]LogEditorViewport: Clicking on Actor (LMB): StaticMeshActor (Floor)
[2016.07.04-10.34.38:402][547]LogEditorViewport: Clicking on Actor (LMB): StaticMeshActor (AirlockType4)
[2016.07.04-10.34.39:131][631]Cmd: DELETE
[2016.07.04-10.34.39:131][631]Cmd: ACTOR DELETE
[2016.07.04-10.34.39:132][631]LogEditorActor: Deleted Actor: StaticMeshActor
[2016.07.04-10.34.39:137][631]LogEditorActor: Deleted 1 Actors (0.006 secs)
[2016.07.04-10.34.42:288][  6]LogActorFactory: Actor Factory created AirlockType54
[2016.07.04-10.34.42:702][ 55]LogActorFactory: Actor Factory created AirlockType54
[2016.07.04-10.34.43:563][156]Cmd: DELETE
[2016.07.04-10.34.43:563][156]Cmd: ACTOR DELETE
[2016.07.04-10.34.43:563][156]LogEditorActor: Deleted Actor: StaticMeshActor
[2016.07.04-10.34.43:569][156]LogEditorActor: Deleted 1 Actors (0.006 secs)
[2016.07.04-10.34.46:611][517]LogEditorViewport: Clicking on Actor (LMB): StaticMeshActor (AirlockType3)
[2016.07.04-10.35.01:200][989]LogEditorViewport: Clicking on Actor (LMB): StaticMeshActor (AirlockType3)
[2016.07.04-10.35.27:817][167]LogActorComponent: UnregisterComponent: (/Engine/Transient.CharMoveComp) Not registered. Aborting.
[2016.07.04-10.35.27:817][167]LogActorComponent: UnregisterComponent: (/Engine/Transient.ProjectileMovementComponent_40__A6522401) Not registered. Aborting.
[2016.07.04-10.35.28:144][167]LogContentBrowser: Native class hierarchy updated for 'BlueprintGraph' in 0.0005 seconds. Added 108 classes and 0 folders.
[2016.07.04-10.35.28:547][167]LogTexture:Display: Building textures: TilePatine_N (BC5)
[2016.07.04-10.35.28:576][167]LogTexture:Display: Building textures: TilePatine_D (AutoDXT)
[2016.07.04-10.35.28:783][167]LogTexture:Display: Building textures: Blueprint_64x (BGRA8)
[2016.07.04-10.35.45:959][917]Cmd: OBJ SAVEPACKAGE PACKAGE="/Game/AirlockType3_Blueprint" FILE="../../../../../../Users/User/Documents/Unreal Projects/MyProject/Content/AirlockType3_Blueprint.uasset" SILENT=true
[2016.07.04-10.35.45:979][917]LogSavePackage: Save=18.77ms
[2016.07.04-10.35.45:979][917]LogSavePackage: Moving '../../../../../../Users/User/Documents/Unreal Projects/MyProject/Saved/AirlockType3_Blueprint6AC07DB247AA2D49DBE527981C48DA9B.tmp' to '../../../../../../Users/User/Documents/Unreal Projects/MyProject/Content/AirlockType3_Blueprint.uasset'
[2016.07.04-10.35.45:981][917]LogSavePackage: Total save time: 20.99ms
[2016.07.04-10.35.45:981][917]LogSavePackage:Display: Finished SavePackage ../../../../../../Users/User/Documents/Unreal Projects/MyProject/Content/AirlockType3_Blueprint.uasset
[2016.07.04-10.35.47:078][917]LogSavePackage: Save=1029.03ms
[2016.07.04-10.35.47:078][917]LogSavePackage: Moving '../../../../../../Users/User/Documents/Unreal Projects/MyProject/Saved/FirstPersonExampleMap2903A57C4BB16D4B2867C8A27BC9BDA0.tmp' to '../../../../../../Users/User/Documents/Unreal Projects/MyProject/Content/FirstPersonBP/Maps/FirstPersonExampleMap.umap'
[2016.07.04-10.35.47:082][917]LogSavePackage: Total save time: 1046.42ms
[2016.07.04-10.35.47:082][917]LogSavePackage:Display: Finished SavePackage ../../../../../../Users/User/Documents/Unreal Projects/MyProject/Content/FirstPersonBP/Maps/FirstPersonExampleMap.umap
[2016.07.04-10.35.47:111][917]LogFileHelpers: Saving map 'FirstPersonExampleMap' took 1.127
[2016.07.04-10.35.47:381][918]Cmd: QUIT_EDITOR
[2016.07.04-10.35.47:473][918]LogWindowsTextInputMethodSystem:Display: IME system now deactivated.
[2016.07.04-10.35.47:504][918]LogExit: Preparing to exit.
[2016.07.04-10.35.47:798][918]LogExit: Editor shut down
[2016.07.04-10.35.47:799][918]LogExit: Transaction tracking system shut down
[2016.07.04-10.35.48:020][918]LogObj: Freed 0b from 0 cluster array pools.
[2016.07.04-10.35.48:020][918]LogExit: Object subsystem successfully closed.
[2016.07.04-10.35.48:036][918]LogD3D11RHI: Shutdown
[2016.07.04-10.35.48:036][918]LogD3D11RHI: CleanupD3DDevice
[2016.07.04-10.35.48:085][918]LogD3D11RHI: ~FD3D11DynamicRHI
[2016.07.04-10.35.48:184][918]LogDerivedDataCache: Shutdown
[2016.07.04-10.35.48:185][918]LogModuleManager: Shutting down and abandoning module BlueprintGraph (206)
[2016.07.04-10.35.48:185][918]LogModuleManager: Shutting down and abandoning module StaticMeshEditor (205)
[2016.07.04-10.35.48:185][918]LogModuleManager: Shutting down and abandoning module HierarchicalLODOutliner (204)
[2016.07.04-10.35.48:185][918]LogModuleManager: Shutting down and abandoning module CrashTracker (203)
[2016.07.04-10.35.48:185][918]LogModuleManager: Shutting down and abandoning module SceneOutliner (202)
[2016.07.04-10.35.48:185][918]LogModuleManager: Shutting down and abandoning module SuperSearch (201)
[2016.07.04-10.35.48:185][918]LogModuleManager: Shutting down and abandoning module WidgetCarousel (200)
[2016.07.04-10.35.48:185][918]LogModuleManager: Shutting down and abandoning module AddContentDialog (199)
[2016.07.04-10.35.48:192][918]LogModuleManager: Shutting down and abandoning module GameplayTags (198)
[2016.07.04-10.35.48:192][918]LogModuleManager: Shutting down and abandoning module EditorWidgets (197)
[2016.07.04-10.35.48:192][918]LogModuleManager: Shutting down and abandoning module CollectionManager (196)
[2016.07.04-10.35.48:192][918]LogModuleManager: Shutting down and abandoning module StatsViewer (195)
[2016.07.04-10.35.48:192][918]LogModuleManager: Shutting down and abandoning module FoliageEdit (194)
[2016.07.04-10.35.48:192][918]LogModuleManager: Shutting down and abandoning module LandscapeEditor (193)
[2016.07.04-10.35.48:193][918]LogModuleManager: Shutting down and abandoning module ActorPickerMode (192)
[2016.07.04-10.35.48:193][918]LogModuleManager: Shutting down and abandoning module GeometryMode (191)
[2016.07.04-10.35.48:193][918]LogModuleManager: Shutting down and abandoning module TextureAlignMode (190)
[2016.07.04-10.35.48:193][918]LogModuleManager: Shutting down and abandoning module BspMode (189)
[2016.07.04-10.35.48:193][918]LogModuleManager: Shutting down and abandoning module PlacementMode (188)
[2016.07.04-10.35.48:193][918]LogModuleManager: Shutting down and abandoning module AutomationWorker (187)
[2016.07.04-10.35.48:193][918]LogModuleManager: Shutting down and abandoning module CharacterAI (186)
[2016.07.04-10.35.48:193][918]LogModuleManager: Shutting down and abandoning module SmartSnapping (185)
[2016.07.04-10.35.48:193][918]LogModuleManager: Shutting down and abandoning module ViewportSnapping (184)
[2016.07.04-10.35.48:193][918]LogModuleManager: Shutting down and abandoning module LogVisualizer (183)
[2016.07.04-10.35.48:194][918]LogModuleManager: Shutting down and abandoning module GameProjectGeneration (182)
[2016.07.04-10.35.48:194][918]LogModuleManager: Shutting down and abandoning module IntroTutorials (181)
[2016.07.04-10.35.48:194][918]LogModuleManager: Shutting down and abandoning module EditorLiveStreaming (180)
[2016.07.04-10.35.48:194][918]LogModuleManager: Shutting down and abandoning module IOSPlatformEditor (179)
[2016.07.04-10.35.48:194][918]LogModuleManager: Shutting down and abandoning module HTML5PlatformEditor (178)
[2016.07.04-10.35.48:194][918]LogModuleManager: Shutting down and abandoning module AndroidDeviceDetection (177)
[2016.07.04-10.35.48:229][918]LogModuleManager: Shutting down and abandoning module AndroidPlatformEditor (176)
[2016.07.04-10.35.48:229][918]LogModuleManager: Shutting down and abandoning module IOSRuntimeSettings (175)
[2016.07.04-10.35.48:229][918]LogModuleManager: Shutting down and abandoning module AndroidRuntimeSettings (174)
[2016.07.04-10.35.48:229][918]LogModuleManager: Shutting down and abandoning module MergeActors (173)
[2016.07.04-10.35.48:229][918]LogModuleManager: Shutting down and abandoning module SizeMap (172)
[2016.07.04-10.35.48:229][918]LogModuleManager: Shutting down and abandoning module TreeMap (171)
[2016.07.04-10.35.48:229][918]LogModuleManager: Shutting down and abandoning module ReferenceViewer (170)
[2016.07.04-10.35.48:229][918]LogModuleManager: Shutting down and abandoning module LocalizationService (169)
[2016.07.04-10.35.48:229][918]LogModuleManager: Shutting down and abandoning module LocalizationDashboard (168)
[2016.07.04-10.35.48:229][918]LogModuleManager: Shutting down and abandoning module HardwareTargeting (167)
[2016.07.04-10.35.48:229][918]LogModuleManager: Shutting down and abandoning module DeviceProfileEditor (166)
[2016.07.04-10.35.48:229][918]LogModuleManager: Shutting down and abandoning module UndoHistory (165)
[2016.07.04-10.35.48:229][918]LogModuleManager: Shutting down and abandoning module UserFeedback (164)
[2016.07.04-10.35.48:230][918]LogModuleManager: Shutting down and abandoning module XmlParser (163)
[2016.07.04-10.35.48:230][918]LogModuleManager: Shutting down and abandoning module Blutility (162)
[2016.07.04-10.35.48:230][918]LogModuleManager: Shutting down and abandoning module ProjectTargetPlatformEditor (161)
[2016.07.04-10.35.48:230][918]LogModuleManager: Shutting down and abandoning module ProjectSettingsViewer (160)
[2016.07.04-10.35.48:230][918]LogModuleManager: Shutting down and abandoning module InputBindingEditor (159)
[2016.07.04-10.35.48:230][918]LogModuleManager: Shutting down and abandoning module EditorSettingsViewer (158)
[2016.07.04-10.35.48:230][918]LogModuleManager: Shutting down and abandoning module SettingsEditor (157)
[2016.07.04-10.35.48:230][918]LogModuleManager: Shutting down and abandoning module ProjectLauncher (156)
[2016.07.04-10.35.48:230][918]LogModuleManager: Shutting down and abandoning module SessionFrontend (155)
[2016.07.04-10.35.48:230][918]LogModuleManager: Shutting down and abandoning module ProfilerClient (154)
[2016.07.04-10.35.48:230][918]LogModuleManager: Shutting down and abandoning module TargetDeviceServices (153)
[2016.07.04-10.35.48:231][918]LogModuleManager: Shutting down and abandoning module DeviceManager (152)
[2016.07.04-10.35.48:272][918]LogModuleManager: Shutting down and abandoning module AutomationController (151)
[2016.07.04-10.35.48:272][918]LogModuleManager: Shutting down and abandoning module AutomationWindow (150)
[2016.07.04-10.35.48:272][918]LogModuleManager: Shutting down and abandoning module Layers (149)
[2016.07.04-10.35.48:272][918]LogModuleManager: Shutting down and abandoning module ComponentVisualizers (148)
[2016.07.04-10.35.48:272][918]LogModuleManager: Shutting down and abandoning module DetailCustomizations (147)
[2016.07.04-10.35.48:272][918]LogModuleManager: Shutting down and abandoning module PackagesDialog (146)
[2016.07.04-10.35.48:273][918]LogModuleManager: Shutting down and abandoning module Persona (145)
[2016.07.04-10.35.48:273][918]LogModuleManager: Shutting down and abandoning module Kismet (144)
[2016.07.04-10.35.48:273][918]LogModuleManager: Shutting down and abandoning module GraphEditor (143)
[2016.07.04-10.35.48:273][918]LogModuleManager: Shutting down and abandoning module ClassViewer (142)
[2016.07.04-10.35.48:276][918]LogModuleManager: Shutting down and abandoning module Toolbox (141)
[2016.07.04-10.35.48:276][918]LogModuleManager: Shutting down and abandoning module ModuleUI (140)
[2016.07.04-10.35.48:276][918]LogModuleManager: Shutting down and abandoning module MovieSceneTools (139)
[2016.07.04-10.35.48:276][918]LogModuleManager: Shutting down and abandoning module OutputLog (138)
[2016.07.04-10.35.48:276][918]LogModuleManager: Shutting down and abandoning module GammaUI (137)
[2016.07.04-10.35.48:276][918]LogModuleManager: Shutting down and abandoning module Documentation (136)
[2016.07.04-10.35.48:276][918]LogModuleManager: Shutting down and abandoning module StreamingPauseRendering (135)
[2016.07.04-10.35.48:276][918]LogModuleManager: Shutting down and abandoning module AnalyticsET (134)
[2016.07.04-10.35.48:276][918]LogModuleManager: Shutting down and abandoning module Analytics (133)
[2016.07.04-10.35.48:276][918]LogModuleManager: Shutting down and abandoning module PortalServices (132)
[2016.07.04-10.35.48:276][918]LogModuleManager: Shutting down and abandoning module PortalRpc (131)
[2016.07.04-10.35.48:276][918]LogModuleManager: Shutting down and abandoning module MessagingRpc (130)
[2016.07.04-10.35.48:276][918]LogModuleManager: Shutting down and abandoning module AITestSuite (129)
[2016.07.04-10.35.48:276][918]LogModuleManager: Shutting down and abandoning module GameplayDebugger (128)
[2016.07.04-10.35.48:276][918]LogModuleManager: Shutting down and abandoning module AIModule (127)
[2016.07.04-10.35.48:276][918]LogModuleManager: Shutting down and abandoning module ProfilerService (126)
[2016.07.04-10.35.48:336][918]LogModuleManager: Shutting down and abandoning module TaskGraph (125)
[2016.07.04-10.35.48:336][918]LogModuleManager: Shutting down and abandoning module SlateRemote (124)
[2016.07.04-10.35.48:336][918]LogModuleManager: Shutting down and abandoning module SteamVRController (123)
[2016.07.04-10.35.48:336][918]LogModuleManager: Shutting down and abandoning module SteamVR (122)
[2016.07.04-10.35.48:336][918]LogModuleManager: Shutting down and abandoning module ProceduralMeshComponent (121)
[2016.07.04-10.35.48:336][918]LogModuleManager: Shutting down and abandoning module OculusLibrary (120)
[2016.07.04-10.35.48:336][918]LogModuleManager: Shutting down and abandoning module OculusInput (119)
[2016.07.04-10.35.48:336][918]LogModuleManager: Shutting down and abandoning module CustomMeshComponent (118)
[2016.07.04-10.35.48:336][918]LogModuleManager: Shutting down and abandoning module CableComponent (117)
[2016.07.04-10.35.48:336][918]LogModuleManager: Shutting down and abandoning module ArchVisCharacter (116)
[2016.07.04-10.35.48:336][918]LogModuleManager: Shutting down and abandoning module MediaPlayerEditor (115)
[2016.07.04-10.35.48:336][918]LogModuleManager: Shutting down and abandoning module HTML5Networking (114)
[2016.07.04-10.35.48:336][918]LogModuleManager: Shutting down and abandoning module SpeedTreeImporter (113)
[2016.07.04-10.35.48:336][918]LogModuleManager: Shutting down and abandoning module PluginBrowser (112)
[2016.07.04-10.35.48:336][918]LogModuleManager: Shutting down and abandoning module EpicSurvey (111)
[2016.07.04-10.35.48:336][918]LogModuleManager: Shutting down and abandoning module DesktopPlatform (110)
[2016.07.04-10.35.48:337][918]LogModuleManager: Shutting down and abandoning module VisualStudioSourceCodeAccess (109)
[2016.07.04-10.35.48:337][918]LogModuleManager: Shutting down and abandoning module UObjectPlugin (108)
[2016.07.04-10.35.48:337][918]LogModuleManager: Shutting down and abandoning module SubversionSourceControl (107)
[2016.07.04-10.35.48:337][918]LogModuleManager: Shutting down and abandoning module PerforceSourceControl (106)
[2016.07.04-10.35.48:337][918]LogModuleManager: Shutting down and abandoning module SourceControl (105)
[2016.07.04-10.35.48:337][918]LogModuleManager: Shutting down and abandoning module GitSourceControl (104)
[2016.07.04-10.35.48:337][918]LogModuleManager: Shutting down and abandoning module LightPropagationVolumeEditor (103)
[2016.07.04-10.35.48:337][918]LogModuleManager: Shutting down and abandoning module PaperTiledImporter (102)
[2016.07.04-10.35.48:337][918]LogModuleManager: Shutting down and abandoning module PaperSpriteSheetImporter (101)
[2016.07.04-10.35.48:337][918]LogModuleManager: Shutting down and abandoning module MeshPaint (100)
[2016.07.04-10.35.48:337][918]LogModuleManager: Shutting down and abandoning module HotReload (99)
[2016.07.04-10.35.48:338][918]LogModuleManager: Shutting down and abandoning module MainFrame (98)
[2016.07.04-10.35.48:338][918]LogModuleManager: Shutting down and abandoning module LevelEditor (97)
[2016.07.04-10.35.48:340][918]LogModuleManager: Shutting down and abandoning module DirectoryWatcher (96)
[2016.07.04-10.35.48:345][918]LogModuleManager: Shutting down and abandoning module AssetRegistry (95)
[2016.07.04-10.35.48:470][918]LogModuleManager: Shutting down and abandoning module ContentBrowser (94)
[2016.07.04-10.35.48:471][918]LogModuleManager: Shutting down and abandoning module Paper2DEditor (93)
[2016.07.04-10.35.48:471][918]LogModuleManager: Shutting down and abandoning module UdpMessaging (92)
[2016.07.04-10.35.48:571][918]LogModuleManager: Shutting down and abandoning module LightPropagationVolumeRuntime (91)
[2016.07.04-10.35.48:571][918]LogModuleManager: Shutting down and abandoning module Paper2D (90)
[2016.07.04-10.35.48:571][918]LogModuleManager: Shutting down and abandoning module WindowsMoviePlayer (89)
[2016.07.04-10.35.48:571][918]LogModuleManager: Shutting down and abandoning module Media (88)
[2016.07.04-10.35.48:571][918]LogModuleManager: Shutting down and abandoning module WmfMedia (87)
[2016.07.04-10.35.48:572][918]LogModuleManager: Shutting down and abandoning module MediaAssets (86)
[2016.07.04-10.35.48:572][918]LogModuleManager: Shutting down and abandoning module GameLiveStreaming (85)
[2016.07.04-10.35.48:572][918]LogModuleManager: Shutting down and abandoning module GameplayTagsEditor (84)
[2016.07.04-10.35.48:572][918]LogModuleManager: Shutting down and abandoning module OnlineBlueprintSupport (83)
[2016.07.04-10.35.48:572][918]LogModuleManager: Shutting down and abandoning module GameplayTasksEditor (82)
[2016.07.04-10.35.48:572][918]LogModuleManager: Shutting down and abandoning module PropertyEditor (81)
[2016.07.04-10.35.48:572][918]LogModuleManager: Shutting down and abandoning module BehaviorTreeEditor (80)
[2016.07.04-10.35.48:572][918]LogModuleManager: Shutting down and abandoning module FunctionalTesting (79)
[2016.07.04-10.35.48:572][918]LogModuleManager: Shutting down and abandoning module CollisionAnalyzer (78)
[2016.07.04-10.35.48:572][918]LogModuleManager: Shutting down and abandoning module WorkspaceMenuStructure (77)
[2016.07.04-10.35.48:572][918]LogModuleManager: Shutting down and abandoning module MessageLog (76)
[2016.07.04-10.35.48:572][918]LogModuleManager: Shutting down and abandoning module Sequencer (75)
[2016.07.04-10.35.48:572][918]LogModuleManager: Shutting down and abandoning module AssetTools (74)
[2016.07.04-10.35.48:572][918]LogModuleManager: Shutting down and abandoning module UMGEditor (73)
[2016.07.04-10.35.48:572][918]LogModuleManager: Shutting down and abandoning module UMG (72)
[2016.07.04-10.35.48:572][918]LogModuleManager: Shutting down and abandoning module SlateReflector (71)
[2016.07.04-10.35.48:572][918]LogModuleManager: Shutting down and abandoning module Slate (70)
[2016.07.04-10.35.48:572][918]LogModuleManager: Shutting down and abandoning module EditorStyle (69)
[2016.07.04-10.35.48:576][918]LogModuleManager: Shutting down and abandoning module SessionServices (68)
[2016.07.04-10.35.48:576][918]LogModuleManager: Shutting down and abandoning module SourceCodeAccess (67)
[2016.07.04-10.35.48:576][918]LogModuleManager: Shutting down and abandoning module HeadMountedDisplay (66)
[2016.07.04-10.35.48:576][918]LogModuleManager: Shutting down and abandoning module XAudio2 (65)
[2016.07.04-10.35.48:576][918]LogModuleManager: Shutting down and abandoning module Networking (63)
[2016.07.04-10.35.48:576][918]LogModuleManager: Shutting down and abandoning module Core (62)
[2016.07.04-10.35.48:576][918]LogModuleManager: Shutting down and abandoning module KismetCompiler (61)
[2016.07.04-10.35.48:576][918]LogModuleManager: Shutting down and abandoning module PhysXFormats (60)
[2016.07.04-10.35.48:577][918]LogModuleManager: Shutting down and abandoning module MeshUtilities (59)
[2016.07.04-10.35.48:577][918]LogModuleManager: Shutting down and abandoning module CookingStats (58)
[2016.07.04-10.35.48:577][918]LogModuleManager: Shutting down and abandoning module DerivedDataCache (57)
[2016.07.04-10.35.48:577][918]LogDerivedDataCache: Shutdown
[2016.07.04-10.35.48:577][918]LogModuleManager: Shutting down and abandoning module ShaderFormatOpenGL (56)
[2016.07.04-10.35.48:577][918]LogModuleManager: Shutting down and abandoning module ShaderFormatD3D (55)
[2016.07.04-10.35.48:577][918]LogModuleManager: Shutting down and abandoning module MetalShaderFormat (54)
[2016.07.04-10.35.48:577][918]LogModuleManager: Shutting down and abandoning module TextureFormatUncompressed (53)
[2016.07.04-10.35.48:577][918]LogModuleManager: Shutting down and abandoning module TextureFormatPVR (52)
[2016.07.04-10.35.48:577][918]LogModuleManager: Shutting down and abandoning module TextureFormatIntelISPCTexComp (51)
[2016.07.04-10.35.48:577][918]LogModuleManager: Shutting down and abandoning module TextureFormatDXT (50)
[2016.07.04-10.35.48:577][918]LogModuleManager: Shutting down and abandoning module ImageWrapper (49)
[2016.07.04-10.35.48:577][918]LogModuleManager: Shutting down and abandoning module TextureFormatASTC (48)
[2016.07.04-10.35.48:577][918]LogModuleManager: Shutting down and abandoning module TextureFormatAndroid (47)
[2016.07.04-10.35.48:577][918]LogModuleManager: Shutting down and abandoning module AudioFormatOpus (46)
[2016.07.04-10.35.48:577][918]LogModuleManager: Shutting down and abandoning module AudioFormatOgg (45)
[2016.07.04-10.35.48:577][918]LogModuleManager: Shutting down and abandoning module AudioFormatADPCM (44)
[2016.07.04-10.35.48:577][918]LogModuleManager: Shutting down and abandoning module LinuxTargetPlatform (43)
[2016.07.04-10.35.48:577][918]LogModuleManager: Shutting down and abandoning module LinuxServerTargetPlatform (42)
[2016.07.04-10.35.48:577][918]LogModuleManager: Shutting down and abandoning module LinuxNoEditorTargetPlatform (41)
[2016.07.04-10.35.48:577][918]LogModuleManager: Shutting down and abandoning module TVOSTargetPlatform (40)
[2016.07.04-10.35.48:577][918]LogModuleManager: Shutting down and abandoning module Messaging (39)
[2016.07.04-10.35.48:577][918]LogModuleManager: Shutting down and abandoning module IOSTargetPlatform (38)
[2016.07.04-10.35.48:577][918]LogModuleManager: Shutting down and abandoning module HTML5TargetPlatform (37)
[2016.07.04-10.35.48:577][918]LogModuleManager: Shutting down and abandoning module Android_PVRTCTargetPlatform (36)
[2016.07.04-10.35.48:577][918]LogModuleManager: Shutting down and abandoning module Android_MultiTargetPlatform (35)
[2016.07.04-10.35.48:577][918]LogModuleManager: Shutting down and abandoning module Android_ETC2TargetPlatform (34)
[2016.07.04-10.35.48:577][918]LogModuleManager: Shutting down and abandoning module Android_ETC1TargetPlatform (33)
[2016.07.04-10.35.48:577][918]LogModuleManager: Shutting down and abandoning module Android_DXTTargetPlatform (32)
[2016.07.04-10.35.48:577][918]LogModuleManager: Shutting down and abandoning module Android_ATCTargetPlatform (31)
[2016.07.04-10.35.48:577][918]LogModuleManager: Shutting down and abandoning module Android_ASTCTargetPlatform (30)
[2016.07.04-10.35.48:577][918]LogModuleManager: Shutting down and abandoning module AndroidTargetPlatform (29)
[2016.07.04-10.35.48:577][918]LogModuleManager: Shutting down and abandoning module WindowsTargetPlatform (28)
[2016.07.04-10.35.48:577][918]LogModuleManager: Shutting down and abandoning module WindowsServerTargetPlatform (27)
[2016.07.04-10.35.48:578][918]LogModuleManager: Shutting down and abandoning module WindowsNoEditorTargetPlatform (26)
[2016.07.04-10.35.48:578][918]LogModuleManager: Shutting down and abandoning module WindowsClientTargetPlatform (25)
[2016.07.04-10.35.48:578][918]LogModuleManager: Shutting down and abandoning module AllDesktopTargetPlatform (24)
[2016.07.04-10.35.48:578][918]LogModuleManager: Shutting down and abandoning module TargetPlatform (23)
[2016.07.04-10.35.48:578][918]LogModuleManager: Shutting down and abandoning module InputCore (22)
[2016.07.04-10.35.48:578][918]LogModuleManager: Shutting down and abandoning module Settings (21)
[2016.07.04-10.35.48:578][918]LogModuleManager: Shutting down and abandoning module OnlineSubsystem (19)
[2016.07.04-10.35.48:578][918]LogModuleManager: Shutting down and abandoning module HTTP (18)
[2016.07.04-10.35.50:580][918]LogModuleManager: Shutting down and abandoning module XMPP (17)
[2016.07.04-10.35.50:580][918]LogModuleManager: Shutting down and abandoning module OculusRift (16)
[2016.07.04-10.35.50:580][918]LogModuleManager: Shutting down and abandoning module ExampleDeviceProfileSelector (15)
[2016.07.04-10.35.50:580][918]LogModuleManager: Shutting down and abandoning module TextureCompressor (14)
[2016.07.04-10.35.50:580][918]LogModuleManager: Shutting down and abandoning module ShaderCore (13)
[2016.07.04-10.35.50:580][918]LogModuleManager: Shutting down and abandoning module Landscape (12)
[2016.07.04-10.35.50:580][918]LogModuleManager: Shutting down and abandoning module SlateRHIRenderer (11)
[2016.07.04-10.35.50:586][918]LogModuleManager: Shutting down and abandoning module OpenGLDrv (10)
[2016.07.04-10.35.50:587][918]LogModuleManager: Shutting down and abandoning module D3D11RHI (9)
[2016.07.04-10.35.50:587][918]LogModuleManager: Shutting down and abandoning module AnimGraphRuntime (8)
[2016.07.04-10.35.50:587][918]LogModuleManager: Shutting down and abandoning module Renderer (7)
[2016.07.04-10.35.50:587][918]LogModuleManager: Shutting down and abandoning module Engine (6)
[2016.07.04-10.35.50:587][918]LogModuleManager: Shutting down and abandoning module CoreUObject (5)
[2016.07.04-10.35.50:587][918]LogModuleManager: Shutting down and abandoning module NetworkFile (4)
[2016.07.04-10.35.50:587][918]LogModuleManager: Shutting down and abandoning module StreamingFile (3)
[2016.07.04-10.35.50:587][918]LogModuleManager: Shutting down and abandoning module SandboxFile (2)
[2016.07.04-10.35.50:587][918]LogModuleManager: Shutting down and abandoning module PakFile (1)
[2016.07.04-10.35.50:591][918]LogExit: Exiting.
[2016.07.04-10.35.50:636][918]Log file closed, 07/04/16 20:35:50
