Log file open, 07/06/16 18:17:33
LogInit:Display: Running engine for game: MyProject
LogPlatformFile: Not using cached read wrapper
LogInit:Display: RandInit(-768885659) SRandInit(-768885657).
LogTaskGraph: Started task graph with 4 named threads and 7 total threads.
LogStats: Stats thread started at 0.088924
LogInit: Version: 4.11.2-2946394+++UE4+Release-4.11
LogInit: API Version: 2927265
LogInit: Compiled (64-bit): Apr 18 2016 02:18:46
LogInit: Compiled with Visual C++: 19.00.23026.00
LogInit: Build Configuration: Development
LogInit: Branch Name: ++UE4+Release-4.11
LogInit: Command line:  
LogInit: Base directory: C:/Program Files (x86)/Epic Games/4.11/Engine/Binaries/Win64/
LogInit: Installed Engine Build: 1
LogInit: Using libcurl 7.41.0
LogInit:  - built for x86_64-pc-win32
LogInit:  - supports SSL with WinSSL
LogInit:  - other features:
LogInit:      CURL_VERSION_SSL
LogInit:      CURL_VERSION_IPV6
LogInit:      CURL_VERSION_ASYNCHDNS
LogInit:      CURL_VERSION_LARGEFILE
LogInit:      CURL_VERSION_IDN
LogInit:  CurlRequestOptions (configurable via config and command line):
LogInit:  - bVerifyPeer = true  - Libcurl will verify peer certificate
LogInit:  - bUseHttpProxy = false  - Libcurl will NOT use HTTP proxy
LogInit:  - bDontReuseConnections = false  - Libcurl will reuse connections
LogInit:  - CertBundlePath = nullptr  - Libcurl will use whatever was configured at build time.
LogInit: Presizing for max 16777216 objects, including 0 objects not considered by GC, pre-allocating 0 bytes for permanent pool.
LogInit: Object subsystem initialized
[2016.07.06-08.17.33:925][  0]LogInit: Selected Device Profile: [Windows]
[2016.07.06-08.17.33:925][  0]LogInit: Applying CVar settings loaded from the selected device profile: [Windows]
[2016.07.06-08.17.33:943][  0]LogInit: Computer: PC
[2016.07.06-08.17.33:943][  0]LogInit: User: User
[2016.07.06-08.17.33:943][  0]LogInit: CPU Page size=65536, Cores=4
[2016.07.06-08.17.33:943][  0]LogInit: High frequency timer resolution =3.897222 MHz
[2016.07.06-08.17.33:943][  0]LogMemory: Memory total: Physical=15.9GB (16GB approx)
[2016.07.06-08.17.33:943][  0]LogMemory: Platform Memory Stats for Windows
[2016.07.06-08.17.33:943][  0]LogMemory: Process Physical Memory: 313.64 MB used, 313.64 MB peak
[2016.07.06-08.17.33:943][  0]LogMemory: Process Virtual Memory: 314.97 MB used, 314.97 MB peak
[2016.07.06-08.17.33:943][  0]LogMemory: Physical Memory: 6273.93 MB used, 16321.86 MB total
[2016.07.06-08.17.33:943][  0]LogMemory: Virtual Memory: 653.24 MB used, 134217728.00 MB total
[2016.07.06-08.17.34:020][  0]LogTextLocalizationManager: No specific translations for ('en-AU') exist, so ('en') translations will be used.
[2016.07.06-08.17.34:373][  0]LogD3D11RHI: D3D11 adapters:
[2016.07.06-08.17.34:392][  0]LogD3D11RHI:    0. 'NVIDIA GeForce GTX 980' (Feature Level 11_0)
[2016.07.06-08.17.34:392][  0]LogD3D11RHI:       4009MB of dedicated video memory, 0MB of dedicated system memory, and 8160MB of shared system memory, 1 output[s]
[2016.07.06-08.17.34:393][  0]LogD3D11RHI:    1. 'Microsoft Basic Render Driver' (Feature Level 11_0)
[2016.07.06-08.17.34:393][  0]LogD3D11RHI:       0MB of dedicated video memory, 0MB of dedicated system memory, and 8160MB of shared system memory, 0 output[s]
[2016.07.06-08.17.34:393][  0]LogD3D11RHI: Chosen D3D11 Adapter: 0
[2016.07.06-08.17.34:397][  0]LogD3D11RHI: Creating new Direct3DDevice
[2016.07.06-08.17.34:397][  0]LogD3D11RHI:     Adapter Name: NVIDIA GeForce GTX 980
[2016.07.06-08.17.34:397][  0]LogD3D11RHI:   Driver Version: Unknown (internal Unknown)
[2016.07.06-08.17.34:397][  0]LogD3D11RHI:      Driver Date: Unknown
[2016.07.06-08.17.34:397][  0]LogRHI: Texture pool is 1361 MB (70% of 1945 MB)
[2016.07.06-08.17.34:407][  0]LogD3D11RHI: Async texture creation enabled
[2016.07.06-08.17.34:423][  0]LogShaderCompilers: Guid format shader working directory is -19 characters bigger than the processId version (../../../../../../Users/User/Documents/Unreal Projects/MyProject/Intermediate/Shaders/WorkingDirectory/9488/).
[2016.07.06-08.17.34:423][  0]LogShaderCompilers: Cleaned the shader compiler working directory 'C:/Users/User/AppData/Local/Temp/UnrealShaderWorkingDir/93EB22E54A76A301747A71A2B0954071/'.
[2016.07.06-08.17.34:423][  0]LogShaderCompilers:Display: Using Local Shader Compiler.
[2016.07.06-08.17.35:965][  0]LogTemp:Display: Loaded TP AllDesktopTargetPlatform
[2016.07.06-08.17.35:968][  0]LogTemp:Display: Loaded TP WindowsClientTargetPlatform
[2016.07.06-08.17.35:972][  0]LogTemp:Display: Loaded TP WindowsNoEditorTargetPlatform
[2016.07.06-08.17.35:976][  0]LogTemp:Display: Loaded TP WindowsServerTargetPlatform
[2016.07.06-08.17.35:980][  0]LogTemp:Display: Loaded TP WindowsTargetPlatform
[2016.07.06-08.17.35:985][  0]LogTemp:Display: Loaded TP AndroidTargetPlatform
[2016.07.06-08.17.35:988][  0]LogTemp:Display: Loaded TP Android_ASTCTargetPlatform
[2016.07.06-08.17.35:991][  0]LogTemp:Display: Loaded TP Android_ATCTargetPlatform
[2016.07.06-08.17.35:994][  0]LogTemp:Display: Loaded TP Android_DXTTargetPlatform
[2016.07.06-08.17.35:996][  0]LogTemp:Display: Loaded TP Android_ETC1TargetPlatform
[2016.07.06-08.17.35:999][  0]LogTemp:Display: Loaded TP Android_ETC2TargetPlatform
[2016.07.06-08.17.36:005][  0]LogTemp:Display: Loaded TP Android_MultiTargetPlatform
[2016.07.06-08.17.36:005][  0]LogTemp:Display: Loaded TP Android_PVRTCTargetPlatform
[2016.07.06-08.17.36:006][  0]LogTemp:Display: Loaded TP HTML5TargetPlatform
[2016.07.06-08.17.36:026][  0]LogTemp:Display: Loaded TP IOSTargetPlatform
[2016.07.06-08.17.36:028][  0]LogTemp:Display: Loaded TP TVOSTargetPlatform
[2016.07.06-08.17.36:031][  0]LogTemp:Display: Loaded TP LinuxNoEditorTargetPlatform
[2016.07.06-08.17.36:034][  0]LogTemp:Display: Loaded TP LinuxServerTargetPlatform
[2016.07.06-08.17.36:039][  0]LogTemp:Display: Loaded TP LinuxTargetPlatform
[2016.07.06-08.17.36:039][  0]LogTargetPlatformManager:Display: Building Assets For Windows
[2016.07.06-08.17.36:107][  0]LogDerivedDataCache:Display: Max Cache Size: 512 MB
[2016.07.06-08.17.36:300][  0]LogDerivedDataCache: Loaded boot cache 0.19s 46MB C:/Users/User/AppData/Local/UnrealEngine/4.11/DerivedDataCache/Boot.ddc.
[2016.07.06-08.17.36:300][  0]LogDerivedDataCache:Display: Loaded Boot cache: C:/Users/User/AppData/Local/UnrealEngine/4.11/DerivedDataCache/Boot.ddc
[2016.07.06-08.17.36:300][  0]LogDerivedDataCache: FDerivedDataBackendGraph:  Pak pak cache file ../../../../../../Users/User/Documents/Unreal Projects/MyProject/DerivedDataCache/DDC.ddp not found, will not use a pak cache.
[2016.07.06-08.17.36:300][  0]LogDerivedDataCache: Unable to find inner node Pak for hierarchical cache Hierarchy.
[2016.07.06-08.17.36:300][  0]LogDerivedDataCache: FDerivedDataBackendGraph:  CompressedPak pak cache file ../../../../../../Users/User/Documents/Unreal Projects/MyProject/DerivedDataCache/Compressed.ddp not found, will not use a pak cache.
[2016.07.06-08.17.36:300][  0]LogDerivedDataCache: Unable to find inner node CompressedPak for hierarchical cache Hierarchy.
[2016.07.06-08.17.36:314][  0]LogDerivedDataCache:Display: Pak cache opened for reading ../../../Engine/DerivedDataCache/Compressed.ddp.
[2016.07.06-08.17.36:326][  0]LogDerivedDataCache: Using Local data cache path C:/Users/User/AppData/Local/UnrealEngine/Common/DerivedDataCache: Writable
[2016.07.06-08.17.37:308][  0]LogInit: Selected Device Profile: [Windows]
[2016.07.06-08.17.37:311][  0]LogContentStreaming: Texture pool size is 0.00 MB
[2016.07.06-08.17.37:340][  0]LogMaterial: Uniform references updated for custom material expression Custom.
[2016.07.06-08.17.37:436][  0]LogMeshUtilities: No automatic mesh reduction module available
[2016.07.06-08.17.37:436][  0]LogMeshUtilities: No automatic mesh merging module available
[2016.07.06-08.17.37:436][  0]LogMeshUtilities: No distributed automatic mesh merging module available
[2016.07.06-08.17.37:659][  0]LogUObjectArray: 27679 objects as part of root set at end of initial load.
[2016.07.06-08.17.37:659][  0]LogUObjectAllocator: 5591592 out of 0 bytes used by permanent object pool.
[2016.07.06-08.17.37:659][  0]LogUObjectArray: CloseDisregardForGC: 0/0 objects in disregard for GC pool
[2016.07.06-08.17.37:663][  0]LogInit: WinSock: version 1.1 (2.2), MaxSocks=32767, MaxUdp=65467
[2016.07.06-08.17.37:770][  0]LogSlate: SlateFontCache - WITH_FREETYPE: 1, WITH_HARFBUZZ: 1
[2016.07.06-08.17.37:770][  0]LogSlate: SlateFontCache - WITH_FREETYPE: 1, WITH_HARFBUZZ: 1
[2016.07.06-08.17.38:091][  0]LogStreaming:Warning: Failed to read file '../../../Engine/Content/Editor/Slate/Common/Selection_16x.png' error.
[2016.07.06-08.17.38:091][  0]LogSlate: Could not find file for Slate resource: ../../../Engine/Content/Editor/Slate/Common/Selection_16x.png
[2016.07.06-08.17.38:091][  0]LogStreaming:Warning: Failed to read file '../../../Engine/Content/Editor/Slate/Common/Selection_16x.png' error.
[2016.07.06-08.17.38:091][  0]LogSlate: Could not find file for Slate resource: ../../../Engine/Content/Editor/Slate/Common/Selection_16x.png
[2016.07.06-08.17.38:091][  0]LogStreaming:Warning: Failed to read file '../../../Engine/Content/Editor/Slate/Common/Selection_16x.png' error.
[2016.07.06-08.17.38:091][  0]LogSlate: Could not find file for Slate resource: ../../../Engine/Content/Editor/Slate/Common/Selection_16x.png
[2016.07.06-08.17.39:386][  0]LogUdpMessaging: Initializing bridge on interface 0.0.0.0:0 to multicast group 230.0.0.1:6666.
[2016.07.06-08.17.39:504][  0]LogAssetRegistry: FAssetRegistry took 0.0213 seconds to start up
[2016.07.06-08.17.39:615][  0]SourceControl: Info Source control is disabled
[2016.07.06-08.17.39:616][  0]SourceControl: Info Source control is disabled
[2016.07.06-08.17.39:622][  0]SourceControl: Info Source control is disabled
[2016.07.06-08.17.39:627][  0]SourceControl: Info Source control is disabled
[2016.07.06-08.17.39:749][  0]LogHMD: Failed to initialize OpenVR with code 110
[2016.07.06-08.17.39:806][  0]LogEngine: Initializing Engine...
[2016.07.06-08.17.39:910][  0]LogAIModule: Creating AISystem for world NewWorld
[2016.07.06-08.17.39:916][  0]LogInit: XAudio2 using 'Headset Earphone (Razer Kraken 7.1)' : 2 channels at 44.1 kHz using 16 bits per sample (channel mask 0x3)
[2016.07.06-08.17.39:935][  0]LogInit: FAudioDevice initialized.
[2016.07.06-08.17.39:958][  0]LogDerivedDataCache: Saved boot cache 0.02s 46MB C:/Users/User/AppData/Local/UnrealEngine/4.11/DerivedDataCache/Boot.ddc.
[2016.07.06-08.17.39:964][  0]LogInit: Texture streaming: Enabled
[2016.07.06-08.17.39:985][  0]LogInit: Transaction tracking system initialized
[2016.07.06-08.17.40:003][  0]BlueprintLog: New page: Editor Load
[2016.07.06-08.17.40:071][  0]LocalizationService: Info Localization service is disabled
[2016.07.06-08.17.40:133][  0]LogConsoleResponse:Display: 
[2016.07.06-08.17.40:349][  0]LogCook:Display: Max memory allowance for cook 8192mb
[2016.07.06-08.17.40:349][  0]LogCook:Display: Mobile HDR setting 1
[2016.07.06-08.17.40:349][  0]LogCook:Display: Done creating registry. It took  0.00s.
[2016.07.06-08.17.40:400][  0]LogFileCache: Scanning file cache for directory 'C:/Users/User/Documents/Unreal Projects/MyProject/Content/' took 0.02s
[2016.07.06-08.17.40:400][  0]SourceControl: Info Source control is disabled
[2016.07.06-08.17.40:400][  0]Cmd: MAP LOAD FILE="../../../../../../Users/User/Documents/Unreal Projects/MyProject/Content/FirstPersonBP/Maps/FirstPersonExampleMap.umap" TEMPLATE=0 SHOWPROGRESS=1 FEATURELEVEL=3
[2016.07.06-08.17.40:404][  0]LightingResults: New page: Lighting Build
[2016.07.06-08.17.40:406][  0]MapCheck: New page: Map Check
[2016.07.06-08.17.40:406][  0]LightingResults: New page: Lighting Build
[2016.07.06-08.17.41:174][  0]LogAIModule: Creating AISystem for world FirstPersonExampleMap
[2016.07.06-08.17.41:290][  0]LogEditorServer: Finished looking for orphan Actors (0.000 secs)
[2016.07.06-08.17.41:291][  0]Cmd: MAP CHECKDEP NOCLEARLOG
[2016.07.06-08.17.41:321][  0]MapCheck: Info Map check complete: 0 Error(s), 0 Warning(s), took 30.331ms to complete.
[2016.07.06-08.17.41:321][  0]LogFileHelpers: Loading map 'FirstPersonExampleMap' took 0.921
[2016.07.06-08.17.41:433][  0]LogCollectionManager: Loaded 0 collections in 0.001481 seconds
[2016.07.06-08.17.41:469][  0]LogFileCache: Scanning file cache for directory 'C:/Users/User/Documents/Unreal Projects/MyProject/Saved/Collections/' took 0.01s
[2016.07.06-08.17.41:469][  0]LogFileCache: Scanning file cache for directory 'C:/Users/User/Documents/Unreal Projects/MyProject/Content/Developers/User/Collections/' took 0.01s
[2016.07.06-08.17.41:469][  0]LogFileCache: Scanning file cache for directory 'C:/Users/User/Documents/Unreal Projects/MyProject/Content/Collections/' took 0.01s
[2016.07.06-08.17.41:469][  0]LogCollectionManager: Rebuilt the GUID cache for 0 collections in 0.000002 seconds
[2016.07.06-08.17.41:475][  0]LogContentBrowser: Native class hierarchy populated in 0.0060 seconds. Added 1979 classes and 343 folders.
[2016.07.06-08.17.41:478][  0]LogStats: UGameplayTagsManager::ConstructGameplayTagTree: Construct from data asset -  0.000 s
[2016.07.06-08.17.41:478][  0]LogStats: UGameplayTagsManager::ConstructGameplayTagTree: GameplayTagTreeChangedEvent.Broadcast -  0.000 s
[2016.07.06-08.17.41:478][  0]LogContentBrowser: Native class hierarchy updated for 'GameplayTags' in 0.0004 seconds. Added 12 classes and 0 folders.
[2016.07.06-08.17.41:481][  0]LogContentBrowser: Native class hierarchy updated for 'WidgetCarousel' in 0.0002 seconds. Added 0 classes and 0 folders.
[2016.07.06-08.17.41:493][  0]LogContentBrowser: Native class hierarchy updated for 'SuperSearch' in 0.0003 seconds. Added 1 classes and 2 folders.
[2016.07.06-08.17.41:720][  0]LogContentBrowser: Native class hierarchy updated for 'AddContentDialog' in 0.0003 seconds. Added 0 classes and 0 folders.
[2016.07.06-08.17.41:723][  0]LogContentBrowser: Native class hierarchy updated for 'SceneOutliner' in 0.0003 seconds. Added 1 classes and 2 folders.
[2016.07.06-08.17.41:749][  0]LogCrashTracker: Crashtracker disabled due to settings.
[2016.07.06-08.17.41:753][  0]LogUObjectGlobals:Warning: Failed to find object 'Class None.'
[2016.07.06-08.17.41:778][  0]LogContentBrowser: Native class hierarchy updated for 'HierarchicalLODOutliner' in 0.0004 seconds. Added 1 classes and 2 folders.
[2016.07.06-08.17.41:778][  0]LogLoad: Full Startup: 8.66 seconds (BP compile: 0.11 seconds)
[2016.07.06-08.17.41:778][  0]LogExternalProfiler: Found external profiler: VSPerf
[2016.07.06-08.17.41:778][  0]LogExternalProfiler: Using external profiler: VSPerf
[2016.07.06-08.17.41:789][  0]LogWindowsTextInputMethodSystem:Display: IME system now deactivated.
[2016.07.06-08.17.41:789][  0]LogOcInput: OculusInput pre-init called
[2016.07.06-08.17.41:871][  0]LogContentStreaming: Texture pool size now 1000 MB
[2016.07.06-08.17.42:008][  1]LogRenderer: Reallocating scene render targets to support 708x616 (Frame:2).
[2016.07.06-08.17.42:008][  1]LogAssetRegistry: Asset discovery search completed in 2.5247 seconds
[2016.07.06-08.17.42:008][  1]LogCollectionManager: Rebuilt the object cache for 0 collections in 0.000001 seconds (found 0 objects)
[2016.07.06-08.17.42:008][  1]LogCollectionManager: Fixed up redirectors for 0 collections in 0.000013 seconds (updated 0 objects)
[2016.07.06-08.19.20:341][ 68]SourceControl:Error: Error Failed to enable Git source control. You need to initialize the project as a Git repository first.
[2016.07.06-08.19.31:995][440]SourceControl:Error: Error Failed to enable Git source control. You need to initialize the project as a Git repository first.
[2016.07.06-08.24.41:658][975]SourceControl:Error: Error Failed to enable Git source control. You need to initialize the project as a Git repository first.
[2016.07.06-08.26.50:227][862]SourceControl:Error: Error Failed to enable Git source control. You need to initialize the project as a Git repository first.
[2016.07.06-08.27.01:935][231]SourceControl: Info Source control is disabled
[2016.07.06-08.27.10:437][229]SourceControl:Error: Error Failed to enable Git source control. You need to initialize the project as a Git rep