Log file open, 07/05/16 16:56:44
LogInit:Display: Running engine for game: MyProject
LogPlatformFile: Not using cached read wrapper
LogInit:Display: RandInit(79463879) SRandInit(79463881).
LogTaskGraph: Started task graph with 4 named threads and 7 total threads.
LogStats: Stats thread started at 0.105180
LogInit: Version: 4.11.2-2946394+++UE4+Release-4.11
LogInit: API Version: 2927265
LogInit: Compiled (64-bit): Apr 18 2016 02:18:46
LogInit: Compiled with Visual C++: 19.00.23026.00
LogInit: Build Configuration: Development
LogInit: Branch Name: ++UE4+Release-4.11
LogInit: Command line:  
LogInit: Base directory: C:/Program Files (x86)/Epic Games/4.11/Engine/Binaries/Win64/
LogInit: Installed Engine Build: 1
LogInit: Using libcurl 7.41.0
LogInit:  - built for x86_64-pc-win32
LogInit:  - supports SSL with WinSSL
LogInit:  - other features:
LogInit:      CURL_VERSION_SSL
LogInit:      CURL_VERSION_IPV6
LogInit:      CURL_VERSION_ASYNCHDNS
LogInit:      CURL_VERSION_LARGEFILE
LogInit:      CURL_VERSION_IDN
LogInit:  CurlRequestOptions (configurable via config and command line):
LogInit:  - bVerifyPeer = true  - Libcurl will verify peer certificate
LogInit:  - bUseHttpProxy = false  - Libcurl will NOT use HTTP proxy
LogInit:  - bDontReuseConnections = false  - Libcurl will reuse connections
LogInit:  - CertBundlePath = nullptr  - Libcurl will use whatever was configured at build time.
LogInit: Presizing for max 16777216 objects, including 0 objects not considered by GC, pre-allocating 0 bytes for permanent pool.
LogInit: Object subsystem initialized
[2016.07.05-06.56.44:770][  0]LogInit: Selected Device Profile: [Windows]
[2016.07.05-06.56.44:770][  0]LogInit: Applying CVar settings loaded from the selected device profile: [Windows]
[2016.07.05-06.56.44:786][  0]LogInit: Computer: PC
[2016.07.05-06.56.44:786][  0]LogInit: User: User
[2016.07.05-06.56.44:786][  0]LogInit: CPU Page size=65536, Cores=4
[2016.07.05-06.56.44:786][  0]LogInit: High frequency timer resolution =3.897222 MHz
[2016.07.05-06.56.44:786][  0]LogMemory: Memory total: Physical=15.9GB (16GB approx)
[2016.07.05-06.56.44:786][  0]LogMemory: Platform Memory Stats for Windows
[2016.07.05-06.56.44:786][  0]LogMemory: Process Physical Memory: 314.42 MB used, 314.42 MB peak
[2016.07.05-06.56.44:786][  0]LogMemory: Process Virtual Memory: 314.95 MB used, 314.95 MB peak
[2016.07.05-06.56.44:786][  0]LogMemory: Physical Memory: 5600.33 MB used, 16321.86 MB total
[2016.07.05-06.56.44:786][  0]LogMemory: Virtual Memory: 653.24 MB used, 134217728.00 MB total
[2016.07.05-06.56.44:970][  0]LogTextLocalizationManager: No specific translations for ('en-AU') exist, so ('en') translations will be used.
[2016.07.05-06.56.45:330][  0]LogD3D11RHI: D3D11 adapters:
[2016.07.05-06.56.45:348][  0]LogD3D11RHI:    0. 'NVIDIA GeForce GTX 980' (Feature Level 11_0)
[2016.07.05-06.56.45:348][  0]LogD3D11RHI:       4009MB of dedicated video memory, 0MB of dedicated system memory, and 8160MB of shared system memory, 1 output[s]
[2016.07.05-06.56.45:349][  0]LogD3D11RHI:    1. 'Microsoft Basic Render Driver' (Feature Level 11_0)
[2016.07.05-06.56.45:349][  0]LogD3D11RHI:       0MB of dedicated video memory, 0MB of dedicated system memory, and 8160MB of shared system memory, 0 output[s]
[2016.07.05-06.56.45:349][  0]LogD3D11RHI: Chosen D3D11 Adapter: 0
[2016.07.05-06.56.45:354][  0]LogD3D11RHI: Creating new Direct3DDevice
[2016.07.05-06.56.45:354][  0]LogD3D11RHI:     Adapter Name: NVIDIA GeForce GTX 980
[2016.07.05-06.56.45:354][  0]LogD3D11RHI:   Driver Version: Unknown (internal Unknown)
[2016.07.05-06.56.45:354][  0]LogD3D11RHI:      Driver Date: Unknown
[2016.07.05-06.56.45:354][  0]LogRHI: Texture pool is 1361 MB (70% of 1945 MB)
[2016.07.05-06.56.45:365][  0]LogD3D11RHI: Async texture creation enabled
[2016.07.05-06.56.45:380][  0]LogShaderCompilers: Guid format shader working directory is -19 characters bigger than the processId version (../../../../../../Users/User/Documents/Unreal Projects/MyProject/Intermediate/Shaders/WorkingDirectory/4480/).
[2016.07.05-06.56.45:381][  0]LogShaderCompilers: Cleaned the shader compiler working directory 'C:/Users/User/AppData/Local/Temp/UnrealShaderWorkingDir/CEC88B3045D18E5E9FA00AAEFF2A6AF2/'.
[2016.07.05-06.56.45:381][  0]LogShaderCompilers:Display: Using Local Shader Compiler.
[2016.07.05-06.56.47:042][  0]LogTemp:Display: Loaded TP AllDesktopTargetPlatform
[2016.07.05-06.56.47:046][  0]LogTemp:Display: Loaded TP WindowsClientTargetPlatform
[2016.07.05-06.56.47:050][  0]LogTemp:Display: Loaded TP WindowsNoEditorTargetPlatform
[2016.07.05-06.56.47:054][  0]LogTemp:Display: Loaded TP WindowsServerTargetPlatform
[2016.07.05-06.56.47:057][  0]LogTemp:Display: Loaded TP WindowsTargetPlatform
[2016.07.05-06.56.47:063][  0]LogTemp:Display: Loaded TP AndroidTargetPlatform
[2016.07.05-06.56.47:066][  0]LogTemp:Display: Loaded TP Android_ASTCTargetPlatform
[2016.07.05-06.56.47:068][  0]LogTemp:Display: Loaded TP Android_ATCTargetPlatform
[2016.07.05-06.56.47:071][  0]LogTemp:Display: Loaded TP Android_DXTTargetPlatform
[2016.07.05-06.56.47:074][  0]LogTemp:Display: Loaded TP Android_ETC1TargetPlatform
[2016.07.05-06.56.47:077][  0]LogTemp:Display: Loaded TP Android_ETC2TargetPlatform
[2016.07.05-06.56.47:082][  0]LogTemp:Display: Loaded TP Android_MultiTargetPlatform
[2016.07.05-06.56.47:082][  0]LogTemp:Display: Loaded TP Android_PVRTCTargetPlatform
[2016.07.05-06.56.47:083][  0]LogTemp:Display: Loaded TP HTML5TargetPlatform
[2016.07.05-06.56.47:121][  0]LogTemp:Display: Loaded TP IOSTargetPlatform
[2016.07.05-06.56.47:124][  0]LogTemp:Display: Loaded TP TVOSTargetPlatform
[2016.07.05-06.56.47:126][  0]LogTemp:Display: Loaded TP LinuxNoEditorTargetPlatform
[2016.07.05-06.56.47:128][  0]LogTemp:Display: Loaded TP LinuxServerTargetPlatform
[2016.07.05-06.56.47:134][  0]LogTemp:Display: Loaded TP LinuxTargetPlatform
[2016.07.05-06.56.47:134][  0]LogTargetPlatformManager:Display: Building Assets For Windows
[2016.07.05-06.56.47:407][  0]LogDerivedDataCache:Display: Max Cache Size: 512 MB
[2016.07.05-06.56.47:604][  0]LogDerivedDataCache: Loaded boot cache 0.20s 46MB C:/Users/User/AppData/Local/UnrealEngine/4.11/DerivedDataCache/Boot.ddc.
[2016.07.05-06.56.47:605][  0]LogDerivedDataCache:Display: Loaded Boot cache: C:/Users/User/AppData/Local/UnrealEngine/4.11/DerivedDataCache/Boot.ddc
[2016.07.05-06.56.47:605][  0]LogDerivedDataCache: FDerivedDataBackendGraph:  Pak pak cache file ../../../../../../Users/User/Documents/Unreal Projects/MyProject/DerivedDataCache/DDC.ddp not found, will not use a pak cache.
[2016.07.05-06.56.47:605][  0]LogDerivedDataCache: Unable to find inner node Pak for hierarchical cache Hierarchy.
[2016.07.05-06.56.47:605][  0]LogDerivedDataCache: FDerivedDataBackendGraph:  CompressedPak pak cache file ../../../../../../Users/User/Documents/Unreal Projects/MyProject/DerivedDataCache/Compressed.ddp not found, will not use a pak cache.
[2016.07.05-06.56.47:605][  0]LogDerivedDataCache: Unable to find inner node CompressedPak for hierarchical cache Hierarchy.
[2016.07.05-06.56.47:624][  0]LogDerivedDataCache:Display: Pak cache opened for reading ../../../Engine/DerivedDataCache/Compressed.ddp.
[2016.07.05-06.56.47:636][  0]LogDerivedDataCache: Using Local data cache path C:/Users/User/AppData/Local/UnrealEngine/Common/DerivedDataCache: Writable
[2016.07.05-06.56.49:946][  0]LogInit: Selected Device Profile: [Windows]
[2016.07.05-06.56.49:952][  0]LogContentStreaming: Texture pool size is 0.00 MB
[2016.07.05-06.56.50:100][  0]LogMaterial: Uniform references updated for custom material expression Custom.
[2016.07.05-06.56.50:291][  0]LogMeshUtilities: No automatic mesh reduction module available
[2016.07.05-06.56.50:291][  0]LogMeshUtilities: No automatic mesh merging module available
[2016.07.05-06.56.50:291][  0]LogMeshUtilities: No distributed automatic mesh merging module available
[2016.07.05-06.56.50:877][  0]LogUObjectArray: 27679 objects as part of root set at end of initial load.
[2016.07.05-06.56.50:877][  0]LogUObjectAllocator: 5591600 out of 0 bytes used by permanent object pool.
[2016.07.05-06.56.50:877][  0]LogUObjectArray: CloseDisregardForGC: 0/0 objects in disregard for GC pool
[2016.07.05-06.56.50:882][  0]LogInit: WinSock: version 1.1 (2.2), MaxSocks=32767, MaxUdp=65467
[2016.07.05-06.56.51:090][  0]LogSlate: SlateFontCache - WITH_FREETYPE: 1, WITH_HARFBUZZ: 1
[2016.07.05-06.56.51:091][  0]LogSlate: SlateFontCache - WITH_FREETYPE: 1, WITH_HARFBUZZ: 1
[2016.07.05-06.56.51:546][  0]LogStreaming:Warning: Failed to read file '../../../Engine/Content/Editor/Slate/Common/Selection_16x.png' error.
[2016.07.05-06.56.51:546][  0]LogSlate: Could not find file for Slate resource: ../../../Engine/Content/Editor/Slate/Common/Selection_16x.png
[2016.07.05-06.56.51:546][  0]LogStreaming:Warning: Failed to read file '../../../Engine/Content/Editor/Slate/Common/Selection_16x.png' error.
[2016.07.05-06.56.51:546][  0]LogSlate: Could not find file for Slate resource: ../../../Engine/Content/Editor/Slate/Common/Selection_16x.png
[2016.07.05-06.56.51:546][  0]LogStreaming:Warning: Failed to read file '../../../Engine/Content/Editor/Slate/Common/Selection_16x.png' error.
[2016.07.05-06.56.51:546][  0]LogSlate: Could not find file for Slate resource: ../../../Engine/Content/Editor/Slate/Common/Selection_16x.png
[2016.07.05-06.56.53:192][  0]LogUdpMessaging: Initializing bridge on interface 0.0.0.0:0 to multicast group 230.0.0.1:6666.
[2016.07.05-06.56.53:328][  0]LogAssetRegistry: FAssetRegistry took 0.0228 seconds to start up
[2016.07.05-06.56.53:620][  0]SourceControl: Info Source control is disabled
[2016.07.05-06.56.53:621][  0]SourceControl: Info Source control is disabled
[2016.07.05-06.56.53:630][  0]SourceControl: Info Source control is disabled
[2016.07.05-06.56.53:638][  0]SourceControl: Info Source control is disabled
[2016.07.05-06.56.53:762][  0]LogHMD: Failed to initialize OpenVR with code 110
[2016.07.05-06.56.53:861][  0]LogEngine: Initializing Engine...
[2016.07.05-06.56.54:102][  0]LogAIModule: Creating AISystem for world NewWorld
[2016.07.05-06.56.54:116][  0]LogInit: XAudio2 using 'Headset Earphone (Razer Kraken 7.1)' : 2 channels at 44.1 kHz using 16 bits per sample (channel mask 0x3)
[2016.07.05-06.56.54:135][  0]LogInit: FAudioDevice initialized.
[2016.07.05-06.56.54:157][  0]LogDerivedDataCache: Saved boot cache 0.02s 46MB C:/Users/User/AppData/Local/UnrealEngine/4.11/DerivedDataCache/Boot.ddc.
[2016.07.05-06.56.54:163][  0]LogInit: Texture streaming: Enabled
[2016.07.05-06.56.54:189][  0]LogInit: Transaction tracking system initialized
[2016.07.05-06.56.54:244][  0]BlueprintLog: New page: Editor Load
[2016.07.05-06.56.54:368][  0]LocalizationService: Info Localization service is disabled
[2016.07.05-06.56.54:461][  0]LogConsoleResponse:Display: 
[2016.07.05-06.56.54:804][  0]LogCook:Display: Max memory allowance for cook 8192mb
[2016.07.05-06.56.54:804][  0]LogCook:Display: Mobile HDR setting 1
[2016.07.05-06.56.54:804][  0]LogCook:Display: Done creating registry. It took  0.00s.
[2016.07.05-06.56.54:878][  0]LogFileCache: Scanning file cache for directory 'C:/Users/User/Documents/Unreal Projects/MyProject/Content/' took 0.02s
[2016.07.05-06.56.54:878][  0]SourceControl: Info Source control is disabled
[2016.07.05-06.56.54:879][  0]Cmd: MAP LOAD FILE="../../../../../../Users/User/Documents/Unreal Projects/MyProject/Content/FirstPersonBP/Maps/FirstPersonExampleMap.umap" TEMPLATE=0 SHOWPROGRESS=1 FEATURELEVEL=3
[2016.07.05-06.56.54:884][  0]LightingResults: New page: Lighting Build
[2016.07.05-06.56.54:893][  0]MapCheck: New page: Map Check
[2016.07.05-06.56.54:893][  0]LightingResults: New page: Lighting Build
[2016.07.05-06.56.55:777][  0]LogAIModule: Creating AISystem for world FirstPersonExampleMap
[2016.07.05-06.56.55:913][  0]LogEditorServer: Finished looking for orphan Actors (0.000 secs)
[2016.07.05-06.56.55:915][  0]Cmd: MAP CHECKDEP NOCLEARLOG
[2016.07.05-06.56.55:947][  0]MapCheck: Info Map check complete: 0 Error(s), 0 Warning(s), took 31.901ms to complete.
[2016.07.05-06.56.55:947][  0]LogFileHelpers: Loading map 'FirstPersonExampleMap' took 1.068
[2016.07.05-06.56.56:120][  0]LogCollectionManager: Loaded 0 collections in 0.001666 seconds
[2016.07.05-06.56.56:173][  0]LogFileCache: Scanning file cache for directory 'C:/Users/User/Documents/Unreal Projects/MyProject/Saved/Collections/' took 0.01s
[2016.07.05-06.56.56:173][  0]LogFileCache: Scanning file cache for directory 'C:/Users/User/Documents/Unreal Projects/MyProject/Content/Developers/User/Collections/' took 0.01s
[2016.07.05-06.56.56:173][  0]LogFileCache: Scanning file cache for directory 'C:/Users/User/Documents/Unreal Projects/MyProject/Content/Collections/' took 0.01s
[2016.07.05-06.56.56:173][  0]LogCollectionManager: Rebuilt the GUID cache for 0 collections in 0.000008 seconds
[2016.07.05-06.56.56:179][  0]LogContentBrowser: Native class hierarchy populated in 0.0058 seconds. Added 1979 classes and 343 folders.
[2016.07.05-06.56.56:186][  0]LogStats: UGameplayTagsManager::ConstructGameplayTagTree: Construct from data asset -  0.000 s
[2016.07.05-06.56.56:186][  0]LogStats: UGameplayTagsManager::ConstructGameplayTagTree: GameplayTagTreeChangedEvent.Broadcast -  0.000 s
[2016.07.05-06.56.56:187][  0]LogContentBrowser: Native class hierarchy updated for 'GameplayTags' in 0.0003 seconds. Added 12 classes and 0 folders.
[2016.07.05-06.56.56:191][  0]LogContentBrowser: Native class hierarchy updated for 'WidgetCarousel' in 0.0002 seconds. Added 0 classes and 0 folders.
[2016.07.05-06.56.56:208][  0]LogContentBrowser: Native class hierarchy updated for 'SuperSearch' in 0.0003 seconds. Added 1 classes and 2 folders.
[2016.07.05-06.56.56:432][  0]LogContentBrowser: Native class hierarchy updated for 'AddContentDialog' in 0.0003 seconds. Added 0 classes and 0 folders.
[2016.07.05-06.56.56:439][  0]LogContentBrowser: Native class hierarchy updated for 'SceneOutliner' in 0.0003 seconds. Added 1 classes and 2 folders.
[2016.07.05-06.56.56:508][  0]LogCrashTracker: Crashtracker disabled due to settings.
[2016.07.05-06.56.56:520][  0]LogUObjectGlobals:Warning: Failed to find object 'Class None.'
[2016.07.05-06.56.56:550][  0]LogContentBrowser: Native class hierarchy updated for 'HierarchicalLODOutliner' in 0.0004 seconds. Added 1 classes and 2 folders.
[2016.07.05-06.56.56:550][  0]LogLoad: Full Startup: 13.13 seconds (BP compile: 0.15 seconds)
[2016.07.05-06.56.56:550][  0]LogExternalProfiler: Found external profiler: VSPerf
[2016.07.05-06.56.56:550][  0]LogExternalProfiler: Using external profiler: VSPerf
[2016.07.05-06.56.56:892][  0]LogOcInput: OculusInput pre-init called
[2016.07.05-06.56.57:043][  0]LogContentStreaming: Texture pool size now 1000 MB
[2016.07.05-06.56.57:222][  1]LogRenderer: Reallocating scene render targets to support 760x588 (Frame:2).
[2016.07.05-06.56.57:246][  1]LogAssetRegistry: Asset discovery search completed in 3.9398 seconds
[2016.07.05-06.56.57:247][  1]LogCollectionManager: Rebuilt the object cache for 0 collections in 0.000001 seconds (found 0 objects)
[2016.07.05-06.56.57:247][  1]LogCollectionManager: Fixed up redirectors for 0 collections in 0.000316 seconds (updated 0 objects)
[2016.07.05-07.02.00:796][373]LogActorFactory: Actor Factory created AirlockType1
[2016.07.05-07.02.02:884][621]LogActorFactory: Actor Factory created AirlockType1
[2016.07.05-07.02.03:163][636]Cmd: CAMERA ALIGN ACTIVEVIEWPORTONLY
[2016.07.05-07.02.05:246][883]Cmd: DELETE
[2016.07.05-07.02.05:246][883]Cmd: ACTOR DELETE
[2016.07.05-07.02.05:256][883]LogEditorActor: Deleted Actor: StaticMeshActor
[2016.07.05-07.02.05:285][883]LogEditorActor: Deleted 1 Actors (0.031 secs)
[2016.07.05-07.02.06:471][ 25]LogActorFactory: Actor Factory created AirlockType1
[2016.07.05-07.02.07:009][ 89]LogActorFactory: Actor Factory created AirlockType1
[2016.07.05-07.02.07:162][104]Cmd: CAMERA ALIGN ACTIVEVIEWPORTONLY
[2016.07.05-07.02.13:882][901]LogUnrealMath: Expression Error : No value recognized
[2016.07.05-07.02.13:882][901]LogUnrealMath: Expression Error : Error in expression
[2016.07.05-07.02.13:915][905]LogEditorViewport: Clicking on Actor (LMB): StaticMeshActor (AirlockType3)
[2016.07.05-07.02.14:105][927]Cmd: CAMERA ALIGN ACTIVEVIEWPORTONLY
[2016.07.05-07.02.21:324][765]LogContentBrowser: Native class hierarchy updated for 'Matinee' in 0.0003 seconds. Added 15 classes and 2 folders.
[2016.07.05-07.02.21:331][765]LogInit: Transaction tracking system initialized
[2016.07.05-07.02.21:333][765]EditorErrors: New page: Matinee Initialization
[2016.07.05-07.02.21:340][765]LogTexture:Display: Building textures: MAT_Groups_View_On (AutoDXT)
[2016.07.05-07.02.21:346][765]LogTexture:Display: Building textures: MAT_Groups_View_Off (AutoDXT)
[2016.07.05-07.02.21:351][765]LogTexture:Display: Building textures: MAT_Groups_Right_On (AutoDXT)
[2016.07.05-07.02.21:354][765]LogTexture:Display: Building textures: MAT_Groups_Right_Off (AutoDXT)
[2016.07.05-07.02.21:358][765]LogTexture:Display: Building textures: MAT_Groups_Left_On (AutoDXT)
[2016.07.05-07.02.21:362][765]LogTexture:Display: Building textures: MAT_Groups_Left_Off (AutoDXT)
[2016.07.05-07.02.21:372][765]LogTexture:Display: Building textures: MAT_Groups_Graph_On (AutoDXT)
[2016.07.05-07.02.21:375][765]LogTexture:Display: Building textures: MAT_Groups_Graph_Off (AutoDXT)
[2016.07.05-07.02.21:418][765]LogTexture:Display: Building textures: MatineeGreyGrad (AutoDXT)
[2016.07.05-07.02.27:545][295]LogEditorViewport: Clicking on Actor (LMB): StaticMeshActor (AirlockType3)
[2016.07.05-07.02.43:409][904]Cmd: CAMERA ALIGN ACTIVEVIEWPORTONLY
[2016.07.05-07.02.53:902][904]Cmd: CAMERA ALIGN ACTIVEVIEWPORTONLY
[2016.07.05-07.03.05:484][ 84]Cmd: CAMERA ALIGN ACTIVEVIEWPORTONLY
[2016.07.05-07.03.11:853][773]Cmd: CAMERA ALIGN ACTIVEVIEWPORTONLY
[2016.07.05-07.06.57:166][618]LogActorComponent: UnregisterComponent: (/Engine/Transient.CharMoveComp) Not registered. Aborting.
[2016.07.05-07.06.57:166][618]LogActorComponent: UnregisterComponent: (/Engine/Transient.ProjectileMovementComponent_40__A6522401) Not registered. Aborting.
[2016.07.05-07.06.57:177][618]LogExit: Transaction tracking system shut down
[2016.07.05-07.06.58:285][618]LogSavePackage: Save=1057.30ms
[2016.07.05-07.06.58:285][618]LogSavePackage: Moving '../../../../../../Users/User/Documents/Unreal Projects/MyProject/Saved/FirstPersonExampleMap_Auto160149F2B40A5FFE222ACA0807636C341.tmp' to '../../../../../../Users/User/Documents/Unreal Projects/MyProject/Saved/Autosaves/Game/FirstPersonBP/Maps/FirstPersonExampleMap_Auto1.umap'
[2016.07.05-07.06.58:288][618]LogSavePackage: Total save time: 1088.27ms
[2016.07.05-07.06.58:288][618]LogSavePackage:Display: Finished SavePackage ../../../../../../Users/User/Documents/Unreal Projects/MyProject/Saved/Autosaves/Game/FirstPersonBP/Maps/FirstPersonExampleMap_Auto1.umap
[2016.07.05-07.06.58:294][618]LogFileHelpers: Editor autosave (incl. sublevels) for '/Game/FirstPersonBP/Maps/FirstPersonExampleMap' took 1.130
[2016.07.05-07.06.58:295][618]LogFileHelpers: Editor autosave (incl. sublevels) for all levels took 1.130
[2016.07.05-07.27.06:868][934]LogEditorViewport: Clicking on Actor (LMB): StaticMeshActor (AirlockType3)
[2016.07.05-07.27.11:458][478]LogInit: Transaction tracking system initialized
[2016.07.05-07.27.11:458][478]EditorErrors: New page: Matinee Initialization
[2016.07.05-07.27.37:240][283]LogEditorViewport: Clicking on Actor (LMB): StaticMeshActor (AirlockType3)
[2016.07.05-07.28.49:914][251]LogEditorTransaction: Undo Move Loop End Marker
[2016.07.05-07.36.32:247][401]Cmd: CAMERA ALIGN ACTIVEVIEWPORTONLY
[2016.07.05-07.36.37:760][ 59]LogEditorViewport: Clicking on Actor (context menu): StaticMeshActor (AirlockType3)
[2016.07.05-07.36.41:017][418]Cmd: ACTOR BAKEPREPIVOT
[2016.07.05-07.38.46:546][148]LogEditorViewport: Clicking on Actor (LMB): StaticMeshActor (Floor)
[2016.07.05-07.38.47:279][231]LogEditorViewport: Clicking on Actor (LMB): StaticMeshActor (AirlockType3)
[2016.07.05-07.39.26:769][503]LogEditorViewport: Clicking on Actor (LMB): StaticMeshActor (AirlockType3)
[2016.07.05-07.39.37:683][528]Cmd: TRANSACTION UNDO
[2016.07.05-07.39.37:683][528]LogEditorTransaction: Undo Update Key Frame
[2016.07.05-07.39.38:127][576]Cmd: TRANSACTION UNDO
[2016.07.05-07.39.38:127][576]LogEditorTransaction: Undo Update Key Frame
[2016.07.05-07.39.41:198][862]Cmd: TRANSACTION UNDO
[2016.07.05-07.39.41:198][862]LogEditorTransaction: Undo Update Key Frame
[2016.07.05-07.39.41:596][907]Cmd: TRANSACTION UNDO
[2016.07.05-07.39.41:596][907]LogEditorTransaction: Undo Update Key Frame
[2016.07.05-07.39.41:977][950]Cmd: TRANSACTION UNDO
[2016.07.05-07.39.41:977][950]LogEditorTransaction: Undo Add Key
[2016.07.05-07.39.42:560][ 17]Cmd: TRANSACTION UNDO
[2016.07.05-07.39.42:560][ 17]LogEditorTransaction: Undo Delete Selected Keys
[2016.07.05-07.39.43:283][100]Cmd: TRANSACTION UNDO
[2016.07.05-07.39.43:283][100]LogEditorTransaction: Undo Update Key Frame
[2016.07.05-07.40.00:004][918]LogEditorViewport: Clicking on Actor (LMB): StaticMeshActor (AirlockType3)
[2016.07.05-07.40.08:802][850]Cmd: TRANSACTION UNDO
[2016.07.05-07.40.08:802][850]LogEditorTransaction: Undo Update Key Frame
[2016.07.05-07.40.10:473][ 48]Cmd: TRANSACTION UNDO
[2016.07.05-07.40.10:473][ 48]LogEditorTransaction: Undo Update Key Frame
[2016.07.05-07.40.10:926][100]LogEditorViewport: Clicking on Actor (LMB): StaticMeshActor (Floor)
[2016.07.05-07.40.11:122][120]Cmd: TRANSACTION UNDO
[2016.07.05-07.40.11:122][120]LogEditorTransaction: Undo Update Key Frame
[2016.07.05-07.40.11:449][159]Cmd: TRANSACTION UNDO
[2016.07.05-07.40.11:449][159]LogEditorTransaction: Undo Add Key
[2016.07.05-07.40.12:136][240]Cmd: TRANSACTION UNDO
[2016.07.05-07.40.12:136][240]LogEditorTransaction: Undo Delete Selected Keys
[2016.07.05-07.40.13:997][461]LogEditorViewport: Clicking on Actor (LMB): StaticMeshActor (AirlockType3)
[2016.07.05-07.40.17:751][872]LogEditorViewport: Clicking on Actor (LMB): StaticMeshActor (AirlockType4)
[2016.07.05-07.40.18:882][  2]LogEditorViewport: Clicking on Actor (LMB): StaticMeshActor (AirlockType4)
[2016.07.05-07.40.19:587][ 82]LogEditorViewport: Clicking on Actor (LMB): StaticMeshActor (AirlockType3)
[2016.07.05-07.40.20:530][188]LogEditorViewport: Clicking on Actor (LMB): StaticMeshActor (AirlockType4)
[2016.07.05-07.40.22:921][444]LogEditorViewport: Clicking on Actor (LMB): StaticMeshActor (AirlockType3)
[2016.07.05-07.40.36:333][840]LogEditorViewport: Clicking on Actor (LMB): StaticMeshActor (AirlockType3)
[2016.07.05-07.40.37:645][996]Cmd: TRANSACTION UNDO
[2016.07.05-07.40.37:645][996]LogEditorTransaction: Undo Clicking on Actors
[2016.07.05-07.40.41:759][468]Cmd: DELETE
[2016.07.05-07.40.41:759][468]Cmd: ACTOR DELETE
[2016.07.05-07.40.45:585][468]LogExit: Transaction tracking system shut down
[2016.07.05-07.40.45:587][468]LogEditorActor: Deleted 0 Actors (3.828 secs)
[2016.07.05-07.40.46:714][469]LogSavePackage: Save=1056.56ms
[2016.07.05-07.40.46:714][469]LogSavePackage: Moving '../../../../../../Users/User/Documents/Unreal Projects/MyProject/Saved/FirstPersonExampleMap_Auto259029D024472032D6A68C29496DEFA25.tmp' to '../../../../../../Users/User/Documents/Unreal Projects/MyProject/Saved/Autosaves/Game/FirstPersonBP/Maps/FirstPersonExampleMap_Auto2.umap'
[2016.07.05-07.40.46:716][469]LogSavePackage: Total save time: 1074.83ms
[2016.07.05-07.40.46:716][469]LogSavePackage:Display: Finished SavePackage ../../../../../../Users/User/Documents/Unreal Projects/MyProject/Saved/Autosaves/Game/FirstPersonBP/Maps/FirstPersonExampleMap_Auto2.umap
[2016.07.05-07.40.46:721][469]LogFileHelpers: Editor autosave (incl. sublevels) for '/Game/FirstPersonBP/Maps/FirstPersonExampleMap' took 1.088
[2016.07.05-07.40.46:721][469]LogFileHelpers: Editor autosave (incl. sublevels) for all levels took 1.088
[2016.07.05-07.40.47:881][606]LogEditorViewport: Clicking on Actor (LMB): StaticMeshActor (Floor)
[2016.07.05-07.40.48:445][670]LogEditorViewport: Clicking on Actor (LMB): StaticMeshActor (Floor)
[2016.07.05-07.40.48:880][721]LogEditorViewport: Clicking on Actor (LMB): StaticMeshActor (AirlockType4)
[2016.07.05-07.40.53:163][229]Cmd: DELETE
[2016.07.05-07.40.53:163][229]Cmd: ACTOR DELETE
[2016.07.05-07.40.53:164][229]LogEditorActor: Deleted Actor: StaticMeshActor
[2016.07.05-07.40.53:171][229]LogEditorActor: Deleted 1 Actors (0.007 secs)
[2016.07.05-07.40.53:936][321]LogEditorViewport: Clicking on Actor (LMB): StaticMeshActor (AirlockType3)
[2016.07.05-07.41.28:755][374]LogInit: Transaction tracking system initialized
[2016.07.05-07.41.28:761][374]EditorErrors: New page: Matinee Initialization
[2016.07.05-07.41.31:796][652]LogEditorViewport: Clicking on Actor (LMB): StaticMeshActor (AirlockType3)
[2016.07.05-07.41.31:978][670]Cmd: CAMERA ALIGN ACTIVEVIEWPORTONLY
[2016.07.05-07.42.13:656][938]LogEditorViewport: Clicking on Actor (LMB): StaticMeshActor (Floor)
[2016.07.05-07.42.14:900][ 80]LogEditorViewport: Clicking on Actor (LMB): StaticMeshActor (AirlockType3)
[2016.07.05-07.42.56:916][359]LogEditorViewport: Clicking on Actor (LMB): StaticMeshActor (AirlockType3)
[2016.07.05-07.43.03:756][109]LogEditorViewport: Clicking on Actor (context menu): StaticMeshActor (AirlockType3)
[2016.07.05-07.43.05:733][306]Cmd: ACTOR BAKEPREPIVOT
[2016.07.05-07.43.14:796][ 61]Cmd: TRANSACTION UNDO
[2016.07.05-07.43.14:796][ 61]LogEditorTransaction: Undo Delete Selected Keys
[2016.07.05-07.43.17:714][395]Cmd: TRANSACTION REDO
[2016.07.05-07.43.17:714][395]LogEditorTransaction: Redo Delete Selected Keys
[2016.07.05-07.43.33:838][119]LogEditorViewport: Clicking on Actor (LMB): StaticMeshActor (AirlockType3)
[2016.07.05-07.44.32:076][152]LogContentBrowser: Native class hierarchy updated for 'BlueprintGraph' in 0.0005 seconds. Added 108 classes and 0 folders.
[2016.07.05-07.47.45:587][586]LogEditorViewport: Clicking on Actor (LMB): StaticMeshActor (AirlockType3)
[2016.07.05-07.48.09:040][578]LogEditorViewport: Clicking on Actor (LMB): StaticMeshActor (Floor)
[2016.07.05-07.48.09:488][628]LogEditorViewport: Clicking on Actor (LMB): StaticMeshActor (AirlockType3)
[2016.07.05-07.48.14:837][248]LogEditorViewport: Clicking on Actor (LMB): TriggerBox (TriggerBox)
[2016.07.05-07.50.09:003][782]LogEditorViewport: Clicking on Actor (LMB): StaticMeshActor (AirlockType3)
[2016.07.05-07.50.10:142][914]Cmd: TRANSACTION UNDO
[2016.07.05-07.50.10:142][914]LogEditorTransaction: Undo Clicking on Actors
[2016.07.05-07.50.32:224][463]Cmd: CAMERA ALIGN ACTIVEVIEWPORTONLY
[2016.07.05-07.51.15:388][422]LogActorComponent: UnregisterComponent: (/Engine/Transient.CharMoveComp) Not registered. Aborting.
[2016.07.05-07.51.15:388][422]LogActorComponent: UnregisterComponent: (/Engine/Transient.ProjectileMovementComponent_40__A6522401) Not registered. Aborting.
[2016.07.05-07.51.15:409][422]LogExit: Transaction tracking system shut down
[2016.07.05-07.51.16:509][422]LogSavePackage: Save=1078.36ms
[2016.07.05-07.51.16:509][422]LogSavePackage: Moving '../../../../../../Users/User/Documents/Unreal Projects/MyProject/Saved/FirstPersonExampleMap_Auto319DCA16D472BE58272AE30810BF457A7.tmp' to '../../../../../../Users/User/Documents/Unreal Projects/MyProject/Saved/Autosaves/Game/FirstPersonBP/Maps/FirstPersonExampleMap_Auto3.umap'
[2016.07.05-07.51.16:511][422]LogSavePackage: Total save time: 1094.72ms
[2016.07.05-07.51.16:511][422]LogSavePackage:Display: Finished SavePackage ../../../../../../Users/User/Documents/Unreal Projects/MyProject/Saved/Autosaves/Game/FirstPersonBP/Maps/FirstPersonExampleMap_Auto3.umap
[2016.07.05-07.51.16:517][422]LogFileHelpers: Editor autosave (incl. sublevels) for '/Game/FirstPersonBP/Maps/FirstPersonExampleMap' took 1.129
[2016.07.05-07.51.16:517][422]LogFileHelpers: Editor autosave (incl. sublevels) for all levels took 1.129
[2016.07.05-07.52.31:817][378]BlueprintLog: New page: Compile FirstPersonExampleMap
[2016.07.05-07.52.31:879][378]BlueprintEditorCompileResults: Info [3348.45] Compile of FirstPersonExampleMap successful! [in 58 ms]
[2016.07.05-07.57.50:012][ 94]LogEditorViewport: Clicking on Actor (LMB): StaticMeshActor (Floor)
[2016.07.05-07.57.50:716][168]LogEditorViewport: Clicking on Actor (LMB): StaticMeshActor (AirlockType3)
[2016.07.05-07.57.51:988][301]Cmd: SELECT NONE
[2016.07.05-08.01.16:995][711]LogActorComponent: UnregisterComponent: (/Engine/Transient.CharMoveComp) Not registered. Aborting.
[2016.07.05-08.01.16:995][711]LogActorComponent: UnregisterComponent: (/Engine/Transient.ProjectileMovementComponent_40__A6522401) Not registered. Aborting.
[2016.07.05-08.01.18:085][711]LogSavePackage: Save=1055.03ms
[2016.07.05-08.01.18:085][711]LogSavePackage: Moving '../../../../../../Users/User/Documents/Unreal Projects/MyProject/Saved/FirstPersonExampleMap_Auto471F302024B1EADABA9C8D5B1CBCE0D2B.tmp' to '../../../../../../Users/User/Documents/Unreal Projects/MyProject/Saved/Autosaves/Game/FirstPersonBP/Maps/FirstPersonExampleMap_Auto4.umap'
[2016.07.05-08.01.18:085][711]LogSavePackage: Total save time: 1071.29ms
[2016.07.05-08.01.18:085][711]LogSavePackage:Display: Finished SavePackage ../../../../../../Users/User/Documents/Unreal Projects/MyProject/Saved/Autosaves/Game/FirstPersonBP/Maps/FirstPersonExampleMap_Auto4.umap
[2016.07.05-08.01.18:088][711]LogFileHelpers: Editor autosave (incl. sublevels) for '/Game/FirstPersonBP/Maps/FirstPersonExampleMap' took 1.093
[2016.07.05-08.01.18:088][711]LogFileHelpers: Editor autosave (incl. sublevels) for all levels took 1.093
[2016.07.05-08.03.38:480][616]Cmd: CAMERA ALIGN ACTIVEVIEWPORTONLY
[2016.07.05-08.03.38:687][640]Cmd: CAMERA ALIGN ACTIVEVIEWPORTONLY
[2016.07.05-08.03.41:682][986]Cmd: CAMERA ALIGN ACTIVEVIEWPORTONLY
[2016.07.05-08.03.43:783][229]Cmd: CAMERA ALIGN ACTIVEVIEWPORTONLY
[2016.07.05-08.04.41:949][106]BlueprintLog: New page: Compile FirstPersonExampleMap
[2016.07.05-08.04.42:013][106]BlueprintEditorCompileResults: Info [4078.59] Compile of FirstPersonExampleMap successful! [in 63 ms]
[2016.07.05-08.04.53:836][422]BlueprintLog: New page: Compile FirstPersonExampleMap
[2016.07.05-08.04.53:900][422]BlueprintEditorCompileResults: Info [4090.48] Compile of FirstPersonExampleMap successful! [in 63 ms]
[2016.07.05-08.05.00:557][879]LogBlueprintUserMessages: Early PlayInEditor Detection: Level '/Game/FirstPersonBP/Maps/FirstPersonExampleMap.FirstPersonExampleMap:PersistentLevel' has LevelScriptBlueprint '/Game/FirstPersonBP/Maps/FirstPersonExampleMap.FirstPersonExampleMap:PersistentLevel.FirstPersonExampleMap' with GeneratedClass '/Game/FirstPersonBP/Maps/FirstPersonExampleMap.FirstPersonExampleMap_C' with ClassGeneratedBy '/Game/FirstPersonBP/Maps/FirstPersonExampleMap.FirstPersonExampleMap:PersistentLevel.FirstPersonExampleMap'
[2016.07.05-08.05.00:557][879]LogPlayLevel: PlayLevel: No blueprints needed recompiling
[2016.07.05-08.05.00:560][879]PIE: New page: PIE session: FirstPersonExampleMap (6 Jul 2016 4:05:00 am)
[2016.07.05-08.05.00:561][879]LogPlayLevel: Creating play world package: /Game/FirstPersonBP/Maps/UEDPIE_0_FirstPersonExampleMap
[2016.07.05-08.05.00:583][879]LogPlayLevel: PIE: StaticDuplicateObject took: (0.022812s)
[2016.07.05-08.05.00:584][879]LogAIModule: Creating AISystem for world FirstPersonExampleMap
[2016.07.05-08.05.00:584][879]LogPlayLevel: PIE: World Init took: (0.000920s)
[2016.07.05-08.05.00:585][879]LogPlayLevel: PIE: Created PIE world by copying editor world from /Game/FirstPersonBP/Maps/FirstPersonExampleMap.FirstPersonExampleMap to /Game/FirstPersonBP/Maps/UEDPIE_0_FirstPersonExampleMap.FirstPersonExampleMap (0.024264s)
[2016.07.05-08.05.00:606][879]LogInit: XAudio2 using 'Speakers (Realtek High Definition Audio)' : 2 channels at 48 kHz using 32 bits per sample (channel mask 0x3)
[2016.07.05-08.05.00:614][879]LogInit: FAudioDevice initialized.
[2016.07.05-08.05.00:713][879]LogWorld: Game class is 'FirstPersonGameMode_C'
[2016.07.05-08.05.00:724][879]LogWorld: Bringing World /Game/FirstPersonBP/Maps/UEDPIE_0_FirstPersonExampleMap.FirstPersonExampleMap up for play (max tick rate 0) at 2016.07.05-18.05.00
[2016.07.05-08.05.00:729][879]LogWorld: Bringing up level for play took: 0.009066
[2016.07.05-08.05.00:750][879]LogContentBrowser: Native class hierarchy updated for 'MovieSceneCapture' in 0.0003 seconds. Added 9 classes and 0 folders.
[2016.07.05-08.05.00:759][879]PIE: Info Play in editor start time for /Game/FirstPersonBP/Maps/UEDPIE_0_FirstPersonExampleMap 0.544
[2016.07.05-08.05.00:759][879]LogBlueprintUserMessages: Late PlayInEditor Detection: Level '/Game/FirstPersonBP/Maps/FirstPersonExampleMap.FirstPersonExampleMap:PersistentLevel' has LevelScriptBlueprint '/Game/FirstPersonBP/Maps/FirstPersonExampleMap.FirstPersonExampleMap:PersistentLevel.FirstPersonExampleMap' with GeneratedClass '/Game/FirstPersonBP/Maps/FirstPersonExampleMap.FirstPersonExampleMap_C' with ClassGeneratedBy '/Game/FirstPersonBP/Maps/FirstPersonExampleMap.FirstPersonExampleMap:PersistentLevel.FirstPersonExampleMap'
[2016.07.05-08.05.00:803][879]LogRenderer: Reallocating scene render targets to support 1920x1080 (Frame:140035).
[2016.07.05-08.05.28:000][123]LogBlueprintUserMessages: Early EndPlayMap Detection: Level '/Game/FirstPersonBP/Maps/FirstPersonExampleMap.FirstPersonExampleMap:PersistentLevel' has LevelScriptBlueprint '/Game/FirstPersonBP/Maps/FirstPersonExampleMap.FirstPersonExampleMap:PersistentLevel.FirstPersonExampleMap' with GeneratedClass '/Game/FirstPersonBP/Maps/FirstPersonExampleMap.FirstPersonExampleMap_C' with ClassGeneratedBy '/Game/FirstPersonBP/Maps/FirstPersonExampleMap.FirstPersonExampleMap:PersistentLevel.FirstPersonExampleMap'
[2016.07.05-08.05.28:047][123]LogBlueprintUserMessages: Late EndPlayMap Detection: Level '/Game/FirstPersonBP/Maps/FirstPersonExampleMap.FirstPersonExampleMap:PersistentLevel' has LevelScriptBlueprint '/Game/FirstPersonBP/Maps/FirstPersonExampleMap.FirstPersonExampleMap:PersistentLevel.FirstPersonExampleMap' with GeneratedClass '/Game/FirstPersonBP/Maps/FirstPersonExampleMap.FirstPersonExampleMap_C' with ClassGeneratedBy '/Game/FirstPersonBP/Maps/FirstPersonExampleMap.FirstPersonExampleMap:PersistentLevel.FirstPersonExampleMap'
[2016.07.05-08.05.28:084][124]LogRenderTargetPool:Warning: r.RenderTargetPoolMin exceeded 411/400 MB (ok in editor, bad on fixed memory platform)
[2016.07.05-08.05.30:166][373]LogEditorViewport: Clicking on Actor (LMB): StaticMeshActor (AirlockType3)
[2016.07.05-08.05.33:268][740]LogEditorViewport: Clicking on Actor (LMB): StaticMeshActor (AirlockType3)
[2016.07.05-08.05.34:554][890]LogEditorViewport: Clicking on Actor (LMB): StaticMeshActor (AirlockType3)
[2016.07.05-08.05.36:953][175]LogRenderTargetPool:Warning: r.RenderTargetPoolMin exceeded 423/400 MB (ok in editor, bad on fixed memory platform)
[2016.07.05-08.05.38:751][390]LogRenderTargetPool:Warning: r.RenderTargetPoolMin exceeded 423/400 MB (ok in editor, bad on fixed memory platform)
[2016.07.05-08.07.21:792][625]LogRenderTargetPool:Warning: r.RenderTargetPoolMin exceeded 423/400 MB (ok in editor, bad on fixed memory platform)
[2016.07.05-08.07.27:550][302]Cmd: TRANSACTION UNDO
[2016.07.05-08.07.27:550][302]LogEditorTransaction: Undo Scale Actors
[2016.07.05-08.07.30:307][613]LogEditorViewport: Clicking on Actor (context menu): StaticMeshActor (AirlockType3)
[2016.07.05-08.07.36:254][316]LogRenderTargetPool:Warning: r.RenderTargetPoolMin exceeded 423/400 MB (ok in editor, bad on fixed memory platform)
[2016.07.05-08.07.52:812][277]LogRenderTargetPool:Warning: r.RenderTargetPoolMin exceeded 423/400 MB (ok in editor, bad on fixed memory platform)
[2016.07.05-08.07.54:594][347]LogSavePackage: Save=1082.31ms
[2016.07.05-08.07.54:594][347]LogSavePackage: Moving '../../../../../../Users/User/Documents/Unreal Projects/MyProject/Saved/FirstPersonExampleMap30AF33FA4F51B07D9773018F31ED5B59.tmp' to '../../../../../../Users/User/Documents/Unreal Projects/MyProject/Content/FirstPersonBP/Maps/FirstPersonExampleMap.umap'
[2016.07.05-08.07.54:599][347]LogSavePackage: Total save time: 1103.25ms
[2016.07.05-08.07.54:599][347]LogSavePackage:Display: Finished SavePackage ../../../../../../Users/User/Documents/Unreal Projects/MyProject/Content/FirstPersonBP/Maps/FirstPersonExampleMap.umap
[2016.07.05-08.07.54:664][347]LogFileHelpers: Saving map 'FirstPersonExampleMap' took 1.221
[2016.07.05-08.08.00:254][  5]LogRenderTargetPool:Warning: r.RenderTargetPoolMin exceeded 423/400 MB (ok in editor, bad on fixed memory platform)
[2016.07.05-08.08.00:296][ 10]LogEditorViewport: Clicking on Actor (LMB): MatineeActor (MatineeActor1)
[2016.07.05-08.08.05:217][598]Cmd: CAMERA ALIGN ACTIVEVIEWPORTONLY
[2016.07.05-08.08.15:940][880]LogRenderTargetPool:Warning: r.RenderTargetPoolMin exceeded 423/400 MB (ok in editor, bad on fixed memory platform)
[2016.07.05-08.08.21:228][512]Cmd: TRANSACTION UNDO
[2016.07.05-08.08.21:228][512]LogEditorTransaction: Undo Scale Actors
[2016.07.05-08.08.26:208][ 87]Cmd: TRANSACTION UNDO
[2016.07.05-08.08.26:208][ 87]LogEditorTransaction: Undo Scale Actors
[2016.07.05-08.08.26:937][154]LogRenderTargetPool:Warning: r.RenderTargetPoolMin exceeded 423/400 MB (ok in editor, bad on fixed memory platform)
[2016.07.05-08.08.27:238][190]LogRenderTargetPool:Warning: r.RenderTargetPoolMin exceeded 423/400 MB (ok in editor, bad on fixed memory platform)
[2016.07.05-08.08.27:587][232]LogRenderTargetPool:Warning: r.RenderTargetPoolMin exceeded 423/400 MB (ok in editor, bad on fixed memory platform)
[2016.07.05-08.08.27:812][259]LogRenderTargetPool:Warning: r.RenderTargetPoolMin exceeded 423/400 MB (ok in editor, bad on fixed memory platform)
[2016.07.05-08.08.32:043][756]LogRenderTargetPool:Warning: r.RenderTargetPoolMin exceeded 423/400 MB (ok in editor, bad on fixed memory platform)
[2016.07.05-08.08.33:199][894]LogEditorViewport: Clicking on Actor (LMB): StaticMeshActor (AirlockType3)
[2016.07.05-08.08.35:130][119]LogRenderTargetPool:Warning: r.RenderTargetPoolMin exceeded 423/400 MB (ok in editor, bad on fixed memory platform)
[2016.07.05-08.08.49:363][815]LogEditorViewport: Clicking on Actor (LMB): StaticMeshActor (AirlockType3)
[2016.07.05-08.08.55:865][586]LogRenderTargetPool:Warning: r.RenderTargetPoolMin exceeded 423/400 MB (ok in editor, bad on fixed memory platform)
[2016.07.05-08.08.56:623][676]LogRenderTargetPool:Warning: r.RenderTargetPoolMin exceeded 423/400 MB (ok in editor, bad on fixed memory platform)
[2016.07.05-08.08.58:665][920]Cmd: TRANSACTION UNDO
[2016.07.05-08.08.58:665][920]LogEditorTransaction: Undo Clicking on Actors
[2016.07.05-08.08.59:331][979]Cmd: TRANSACTION UNDO
[2016.07.05-08.08.59:331][979]LogEditorTransaction: Undo Clicking on Actors
[2016.07.05-08.09.00:724][142]LogRenderTargetPool:Warning: r.RenderTargetPoolMin exceeded 423/400 MB (ok in editor, bad on fixed memory platform)
[2016.07.05-08.09.03:446][466]LogRenderTargetPool:Warning: r.RenderTargetPoolMin exceeded 423/400 MB (ok in editor, bad on fixed memory platform)
[2016.07.05-08.09.07:066][894]LogRenderTargetPool:Warning: r.RenderTargetPoolMin exceeded 423/400 MB (ok in editor, bad on fixed memory platform)
[2016.07.05-08.09.13:681][684]LogRenderTargetPool:Warning: r.RenderTargetPoolMin exceeded 423/400 MB (ok in editor, bad on fixed memory platform)
[2016.07.05-08.09.16:653][ 39]LogRenderTargetPool:Warning: r.RenderTargetPoolMin exceeded 439/400 MB (ok in editor, bad on fixed memory platform)
[2016.07.05-08.09.26:388][995]LogRenderTargetPool:Warning: r.RenderTargetPoolMin exceeded 439/400 MB (ok in editor, bad on fixed memory platform)
[2016.07.05-08.09.35:168][506]LogRenderTargetPool:Warning: r.RenderTargetPoolMin exceeded 423/400 MB (ok in editor, bad on fixed memory platform)
[2016.07.05-08.09.41:006][203]LogRenderTargetPool:Warning: r.RenderTargetPoolMin exceeded 439/400 MB (ok in editor, bad on fixed memory platform)
[2016.07.05-08.09.56:991][852]LogRenderTargetPool:Warning: r.RenderTargetPoolMin exceeded 439/400 MB (ok in editor, bad on fixed memory platform)
[2016.07.05-08.10.04:018][690]LogRenderTargetPool:Warning: r.RenderTargetPoolMin exceeded 423/400 MB (ok in editor, bad on fixed memory platform)
[2016.07.05-08.10.04:606][758]LogRenderTargetPool:Warning: r.RenderTargetPoolMin exceeded 423/400 MB (ok in editor, bad on fixed memory platform)
[2016.07.05-08.10.05:465][861]LogEditorActor: Deleted Actor: Emitter
[2016.07.05-08.10.05:466][861]LogEditorActor: Deleted Actor: Emitter
[2016.07.05-08.10.05:466][861]LogActorComponent: UnregisterComponent: (/Engine/Transient.CharMoveComp) Not registered. Aborting.
[2016.07.05-08.10.05:466][861]LogActorComponent: UnregisterComponent: (/Engine/Transient.ProjectileMovementComponent_40__A6522401) Not registered. Aborting.
[2016.07.05-08.10.05:481][861]LogEditorActor: Deleted 2 Actors (0.017 secs)
[2016.07.05-08.10.35:945][670]LogRenderTargetPool:Warning: r.RenderTargetPoolMin exceeded 423/400 MB (ok in editor, bad on fixed memory platform)
[2016.07.05-08.10.49:215][254]LogRenderTargetPool:Warning: r.RenderTargetPoolMin exceeded 439/400 MB (ok in editor, bad on fixed memory platform)
[2016.07.05-08.10.50:747][429]LogRenderTargetPool:Warning: r.RenderTargetPoolMin exceeded 439/400 MB (ok in editor, bad on fixed memory platform)
[2016.07.05-08.10.54:648][897]LogRenderTargetPool:Warning: r.RenderTargetPoolMin exceeded 439/400 MB (ok in editor, bad on fixed memory platform)
[2016.07.05-08.10.58:953][344]LogRenderTargetPool:Warning: r.RenderTargetPoolMin exceeded 423/400 MB (ok in editor, bad on fixed memory platform)
[2016.07.05-08.11.07:246][284]LogRenderTargetPool:Warning: r.RenderTargetPoolMin exceeded 423/400 MB (ok in editor, bad on fixed memory platform)
[2016.07.05-08.11.09:564][558]LogRenderTargetPool:Warning: r.RenderTargetPoolMin exceeded 423/400 MB (ok in editor, bad on fixed memory platform)
[2016.07.05-08.11.14:033][ 71]LogRenderTargetPool:Warning: r.RenderTargetPoolMin exceeded 423/400 MB (ok in editor, bad on fixed memory platform)
[2016.07.05-08.11.14:631][143]LogRenderTargetPool:Warning: r.RenderTargetPoolMin exceeded 439/400 MB (ok in editor, bad on fixed memory platform)
[2016.07.05-08.11.14:764][159]LogRenderTargetPool:Warning: r.RenderTargetPoolMin exceeded 439/400 MB (ok in editor, bad on fixed memory platform)
[2016.07.05-08.11.15:613][261]LogRenderTargetPool:Warning: r.RenderTargetPoolMin exceeded 439/400 MB (ok in editor, bad on fixed memory platform)
[2016.07.05-08.11.17:391][442]LogRenderTargetPool:Warning: r.RenderTargetPoolMin exceeded 423/400 MB (ok in editor, bad on fixed memory platform)
[2016.07.05-08.11.18:184][535]LogUObjectHash:Warning: Ambiguous search, could be K2Node_MacroInstance /Game/Blueprints/AirlockOpen2.AirlockOpen2:EventGraph.K2Node_MacroInstance_27 or K2Node_MacroInstance /Game/FirstPersonBP/Maps/FirstPersonExampleMap.FirstPersonExampleMap:PersistentLevel.FirstPersonExampleMap.EventGraph.K2Node_MacroInstance_27
[2016.07.05-08.11.18:184][535]LogProperty:Warning: Illegal TEXT reference to a private object in external package (EdGraphPin /Game/FirstPersonBP/Maps/FirstPersonExampleMap.FirstPersonExampleMap:PersistentLevel.FirstPersonExampleMap.EventGraph.K2Node_MacroInstance_27.EdGraphPin_32525) from referencer (EdGraphPin /Game/Blueprints/AirlockOpen2.AirlockOpen2:EventGraph.K2Node_InputAction_17.EdGraphPin_32384).  Import failed...
[2016.07.05-08.11.18:184][535]LogProperty:Warning: ObjectProperty /Script/Engine.EdGraphPin:LinkedTo.LinkedTo: unresolved reference to 'EdGraphPin'K2Node_MacroInstance_27.EdGraphPin_32525''
[2016.07.05-08.11.18:184][535]LogUObjectHash:Warning: Ambiguous search, could be K2Node_MacroInstance /Game/Blueprints/AirlockOpen2.AirlockOpen2:EventGraph.K2Node_MacroInstance_27 or K2Node_MacroInstance /Game/FirstPersonBP/Maps/FirstPersonExampleMap.FirstPersonExampleMap:PersistentLevel.FirstPersonExampleMap.EventGraph.K2Node_MacroInstance_27
[2016.07.05-08.11.18:184][535]LogProperty:Warning: Illegal TEXT reference to a private object in external package (EdGraphPin /Game/FirstPersonBP/Maps/FirstPersonExampleMap.FirstPersonExampleMap:PersistentLevel.FirstPersonExampleMap.EventGraph.K2Node_MacroInstance_27.EdGraphPin_32526) from referencer (EdGraphPin /Game/Blueprints/AirlockOpen2.AirlockOpen2:EventGraph.K2Node_ActorBoundEvent_0.EdGraphPin_32434).  Import failed...
[2016.07.05-08.11.18:184][535]LogProperty:Warning: ObjectProperty /Script/Engine.EdGraphPin:LinkedTo.LinkedTo: unresolved reference to 'EdGraphPin'K2Node_MacroInstance_27.EdGraphPin_32526''
[2016.07.05-08.11.18:184][535]LogProperty:Warning: Illegal TEXT reference to a private object in external package (TriggerBox /Game/FirstPersonBP/Maps/FirstPersonExampleMap.FirstPersonExampleMap:PersistentLevel.TriggerBox_1) from referencer (K2Node_ActorBoundEvent /Game/Blueprints/AirlockOpen2.AirlockOpen2:EventGraph.K2Node_ActorBoundEvent_0).  Import failed...
[2016.07.05-08.11.18:184][535]LogProperty:Warning: ObjectProperty /Script/BlueprintGraph.K2Node_ActorBoundEvent:EventOwner: unresolved reference to 'TriggerBox'/Game/FirstPersonBP/Maps/FirstPersonExampleMap.FirstPersonExampleMap:PersistentLevel.TriggerBox_1''
[2016.07.05-08.11.18:184][535]LogUObjectHash:Warning: Ambiguous search, could be K2Node_MacroInstance /Game/Blueprints/AirlockOpen2.AirlockOpen2:EventGraph.K2Node_MacroInstance_27 or K2Node_MacroInstance /Game/FirstPersonBP/Maps/FirstPersonExampleMap.FirstPersonExampleMap:PersistentLevel.FirstPersonExampleMap.EventGraph.K2Node_MacroInstance_27
[2016.07.05-08.11.18:185][535]LogProperty:Warning: Illegal TEXT reference to a private object in external package (EdGraphPin /Game/FirstPersonBP/Maps/FirstPersonExampleMap.FirstPersonExampleMap:PersistentLevel.FirstPersonExampleMap.EventGraph.K2Node_MacroInstance_27.EdGraphPin_32527) from referencer (EdGraphPin /Game/Blueprints/AirlockOpen2.AirlockOpen2:EventGraph.K2Node_ActorBoundEvent_18.EdGraphPin_32494).  Import failed...
[2016.07.05-08.11.18:185][535]LogProperty:Warning: ObjectProperty /Script/Engine.EdGraphPin:LinkedTo.LinkedTo: unresolved reference to 'EdGraphPin'K2Node_MacroInstance_27.EdGraphPin_32527''
[2016.07.05-08.11.18:185][535]LogProperty:Warning: Illegal TEXT reference to a private object in external package (TriggerBox /Game/FirstPersonBP/Maps/FirstPersonExampleMap.FirstPersonExampleMap:PersistentLevel.TriggerBox_1) from referencer (K2Node_ActorBoundEvent /Game/Blueprints/AirlockOpen2.AirlockOpen2:EventGraph.K2Node_ActorBoundEvent_18).  Import failed...
[2016.07.05-08.11.18:185][535]LogProperty:Warning: ObjectProperty /Script/BlueprintGraph.K2Node_ActorBoundEvent:EventOwner: unresolved reference to 'TriggerBox'/Game/FirstPersonBP/Maps/FirstPersonExampleMap.FirstPersonExampleMap:PersistentLevel.TriggerBox_1''
[2016.07.05-08.11.18:185][535]LogUObjectHash:Warning: Ambiguous search, could be K2Node_MacroInstance /Game/FirstPersonBP/Maps/FirstPersonExampleMap.FirstPersonExampleMap:PersistentLevel.FirstPersonExampleMap.EventGraph.K2Node_MacroInstance_29 or K2Node_MacroInstance /Game/Blueprints/AirlockOpen2.AirlockOpen2:EventGraph.K2Node_MacroInstance_29
[2016.07.05-08.11.18:185][535]LogProperty:Warning: Illegal TEXT reference to a private object in external package (EdGraphPin /Game/FirstPersonBP/Maps/FirstPersonExampleMap.FirstPersonExampleMap:PersistentLevel.FirstPersonExampleMap.EventGraph.K2Node_MacroInstance_29.EdGraphPin_32556) from referencer (EdGraphPin /Game/Blueprints/AirlockOpen2.AirlockOpen2:EventGraph.K2Node_MacroInstance_27.EdGraphPin_32530).  Import failed...
[2016.07.05-08.11.18:185][535]LogProperty:Warning: ObjectProperty /Script/Engine.EdGraphPin:LinkedTo.LinkedTo: unresolved reference to 'EdGraphPin'K2Node_MacroInstance_29.EdGraphPin_32556''
[2016.07.05-08.11.18:185][535]LogUObjectHash:Warning: Ambiguous search, could be K2Node_CallFunction /Game/FirstPersonBP/Maps/FirstPersonExampleMap.FirstPersonExampleMap:PersistentLevel.FirstPersonExampleMap.EventGraph.K2Node_CallFunction_2748 or K2Node_CallFunction /Game/Blueprints/AirlockOpen2.AirlockOpen2:EventGraph.K2Node_CallFunction_2748
[2016.07.05-08.11.18:185][535]LogProperty:Warning: Illegal TEXT reference to a private object in external package (EdGraphPin /Game/FirstPersonBP/Maps/FirstPersonExampleMap.FirstPersonExampleMap:PersistentLevel.FirstPersonExampleMap.EventGraph.K2Node_CallFunction_2748.EdGraphPin_32611) from referencer (EdGraphPin /Game/Blueprints/AirlockOpen2.AirlockOpen2:EventGraph.K2Node_MacroInstance_29.EdGraphPin_32558).  Import failed...
[2016.07.05-08.11.18:185][535]LogProperty:Warning: ObjectProperty /Script/Engine.EdGraphPin:LinkedTo.LinkedTo: unresolved reference to 'EdGraphPin'K2Node_CallFunction_2748.EdGraphPin_32611''
[2016.07.05-08.11.18:185][535]LogUObjectHash:Warning: Ambiguous search, could be K2Node_CallFunction /Game/FirstPersonBP/Maps/FirstPersonExampleMap.FirstPersonExampleMap:PersistentLevel.FirstPersonExampleMap.EventGraph.K2Node_CallFunction_2749 or K2Node_CallFunction /Game/Blueprints/AirlockOpen2.AirlockOpen2:EventGraph.K2Node_CallFunction_2749
[2016.07.05-08.11.18:185][535]LogProperty:Warning: Illegal TEXT reference to a private object in external package (EdGraphPin /Game/FirstPersonBP/Maps/FirstPersonExampleMap.FirstPersonExampleMap:PersistentLevel.FirstPersonExampleMap.EventGraph.K2Node_CallFunction_2749.EdGraphPin_32614) from referencer (EdGraphPin /Game/Blueprints/AirlockOpen2.AirlockOpen2:EventGraph.K2Node_MacroInstance_29.EdGraphPin_32557).  Import failed...
[2016.07.05-08.11.18:185][535]LogProperty:Warning: ObjectProperty /Script/Engine.EdGraphPin:LinkedTo.LinkedTo: unresolved reference to 'EdGraphPin'K2Node_CallFunction_2749.EdGraphPin_32614''
[2016.07.05-08.11.18:185][535]LogUObjectHash:Warning: Ambiguous search, could be K2Node_CallFunction /Game/FirstPersonBP/Maps/FirstPersonExampleMap.FirstPersonExampleMap:PersistentLevel.FirstPersonExampleMap.EventGraph.K2Node_CallFunction_2748 or K2Node_CallFunction /Game/Blueprints/AirlockOpen2.AirlockOpen2:EventGraph.K2Node_CallFunction_2748
[2016.07.05-08.11.18:185][535]LogProperty:Warning: Illegal TEXT reference to a private object in external package (EdGraphPin /Game/FirstPersonBP/Maps/FirstPersonExampleMap.FirstPersonExampleMap:PersistentLevel.FirstPersonExampleMap.EventGraph.K2Node_CallFunction_2748.EdGraphPin_32613) from referencer (EdGraphPin /Game/Blueprints/AirlockOpen2.AirlockOpen2:EventGraph.K2Node_Literal_22.EdGraphPin_32585).  Import failed...
[2016.07.05-08.11.18:185][535]LogProperty:Warning: ObjectProperty /Script/Engine.EdGraphPin:LinkedTo.LinkedTo: unresolved reference to 'EdGraphPin'K2Node_CallFunction_2748.EdGraphPin_32613''
[2016.07.05-08.11.18:185][535]LogUObjectHash:Warning: Ambiguous search, could be K2Node_CallFunction /Game/FirstPersonBP/Maps/FirstPersonExampleMap.FirstPersonExampleMap:PersistentLevel.FirstPersonExampleMap.EventGraph.K2Node_CallFunction_2749 or K2Node_CallFunction /Game/Blueprints/AirlockOpen2.AirlockOpen2:EventGraph.K2Node_CallFunction_2749
[2016.07.05-08.11.18:185][535]LogProperty:Warning: Illegal TEXT reference to a private object in external package (EdGraphPin /Game/FirstPersonBP/Maps/FirstPersonExampleMap.FirstPersonExampleMap:PersistentLevel.FirstPersonExampleMap.EventGraph.K2Node_CallFunction_2749.EdGraphPin_32616) from referencer (EdGraphPin /Game/Blueprints/AirlockOpen2.AirlockOpen2:EventGraph.K2Node_Literal_22.EdGraphPin_32585).  Import failed...
[2016.07.05-08.11.18:185][535]LogProperty:Warning: ObjectProperty /Script/Engine.EdGraphPin:LinkedTo.LinkedTo: unresolved reference to 'EdGraphPin'K2Node_CallFunction_2749.EdGraphPin_32616''
[2016.07.05-08.11.18:185][535]LogProperty:Warning: Illegal TEXT reference to a private object in external package (MatineeActor /Game/FirstPersonBP/Maps/FirstPersonExampleMap.FirstPersonExampleMap:PersistentLevel.MatineeActor_1) from referencer (K2Node_Literal /Game/Blueprints/AirlockOpen2.AirlockOpen2:EventGraph.K2Node_Literal_22).  Import failed...
[2016.07.05-08.11.18:185][535]LogProperty:Warning: ObjectProperty /Script/BlueprintGraph.K2Node_Literal:ObjectRef: unresolved reference to 'MatineeActor'/Game/FirstPersonBP/Maps/FirstPersonExampleMap.FirstPersonExampleMap:PersistentLevel.MatineeActor_1''
[2016.07.05-08.11.18:197][535]LogActorComponent: UnregisterComponent: (/Engine/Transient.CharMoveComp) Not registered. Aborting.
[2016.07.05-08.11.18:197][535]LogActorComponent: UnregisterComponent: (/Engine/Transient.ProjectileMovementComponent_40__A6522401) Not registered. Aborting.
[2016.07.05-08.11.21:172][878]LogRenderTargetPool:Warning: r.RenderTargetPoolMin exceeded 423/400 MB (ok in editor, bad on fixed memory platform)
[2016.07.05-08.11.22:817][ 70]LogRenderTargetPool:Warning: r.RenderTargetPoolMin exceeded 423/400 MB (ok in editor, bad on fixed memory platform)
[2016.07.05-08.11.30:279][715]LogRenderTargetPool:Warning: r.RenderTargetPoolMin exceeded 423/400 MB (ok in editor, bad on fixed memory platform)
[2016.07.05-08.11.31:859][898]LogRenderTargetPool:Warning: r.RenderTargetPoolMin exceeded 423/400 MB (ok in editor, bad on fixed memory platform)
[2016.07.05-08.11.34:722][234]LogRenderTargetPool:Warning: r.RenderTargetPoolMin exceeded 423/400 MB (ok in editor, bad on fixed memory platform)
[2016.07.05-08.12.04:865][339]LogRenderTargetPool:Warning: r.RenderTargetPoolMin exceeded 423/400 MB (ok in editor, bad on fixed memory platform)
[2016.07.05-08.12.08:173][683]BlueprintLog: New page: Compile AirlockOpen2
[2016.07.05-08.12.08:185][683]LogBlueprint:Warning: [compiler AirlockOpen2] Warning Node  Unknown  is not referencing a valid level actor
[2016.07.05-08.12.08:185][683]LogBlueprint:Error: [compiler AirlockOpen2] Error Couldn't find object for bound event node  OnActorBeginOverlap (None) 
[2016.07.05-08.12.08:185][683]LogBlueprint:Error: [compiler AirlockOpen2] Error Couldn't find object for bound event node  OnActorEndOverlap (None) 
[2016.07.05-08.12.08:242][683]LogTexture:Display: Building textures: BadBlueprintSprite (BGRA8)
[2016.07.05-08.12.08:514][683]LogBlueprint:Warning: [compiler AirlockOpen2] Warning [4525.09] Compile of AirlockOpen2 failed. 2 Fatal Issue(s) 1 Warning(s) [in 340 ms]
[2016.07.05-08.12.08:514][683]BlueprintEditorCompileResults:Warning: Warning Node  Unknown  is not referencing a valid level actor
[2016.07.05-08.12.08:514][683]BlueprintEditorCompileResults:Error: Error Couldn't find object for bound event node  OnActorBeginOverlap (None) 
[2016.07.05-08.12.08:514][683]BlueprintEditorCompileResults:Error: Error Couldn't find object for bound event node  OnActorEndOverlap (None) 
[2016.07.05-08.12.08:514][683]BlueprintEditorCompileResults:Warning: Warning [4525.09] Compile of AirlockOpen2 failed. 2 Fatal Issue(s) 1 Warning(s) [in 340 ms]
[2016.07.05-08.12.08:554][685]LogRenderTargetPool:Warning: r.RenderTargetPoolMin exceeded 439/400 MB (ok in editor, bad on fixed memory platform)
[2016.07.05-08.12.13:318][190]LogRenderTargetPool:Warning: r.RenderTargetPoolMin exceeded 423/400 MB (ok in editor, bad on fixed memory platform)
[2016.07.05-08.12.13:639][226]LogRenderTargetPool:Warning: r.RenderTargetPoolMin exceeded 423/400 MB (ok in editor, bad on fixed memory platform)
[2016.07.05-08.12.16:536][549]LogRenderTargetPool:Warning: r.RenderTargetPoolMin exceeded 423/400 MB (ok in editor, bad on fixed memory platform)
[2016.07.05-08.12.19:202][816]BlueprintLog: New page: Compile AirlockOpen2
[2016.07.05-08.12.19:269][816]BlueprintEditorCompileResults: Info [4535.85] Compile of AirlockOpen2 successful! [in 67 ms]
[2016.07.05-08.12.19:287][817]LogRenderTargetPool:Warning: r.RenderTargetPoolMin exceeded 439/400 MB (ok in editor, bad on fixed memory platform)
[2016.07.05-08.12.20:556][964]Cmd: OBJ SAVEPACKAGE PACKAGE="/Game/Blueprints/AirlockOpen2" FILE="../../../../../../Users/User/Documents/Unreal Projects/MyProject/Content/Blueprints/AirlockOpen2.uasset" SILENT=true
[2016.07.05-08.12.20:595][964]LogSavePackage: Save=33.83ms
[2016.07.05-08.12.20:595][964]LogSavePackage: Moving '../../../../../../Users/User/Documents/Unreal Projects/MyProject/Saved/AirlockOpen2E2F16E3D41ADAE72070842896929F7D4.tmp' to '../../../../../../Users/User/Documents/Unreal Projects/MyProject/Content/Blueprints/AirlockOpen2.uasset'
[2016.07.05-08.12.20:597][964]LogSavePackage: Total save time: 39.78ms
[2016.07.05-08.12.20:597][964]LogSavePackage:Display: Finished SavePackage ../../../../../../Users/User/Documents/Unreal Projects/MyProject/Content/Blueprints/AirlockOpen2.uasset
[2016.07.05-08.12.20:608][965]LogRenderTargetPool:Warning: r.RenderTargetPoolMin exceeded 439/400 MB (ok in editor, bad on fixed memory platform)
[2016.07.05-08.12.21:682][ 84]LogRenderTargetPool:Warning: r.RenderTargetPoolMin exceeded 423/400 MB (ok in editor, bad on fixed memory platform)
[2016.07.05-08.12.28:119][854]LogEditorViewport: Clicking on Actor (LMB): StaticMeshActor (Wall4)
[2016.07.05-08.12.28:625][911]LogEditorViewport: Clicking on Actor (LMB): StaticMeshActor (Wall4)
[2016.07.05-08.12.28:987][953]LogEditorViewport: Clicking on Actor (LMB): AirlockOpen2_C (AirlockType1)
[2016.07.05-08.12.29:726][ 39]LogEditorViewport: Clicking on Actor (LMB): StaticMeshActor (Wall4)
[2016.07.05-08.12.30:166][ 88]LogEditorViewport: Clicking on Actor (LMB): AirlockOpen2_C (AirlockType1)
[2016.07.05-08.12.31:522][246]LogRenderTargetPool:Warning: r.RenderTargetPoolMin exceeded 423/400 MB (ok in editor, bad on fixed memory platform)
[2016.07.05-08.12.36:854][880]LogRenderTargetPool:Warning: r.RenderTargetPoolMin exceeded 439/400 MB (ok in editor, bad on fixed memory platform)
[2016.07.05-08.12.37:852][999]LogRenderTargetPool:Warning: r.RenderTargetPoolMin exceeded 439/400 MB (ok in editor, bad on fixed memory platform)
[2016.07.05-08.12.38:512][ 78]LogRenderTargetPool:Warning: r.RenderTargetPoolMin exceeded 439/400 MB (ok in editor, bad on fixed memory platform)
[2016.07.05-08.12.38:815][114]LogRenderTargetPool:Warning: r.RenderTargetPoolMin exceeded 439/400 MB (ok in editor, bad on fixed memory platform)
[2016.07.05-08.12.40:438][308]LogRenderTargetPool:Warning: r.RenderTargetPoolMin exceeded 439/400 MB (ok in editor, bad on fixed memory platform)
[2016.07.05-08.12.46:664][491]LogObjectTools:Warning: ForceReplaceReferences replaced references for a transient object 'DEADCLASS_AirlockType1_Blueprint_C_4' or package '/Engine/Transient'.
[2016.07.05-08.12.46:664][491]LogObjectTools:Warning: ForceReplaceReferences replaced references for a transient object 'DEADCLASS_AirlockType1_Blueprint_C_5' or package '/Engine/Transient'.
[2016.07.05-08.12.46:664][491]LogObjectTools:Warning: ForceReplaceReferences replaced references for a transient object 'EdGraphPin_33514' or package '/Game/Blueprints/AirlockOpen2'.
[2016.07.05-08.12.46:664][491]LogObjectTools:Warning: ForceReplaceReferences replaced references for a transient object 'EdGraphPin_33512' or package '/Game/Blueprints/AirlockOpen2'.
[2016.07.05-08.12.46:664][491]LogObjectTools:Warning: ForceReplaceReferences replaced references for a transient object 'EdGraphPin_6898' or package '/Game/Blueprints/AirlockOpen2'.
[2016.07.05-08.12.46:664][491]LogObjectTools:Warning: ForceReplaceReferences replaced references for a transient object 'EdGraphPin_6919' or package '/Game/Blueprints/AirlockOpen2'.
[2016.07.05-08.12.46:664][491]LogObjectTools:Warning: ForceReplaceReferences replaced references for a transient object 'DEADCLASS_AirlockOpen1_C_0' or package '/Engine/Transient'.
[2016.07.05-08.12.46:664][491]LogObjectTools:Warning: ForceReplaceReferences replaced references for a transient object 'REINST_SKEL_AirlockType1_Blueprint_C_145' or package '/Engine/Transient'.
[2016.07.05-08.12.46:664][491]LogObjectTools:Warning: ForceReplaceReferences replaced references for a transient object 'DEADCLASS_AirlockOpen1_C_1' or package '/Engine/Transient'.
[2016.07.05-08.12.46:664][491]LogObjectTools:Warning: ForceReplaceReferences replaced references for a transient object 'EdGraphPin_6898' or package '/Game/Blueprints/AirlockOpen2'.
[2016.07.05-08.12.46:664][491]LogObjectTools:Warning: ForceReplaceReferences replaced references for a transient object 'EdGraphPin_6919' or package '/Game/Blueprints/AirlockOpen2'.
[2016.07.05-08.12.46:664][491]LogObjectTools:Warning: ForceReplaceReferences replaced references for a transient object 'DEADCLASS_AirlockOpen2_C_2' or package '/Engine/Transient'.
[2016.07.05-08.12.46:664][491]LogObjectTools:Warning: ForceReplaceReferences replaced references for a transient object 'REINST_AirlockType1_Blueprint_C_144' or package '/Engine/Transient'.
[2016.07.05-08.12.46:664][491]LogObjectTools:Warning: ForceReplaceReferences replaced references for a transient object 'DEADCLASS_AirlockOpen2_C_3' or package '/Engine/Transient'.
[2016.07.05-08.12.46:664][491]LogObjectTools:Warning: ForceReplaceReferences replaced references for a transient object 'REINST_SKEL_AirlockOpen2_C_143' or package '/Engine/Transient'.
[2016.07.05-08.12.46:664][491]LogObjectTools:Warning: ForceReplaceReferences replaced references for a transient object 'REINST_AirlockOpen2_C_142' or package '/Engine/Transient'.
[2016.07.05-08.12.46:665][491]LogObjectTools:Warning: ForceReplaceReferences replaced references for a transient object 'REINST_SKEL_AirlockOpen1_C_141' or package '/Engine/Transient'.
[2016.07.05-08.12.46:665][491]LogObjectTools:Warning: ForceReplaceReferences replaced references for a transient object 'REINST_AirlockOpen1_C_140' or package '/Engine/Transient'.
[2016.07.05-08.12.47:063][494]LogRenderTargetPool:Warning: r.RenderTargetPoolMin exceeded 439/400 MB (ok in editor, bad on fixed memory platform)
[2016.07.05-08.12.54:021][ 94]LogRenderTargetPool:Warning: r.RenderTargetPoolMin exceeded 423/400 MB (ok in editor, bad on fixed memory platform)
[2016.07.05-08.12.58:690][652]LogRenderTargetPool:Warning: r.RenderTargetPoolMin exceeded 423/400 MB (ok in editor, bad on fixed memory platform)
[2016.07.05-08.13.16:275][973]LogRenderTargetPool:Warning: r.RenderTargetPoolMin exceeded 423/400 MB (ok in editor, bad on fixed memory platform)
[2016.07.05-08.13.54:911][458]LogSavePackage: Save=1067.51ms
[2016.07.05-08.13.54:911][458]LogSavePackage: Moving '../../../../../../Users/User/Documents/Unreal Projects/MyProject/Saved/FirstPersonExampleMap9E6B39BA4DFCD8A90289EFB8494F40F6.tmp' to '../../../../../../Users/User/Documents/Unreal Projects/MyProject/Content/FirstPersonBP/Maps/FirstPersonExampleMap.umap'
[2016.07.05-08.13.54:915][458]LogSavePackage: Total save time: 1087.94ms
[2016.07.05-08.13.54:915][458]LogSavePackage:Display: Finished SavePackage ../../../../../../Users/User/Documents/Unreal Projects/MyProject/Content/FirstPersonBP/Maps/FirstPersonExampleMap.umap
[2016.07.05-08.13.54:945][458]LogFileHelpers: Saving map 'FirstPersonExampleMap' took 1.174
[2016.07.05-08.14.04:741][394]LogRenderTargetPool:Warning: r.RenderTargetPoolMin exceeded 423/400 MB (ok in editor, bad on fixed memory platform)
[2016.07.05-08.14.06:589][582]Cmd: QUIT_EDITOR
[2016.07.05-08.14.07:369][582]LogWindowsTextInputMethodSystem:Display: IME system now deactivated.
[2016.07.05-08.14.07:404][582]LogExit: Preparing to exit.
[2016.07.05-08.14.08:581][582]LogExit: Editor shut down
[2016.07.05-08.14.08:581][582]LogExit: Transaction tracking system shut down
[2016.07.05-08.14.08:857][582]LogObj: Freed 0b from 0 cluster array pools.
[2016.07.05-08.14.08:857][582]LogExit: Object subsystem successfully closed.
[2016.07.05-08.14.08:877][582]LogD3D11RHI: Shutdown
[2016.07.05-08.14.08:877][582]LogD3D11RHI: CleanupD3DDevice
[2016.07.05-08.14.08:931][582]LogD3D11RHI: ~FD3D11DynamicRHI
[2016.07.05-08.14.08:966][582]LogDerivedDataCache: Shutdown
[2016.07.05-08.14.08:989][582]LogModuleManager: Shutting down and abandoning module MovieSceneCapture (209)
[2016.07.05-08.14.08:989][582]LogModuleManager: Shutting down and abandoning module ExternalImagePicker (208)
[2016.07.05-08.14.08:989][582]LogModuleManager: Shutting down and abandoning module BlueprintGraph (207)
[2016.07.05-08.14.08:989][582]LogModuleManager: Shutting down and abandoning module DistCurveEditor (206)
[2016.07.05-08.14.08:989][582]LogModuleManager: Shutting down and abandoning module Matinee (205)
[2016.07.05-08.14.08:989][582]LogModuleManager: Shutting down and abandoning module HierarchicalLODOutliner (204)
[2016.07.05-08.14.08:989][582]LogModuleManager: Shutting down and abandoning module CrashTracker (203)
[2016.07.05-08.14.08:989][582]LogModuleManager: Shutting down and abandoning module SceneOutliner (202)
[2016.07.05-08.14.08:989][582]LogModuleManager: Shutting down and abandoning module SuperSearch (201)
[2016.07.05-08.14.08:989][582]LogModuleManager: Shutting down and abandoning module WidgetCarousel (200)
[2016.07.05-08.14.08:989][582]LogModuleManager: Shutting down and abandoning module AddContentDialog (199)
[2016.07.05-08.14.08:991][582]LogModuleManager: Shutting down and abandoning module GameplayTags (198)
[2016.07.05-08.14.08:991][582]LogModuleManager: Shutting down and abandoning module EditorWidgets (197)
[2016.07.05-08.14.08:991][582]LogModuleManager: Shutting down and abandoning module CollectionManager (196)
[2016.07.05-08.14.08:992][582]LogModuleManager: Shutting down and abandoning module StatsViewer (195)
[2016.07.05-08.14.08:993][582]LogModuleManager: Shutting down and abandoning module FoliageEdit (194)
[2016.07.05-08.14.08:993][582]LogModuleManager: Shutting down and abandoning module LandscapeEditor (193)
[2016.07.05-08.14.08:994][582]LogModuleManager: Shutting down and abandoning module ActorPickerMode (192)
[2016.07.05-08.14.08:994][582]LogModuleManager: Shutting down and abandoning module GeometryMode (191)
[2016.07.05-08.14.08:994][582]LogModuleManager: Shutting down and abandoning module TextureAlignMode (190)
[2016.07.05-08.14.08:994][582]LogModuleManager: Shutting down and abandoning module BspMode (189)
[2016.07.05-08.14.08:994][582]LogModuleManager: Shutting down and abandoning module PlacementMode (188)
[2016.07.05-08.14.08:994][582]LogModuleManager: Shutting down and abandoning module AutomationWorker (187)
[2016.07.05-08.14.08:994][582]LogModuleManager: Shutting down and abandoning module CharacterAI (186)
[2016.07.05-08.14.08:994][582]LogModuleManager: Shutting down and abandoning module SmartSnapping (185)
[2016.07.05-08.14.08:994][582]LogModuleManager: Shutting down and abandoning module ViewportSnapping (184)
[2016.07.05-08.14.08:994][582]LogModuleManager: Shutting down and abandoning module LogVisualizer (183)
[2016.07.05-08.14.08:995][582]LogModuleManager: Shutting down and abandoning module GameProjectGeneration (182)
[2016.07.05-08.14.08:997][582]LogModuleManager: Shutting down and abandoning module IntroTutorials (181)
[2016.07.05-08.14.08:998][582]LogModuleManager: Shutting down and abandoning module EditorLiveStreaming (180)
[2016.07.05-08.14.08:998][582]LogModuleManager: Shutting down and abandoning module IOSPlatformEditor (179)
[2016.07.05-08.14.08:998][582]LogModuleManager: Shutting down and abandoning module HTML5PlatformEditor (178)
[2016.07.05-08.14.08:998][582]LogModuleManager: Shutting down and abandoning module AndroidDeviceDetection (177)
[2016.07.05-08.14.09:669][582]LogModuleManager: Shutting down and abandoning module AndroidPlatformEditor (176)
[2016.07.05-08.14.09:669][582]LogModuleManager: Shutting down and abandoning module IOSRuntimeSettings (175)
[2016.07.05-08.14.09:669][582]LogModuleManager: Shutting down and abandoning module AndroidRuntimeSettings (174)
[2016.07.05-08.14.09:669][582]LogModuleManager: Shutting down and abandoning module MergeActors (173)
[2016.07.05-08.14.09:670][582]LogModuleManager: Shutting down and abandoning module SizeMap (172)
[2016.07.05-08.14.09:670][582]LogModuleManager: Shutting down and abandoning module TreeMap (171)
[2016.07.05-08.14.09:670][582]LogModuleManager: Shutting down and abandoning module ReferenceViewer (170)
[2016.07.05-08.14.09:670][582]LogModuleManager: Shutting down and abandoning module LocalizationService (169)
[2016.07.05-08.14.09:671][582]LogModuleManager: Shutting down and abandoning module LocalizationDashboard (168)
[2016.07.05-08.14.09:671][582]LogModuleManager: Shutting down and abandoning module HardwareTargeting (167)
[2016.07.05-08.14.09:671][582]LogModuleManager: Shutting down and abandoning module DeviceProfileEditor (166)
[2016.07.05-08.14.09:672][582]LogModuleManager: Shutting down and abandoning module UndoHistory (165)
[2016.07.05-08.14.09:672][582]LogModuleManager: Shutting down and abandoning module UserFeedback (164)
[2016.07.05-08.14.09:672][582]LogModuleManager: Shutting down and abandoning module XmlParser (163)
[2016.07.05-08.14.09:672][582]LogModuleManager: Shutting down and abandoning module Blutility (162)
[2016.07.05-08.14.09:672][582]LogModuleManager: Shutting down and abandoning module ProjectTargetPlatformEditor (161)
[2016.07.05-08.14.09:672][582]LogModuleManager: Shutting down and abandoning module ProjectSettingsViewer (160)
[2016.07.05-08.14.09:673][582]LogModuleManager: Shutting down and abandoning module InputBindingEditor (159)
[2016.07.05-08.14.09:673][582]LogModuleManager: Shutting down and abandoning module EditorSettingsViewer (158)
[2016.07.05-08.14.09:673][582]LogModuleManager: Shutting down and abandoning module SettingsEditor (157)
[2016.07.05-08.14.09:674][582]LogModuleManager: Shutting down and abandoning module ProjectLauncher (156)
[2016.07.05-08.14.09:675][582]LogModuleManager: Shutting down and abandoning module SessionFrontend (155)
[2016.07.05-08.14.09:675][582]LogModuleManager: Shutting down and abandoning module ProfilerClient (154)
[2016.07.05-08.14.09:676][582]LogModuleManager: Shutting down and abandoning module TargetDeviceServices (153)
[2016.07.05-08.14.09:676][582]LogModuleManager: Shutting down and abandoning module DeviceManager (152)
[2016.07.05-08.14.09:723][582]LogModuleManager: Shutting down and abandoning module AutomationController (151)
[2016.07.05-08.14.09:728][582]LogModuleManager: Shutting down and abandoning module AutomationWindow (150)
[2016.07.05-08.14.09:737][582]LogModuleManager: Shutting down and abandoning module Layers (149)
[2016.07.05-08.14.09:746][582]LogModuleManager: Shutting down and abandoning module ComponentVisualizers (148)
[2016.07.05-08.14.09:746][582]LogModuleManager: Shutting down and abandoning module DetailCustomizations (147)
[2016.07.05-08.14.09:758][582]LogModuleManager: Shutting down and abandoning module PackagesDialog (146)
[2016.07.05-08.14.09:759][582]LogModuleManager: Shutting down and abandoning module Persona (145)
[2016.07.05-08.14.09:773][582]LogModuleManager: Shutting down and abandoning module Kismet (144)
[2016.07.05-08.14.09:773][582]LogModuleManager: Shutting down and abandoning module GraphEditor (143)
[2016.07.05-08.14.09:773][582]LogModuleManager: Shutting down and abandoning module ClassViewer (142)
[2016.07.05-08.14.09:774][582]LogModuleManager: Shutting down and abandoning module Toolbox (141)
[2016.07.05-08.14.09:775][582]LogModuleManager: Shutting down and abandoning module ModuleUI (140)
[2016.07.05-08.14.09:775][582]LogModuleManager: Shutting down and abandoning module MovieSceneTools (139)
[2016.07.05-08.14.09:776][582]LogModuleManager: Shutting down and abandoning module OutputLog (138)
[2016.07.05-08.14.09:776][582]LogModuleManager: Shutting down and abandoning module GammaUI (137)
[2016.07.05-08.14.09:777][582]LogModuleManager: Shutting down and abandoning module Documentation (136)
[2016.07.05-08.14.09:777][582]LogModuleManager: Shutting down and abandoning module StreamingPauseRendering (135)
[2016.07.05-08.14.09:777][582]LogModuleManager: Shutting down and abandoning module AnalyticsET (134)
[2016.07.05-08.14.09:777][582]LogModuleManager: Shutting down and abandoning module Analytics (133)
[2016.07.05-08.14.09:777][582]LogModuleManager: Shutting down and abandoning module PortalServices (132)
[2016.07.05-08.14.09:777][582]LogModuleManager: Shutting down and abandoning module PortalRpc (131)
[2016.07.05-08.14.09:777][582]LogModuleManager: Shutting down and abandoning module MessagingRpc (130)
[2016.07.05-08.14.09:777][582]LogModuleManager: Shutting down and abandoning module AITestSuite (129)
[2016.07.05-08.14.09:777][582]LogModuleManager: Shutting down and abandoning module GameplayDebugger (128)
[2016.07.05-08.14.09:778][582]LogModuleManager: Shutting down and abandoning module AIModule (127)
[2016.07.05-08.14.09:778][582]LogModuleManager: Shutting down and abandoning module ProfilerService (126)
[2016.07.05-08.14.09:826][582]LogModuleManager: Shutting down and abandoning module TaskGraph (125)
[2016.07.05-08.14.09:827][582]LogModuleManager: Shutting down and abandoning module SlateRemote (124)
[2016.07.05-08.14.09:827][582]LogModuleManager: Shutting down and abandoning module SteamVRController (123)
[2016.07.05-08.14.09:827][582]LogModuleManager: Shutting down and abandoning module SteamVR (122)
[2016.07.05-08.14.09:827][582]LogModuleManager: Shutting down and abandoning module ProceduralMeshComponent (121)
[2016.07.05-08.14.09:827][582]LogModuleManager: Shutting down and abandoning module OculusLibrary (120)
[2016.07.05-08.14.09:827][582]LogModuleManager: Shutting down and abandoning module OculusInput (119)
[2016.07.05-08.14.09:827][582]LogModuleManager: Shutting down and abandoning module CustomMeshComponent (118)
[2016.07.05-08.14.09:827][582]LogModuleManager: Shutting down and abandoning module CableComponent (117)
[2016.07.05-08.14.09:827][582]LogModuleManager: Shutting down and abandoning module ArchVisCharacter (116)
[2016.07.05-08.14.09:827][582]LogModuleManager: Shutting down and abandoning module MediaPlayerEditor (115)
[2016.07.05-08.14.09:828][582]LogModuleManager: Shutting down and abandoning module HTML5Networking (114)
[2016.07.05-08.14.09:828][582]LogModuleManager: Shutting down and abandoning module SpeedTreeImporter (113)
[2016.07.05-08.14.09:828][582]LogModuleManager: Shutting down and abandoning module PluginBrowser (112)
[2016.07.05-08.14.09:829][582]LogModuleManager: Shutting down and abandoning module EpicSurvey (111)
[2016.07.05-08.14.09:830][582]LogModuleManager: Shutting down and abandoning module DesktopPlatform (110)
[2016.07.05-08.14.09:830][582]LogModuleManager: Shutting down and abandoning module VisualStudioSourceCodeAccess (109)
[2016.07.05-08.14.09:830][582]LogModuleManager: Shutting down and abandoning module UObjectPlugin (108)
[2016.07.05-08.14.09:830][582]LogModuleManager: Shutting down and abandoning module SubversionSourceControl (107)
[2016.07.05-08.14.09:831][582]LogModuleManager: Shutting down and abandoning module PerforceSourceControl (106)
[2016.07.05-08.14.09:832][582]LogModuleManager: Shutting down and abandoning module SourceControl (105)
[2016.07.05-08.14.09:832][582]LogModuleManager: Shutting down and abandoning module GitSourceControl (104)
[2016.07.05-08.14.09:833][582]LogModuleManager: Shutting down and abandoning module LightPropagationVolumeEditor (103)
[2016.07.05-08.14.09:833][582]LogModuleManager: Shutting down and abandoning module PaperTiledImporter (102)
[2016.07.05-08.14.09:833][582]LogModuleManager: Shutting down and abandoning module PaperSpriteSheetImporter (101)
[2016.07.05-08.14.09:833][582]LogModuleManager: Shutting down and abandoning module MeshPaint (100)
[2016.07.05-08.14.09:833][582]LogModuleManager: Shutting down and abandoning module HotReload (99)
[2016.07.05-08.14.09:834][582]LogModuleManager: Shutting down and abandoning module MainFrame (98)
[2016.07.05-08.14.09:834][582]LogModuleManager: Shutting down and abandoning module LevelEditor (97)
[2016.07.05-08.14.09:835][582]LogModuleManager: Shutting down and abandoning module DirectoryWatcher (96)
[2016.07.05-08.14.09:836][582]LogModuleManager: Shutting down and abandoning module AssetRegistry (95)
[2016.07.05-08.14.10:023][582]LogModuleManager: Shutting down and abandoning module ContentBrowser (94)
[2016.07.05-08.14.10:024][582]LogModuleManager: Shutting down and abandoning module Paper2DEditor (93)
[2016.07.05-08.14.10:025][582]LogModuleManager: Shutting down and abandoning module UdpMessaging (92)
[2016.07.05-08.14.10:125][582]LogModuleManager: Shutting down and abandoning module LightPropagationVolumeRuntime (91)
[2016.07.05-08.14.10:125][582]LogModuleManager: Shutting down and abandoning module Paper2D (90)
[2016.07.05-08.14.10:127][582]LogModuleManager: Shutting down and abandoning module WindowsMoviePlayer (89)
[2016.07.05-08.14.10:127][582]LogModuleManager: Shutting down and abandoning module Media (88)
[2016.07.05-08.14.10:127][582]LogModuleManager: Shutting down and abandoning module WmfMedia (87)
[2016.07.05-08.14.10:127][582]LogModuleManager: Shutting down and abandoning module MediaAssets (86)
[2016.07.05-08.14.10:127][582]LogModuleManager: Shutting down and abandoning module GameLiveStreaming (85)
[2016.07.05-08.14.10:127][582]LogModuleManager: Shutting down and abandoning module GameplayTagsEditor (84)
[2016.07.05-08.14.10:127][582]LogModuleManager: Shutting down and abandoning module OnlineBlueprintSupport (83)
[2016.07.05-08.14.10:127][582]LogModuleManager: Shutting down and abandoning module GameplayTasksEditor (82)
[2016.07.05-08.14.10:127][582]LogModuleManager: Shutting down and abandoning module PropertyEditor (81)
[2016.07.05-08.14.10:127][582]LogModuleManager: Shutting down and abandoning module BehaviorTreeEditor (80)
[2016.07.05-08.14.10:128][582]LogModuleManager: Shutting down and abandoning module FunctionalTesting (79)
[2016.07.05-08.14.10:128][582]LogModuleManager: Shutting down and abandoning module CollisionAnalyzer (78)
[2016.07.05-08.14.10:129][582]LogModuleManager: Shutting down and abandoning module WorkspaceMenuStructure (77)
[2016.07.05-08.14.10:129][582]LogModuleManager: Shutting down and abandoning module MessageLog (76)
[2016.07.05-08.14.10:129][582]LogModuleManager: Shutting down and abandoning module Sequencer (75)
[2016.07.05-08.14.10:130][582]LogModuleManager: Shutting down and abandoning module AssetTools (74)
[2016.07.05-08.14.10:132][582]LogModuleManager: Shutting down and abandoning module UMGEditor (73)
[2016.07.05-08.14.10:133][582]LogModuleManager: Shutting down and abandoning module UMG (72)
[2016.07.05-08.14.10:134][582]LogModuleManager: Shutting down and abandoning module SlateReflector (71)
[2016.07.05-08.14.10:136][582]LogModuleManager: Shutting down and abandoning module Slate (70)
[2016.07.05-08.14.10:136][582]LogModuleManager: Shutting down and abandoning module EditorStyle (69)
[2016.07.05-08.14.10:137][582]LogModuleManager: Shutting down and abandoning module SessionServices (68)
[2016.07.05-08.14.10:137][582]LogModuleManager: Shutting down and abandoning module SourceCodeAccess (67)
[2016.07.05-08.14.10:137][582]LogModuleManager: Shutting down and abandoning module HeadMountedDisplay (66)
[2016.07.05-08.14.10:137][582]LogModuleManager: Shutting down and abandoning module XAudio2 (65)
[2016.07.05-08.14.10:137][582]LogModuleManager: Shutting down and abandoning module Networking (63)
[2016.07.05-08.14.10:137][582]LogModuleManager: Shutting down and abandoning module Core (62)
[2016.07.05-08.14.10:137][582]LogModuleManager: Shutting down and abandoning module KismetCompiler (61)
[2016.07.05-08.14.10:138][582]LogModuleManager: Shutting down and abandoning module PhysXFormats (60)
[2016.07.05-08.14.10:138][582]LogModuleManager: Shutting down and abandoning module MeshUtilities (59)
[2016.07.05-08.14.10:139][582]LogModuleManager: Shutting down and abandoning module CookingStats (58)
[2016.07.05-08.14.10:139][582]LogModuleManager: Shutting down and abandoning module DerivedDataCache (57)
[2016.07.05-08.14.10:139][582]LogDerivedDataCache: Shutdown
[2016.07.05-08.14.10:139][582]LogModuleManager: Shutting down and abandoning module ShaderFormatOpenGL (56)
[2016.07.05-08.14.10:140][582]LogModuleManager: Shutting down and abandoning module ShaderFormatD3D (55)
[2016.07.05-08.14.10:140][582]LogModuleManager: Shutting down and abandoning module MetalShaderFormat (54)
[2016.07.05-08.14.10:140][582]LogModuleManager: Shutting down and abandoning module TextureFormatUncompressed (53)
[2016.07.05-08.14.10:140][582]LogModuleManager: Shutting down and abandoning module TextureFormatPVR (52)
[2016.07.05-08.14.10:140][582]LogModuleManager: Shutting down and abandoning module TextureFormatIntelISPCTexComp (51)
[2016.07.05-08.14.10:140][582]LogModuleManager: Shutting down and abandoning module TextureFormatDXT (50)
[2016.07.05-08.14.10:140][582]LogModuleManager: Shutting down and abandoning module ImageWrapper (49)
[2016.07.05-08.14.10:140][582]LogModuleManager: Shutting down and abandoning module TextureFormatASTC (48)
[2016.07.05-08.14.10:140][582]LogModuleManager: Shutting down and abandoning module TextureFormatAndroid (47)
[2016.07.05-08.14.10:140][582]LogModuleManager: Shutting down and abandoning module AudioFormatOpus (46)
[2016.07.05-08.14.10:141][582]LogModuleManager: Shutting down and abandoning module AudioFormatOgg (45)
[2016.07.05-08.14.10:141][582]LogModuleManager: Shutting down and abandoning module AudioFormatADPCM (44)
[2016.07.05-08.14.10:141][582]LogModuleManager: Shutting down and abandoning module LinuxTargetPlatform (43)
[2016.07.05-08.14.10:141][582]LogModuleManager: Shutting down and abandoning module LinuxServerTargetPlatform (42)
[2016.07.05-08.14.10:141][582]LogModuleManager: Shutting down and abandoning module LinuxNoEditorTargetPlatform (41)
[2016.07.05-08.14.10:141][582]LogModuleManager: Shutting down and abandoning module TVOSTargetPlatform (40)
[2016.07.05-08.14.10:141][582]LogModuleManager: Shutting down and abandoning module Messaging (39)
[2016.07.05-08.14.10:141][582]LogModuleManager: Shutting down and abandoning module IOSTargetPlatform (38)
[2016.07.05-08.14.10:141][582]LogModuleManager: Shutting down and abandoning module HTML5TargetPlatform (37)
[2016.07.05-08.14.10:141][582]LogModuleManager: Shutting down and abandoning module Android_PVRTCTargetPlatform (36)
[2016.07.05-08.14.10:141][582]LogModuleManager: Shutting down and abandoning module Android_MultiTargetPlatform (35)
[2016.07.05-08.14.10:141][582]LogModuleManager: Shutting down and abandoning module Android_ETC2TargetPlatform (34)
[2016.07.05-08.14.10:141][582]LogModuleManager: Shutting down and abandoning module Android_ETC1TargetPlatform (33)
[2016.07.05-08.14.10:141][582]LogModuleManager: Shutting down and abandoning module Android_DXTTargetPlatform (32)
[2016.07.05-08.14.10:141][582]LogModuleManager: Shutting down and abandoning module Android_ATCTargetPlatform (31)
[2016.07.05-08.14.10:141][582]LogModuleManager: Shutting down and abandoning module Android_ASTCTargetPlatform (30)
[2016.07.05-08.14.10:141][582]LogModuleManager: Shutting down and abandoning module AndroidTargetPlatform (29)
[2016.07.05-08.14.10:141][582]LogModuleManager: Shutting down and abandoning module WindowsTargetPlatform (28)
[2016.07.05-08.14.10:141][582]LogModuleManager: Shutting down and abandoning module WindowsServerTargetPlatform (27)
[2016.07.05-08.14.10:141][582]LogModuleManager: Shutting down and abandoning module WindowsNoEditorTargetPlatform (26)
[2016.07.05-08.14.10:141][582]LogModuleManager: Shutting down and abandoning module WindowsClientTargetPlatform (25)
[2016.07.05-08.14.10:141][582]LogModuleManager: Shutting down and abandoning module AllDesktopTargetPlatform (24)
[2016.07.05-08.14.10:141][582]LogModuleManager: Shutting down and abandoning module TargetPlatform (23)
[2016.07.05-08.14.10:141][582]LogModuleManager: Shutting down and abandoning module InputCore (22)
[2016.07.05-08.14.10:141][582]LogModuleManager: Shutting down and abandoning module Settings (21)
[2016.07.05-08.14.10:141][582]LogModuleManager: Shutting down and abandoning module OnlineSubsystem (19)
[2016.07.05-08.14.10:141][582]LogModuleManager: Shutting down and abandoning module HTTP (18)
[2016.07.05-08.14.11:142][582]LogModuleManager: Shutting down and abandoning module XMPP (17)
[2016.07.05-08.14.11:145][582]LogModuleManager: Shutting down and abandoning module OculusRift (16)
[2016.07.05-08.14.11:145][582]LogModuleManager: Shutting down and abandoning module ExampleDeviceProfileSelector (15)
[2016.07.05-08.14.11:145][582]LogModuleManager: Shutting down and abandoning module TextureCompressor (14)
[2016.07.05-08.14.11:145][582]LogModuleManager: Shutting down and abandoning module ShaderCore (13)
[2016.07.05-08.14.11:145][582]LogModuleManager: Shutting down and abandoning module Landscape (12)
[2016.07.05-08.14.11:145][582]LogModuleManager: Shutting down and abandoning module SlateRHIRenderer (11)
[2016.07.05-08.14.11:148][582]LogModuleManager: Shutting down and abandoning module OpenGLDrv (10)
[2016.07.05-08.14.11:149][582]LogModuleManager: Shutting down and abandoning module D3D11RHI (9)
[2016.07.05-08.14.11:149][582]LogModuleManager: Shutting down and abandoning module AnimGraphRuntime (8)
[2016.07.05-08.14.11:149][582]LogModuleManager: Shutting down and abandoning module Renderer (7)
[2016.07.05-08.14.11:149][582]LogModuleManager: Shutting down and abandoning module Engine (6)
[2016.07.05-08.14.11:149][582]LogModuleManager: Shutting down and abandoning module CoreUObject (5)
[2016.07.05-08.14.11:149][582]LogModuleManager: Shutting down and abandoning module NetworkFile (4)
[2016.07.05-08.14.11:150][582]LogModuleManager: Shutting down and abandoning module StreamingFile (3)
[2016.07.05-08.14.11:150][582]LogModuleManager: Shutting down and abandoning module SandboxFile (2)
[2016.07.05-08.14.11:150][582]LogModuleManager: Shutting down and abandoning module PakFile (1)
[2016.07.05-08.14.11:152][582]LogExit: Exiting.
[2016.07.05-08.14.11:169][582]Log file closed, 07/05/16 18:14:11
