Log file open, 07/05/16 20:25:09
LogInit:Display: Running engine for game: MyProject
LogPlatformFile: Not using cached read wrapper
LogInit:Display: RandInit(1573741315) SRandInit(1573741317).
LogTaskGraph: Started task graph with 4 named threads and 7 total threads.
LogStats: Stats thread started at 0.064923
LogInit: Version: 4.11.2-2946394+++UE4+Release-4.11
LogInit: API Version: 2927265
LogInit: Compiled (64-bit): Apr 18 2016 02:18:46
LogInit: Compiled with Visual C++: 19.00.23026.00
LogInit: Build Configuration: Development
LogInit: Branch Name: ++UE4+Release-4.11
LogInit: Command line:  
LogInit: Base directory: C:/Program Files (x86)/Epic Games/4.11/Engine/Binaries/Win64/
LogInit: Installed Engine Build: 1
LogInit: Using libcurl 7.41.0
LogInit:  - built for x86_64-pc-win32
LogInit:  - supports SSL with WinSSL
LogInit:  - other features:
LogInit:      CURL_VERSION_SSL
LogInit:      CURL_VERSION_IPV6
LogInit:      CURL_VERSION_ASYNCHDNS
LogInit:      CURL_VERSION_LARGEFILE
LogInit:      CURL_VERSION_IDN
LogInit:  CurlRequestOptions (configurable via config and command line):
LogInit:  - bVerifyPeer = true  - Libcurl will verify peer certificate
LogInit:  - bUseHttpProxy = false  - Libcurl will NOT use HTTP proxy
LogInit:  - bDontReuseConnections = false  - Libcurl will reuse connections
LogInit:  - CertBundlePath = nullptr  - Libcurl will use whatever was configured at build time.
LogInit: Presizing for max 16777216 objects, including 0 objects not considered by GC, pre-allocating 0 bytes for permanent pool.
LogInit: Object subsystem initialized
[2016.07.05-10.25.10:079][  0]LogInit: Selected Device Profile: [Windows]
[2016.07.05-10.25.10:079][  0]LogInit: Applying CVar settings loaded from the selected device profile: [Windows]
[2016.07.05-10.25.10:086][  0]LogInit: Computer: PC
[2016.07.05-10.25.10:086][  0]LogInit: User: User
[2016.07.05-10.25.10:086][  0]LogInit: CPU Page size=65536, Cores=4
[2016.07.05-10.25.10:086][  0]LogInit: High frequency timer resolution =3.897222 MHz
[2016.07.05-10.25.10:086][  0]LogMemory: Memory total: Physical=15.9GB (16GB approx)
[2016.07.05-10.25.10:086][  0]LogMemory: Platform Memory Stats for Windows
[2016.07.05-10.25.10:086][  0]LogMemory: Process Physical Memory: 313.59 MB used, 313.59 MB peak
[2016.07.05-10.25.10:086][  0]LogMemory: Process Virtual Memory: 314.90 MB used, 314.90 MB peak
[2016.07.05-10.25.10:086][  0]LogMemory: Physical Memory: 6978.72 MB used, 16321.86 MB total
[2016.07.05-10.25.10:086][  0]LogMemory: Virtual Memory: 653.24 MB used, 134217728.00 MB total
[2016.07.05-10.25.10:113][  0]LogTextLocalizationManager: No specific translations for ('en-AU') exist, so ('en') translations will be used.
[2016.07.05-10.25.10:421][  0]LogD3D11RHI: D3D11 adapters:
[2016.07.05-10.25.10:439][  0]LogD3D11RHI:    0. 'NVIDIA GeForce GTX 980' (Feature Level 11_0)
[2016.07.05-10.25.10:439][  0]LogD3D11RHI:       4009MB of dedicated video memory, 0MB of dedicated system memory, and 8160MB of shared system memory, 1 output[s]
[2016.07.05-10.25.10:440][  0]LogD3D11RHI:    1. 'Microsoft Basic Render Driver' (Feature Level 11_0)
[2016.07.05-10.25.10:440][  0]LogD3D11RHI:       0MB of dedicated video memory, 0MB of dedicated system memory, and 8160MB of shared system memory, 0 output[s]
[2016.07.05-10.25.10:440][  0]LogD3D11RHI: Chosen D3D11 Adapter: 0
[2016.07.05-10.25.10:444][  0]LogD3D11RHI: Creating new Direct3DDevice
[2016.07.05-10.25.10:444][  0]LogD3D11RHI:     Adapter Name: NVIDIA GeForce GTX 980
[2016.07.05-10.25.10:444][  0]LogD3D11RHI:   Driver Version: Unknown (internal Unknown)
[2016.07.05-10.25.10:444][  0]LogD3D11RHI:      Driver Date: Unknown
[2016.07.05-10.25.10:444][  0]LogRHI: Texture pool is 1361 MB (70% of 1945 MB)
[2016.07.05-10.25.10:457][  0]LogD3D11RHI: Async texture creation enabled
[2016.07.05-10.25.10:472][  0]LogShaderCompilers: Guid format shader working directory is -19 characters bigger than the processId version (../../../../../../Users/User/Documents/Unreal Projects/MyProject/Intermediate/Shaders/WorkingDirectory/4580/).
[2016.07.05-10.25.10:472][  0]LogShaderCompilers: Cleaned the shader compiler working directory 'C:/Users/User/AppData/Local/Temp/UnrealShaderWorkingDir/4E2BE79847BDCB8FB0EA1F990C1CAC87/'.
[2016.07.05-10.25.10:472][  0]LogShaderCompilers:Display: Using Local Shader Compiler.
[2016.07.05-10.25.11:214][  0]LogTemp:Display: Loaded TP AllDesktopTargetPlatform
[2016.07.05-10.25.11:218][  0]LogTemp:Display: Loaded TP WindowsClientTargetPlatform
[2016.07.05-10.25.11:221][  0]LogTemp:Display: Loaded TP WindowsNoEditorTargetPlatform
[2016.07.05-10.25.11:225][  0]LogTemp:Display: Loaded TP WindowsServerTargetPlatform
[2016.07.05-10.25.11:228][  0]LogTemp:Display: Loaded TP WindowsTargetPlatform
[2016.07.05-10.25.11:230][  0]LogTemp:Display: Loaded TP AndroidTargetPlatform
[2016.07.05-10.25.11:232][  0]LogTemp:Display: Loaded TP Android_ASTCTargetPlatform
[2016.07.05-10.25.11:235][  0]LogTemp:Display: Loaded TP Android_ATCTargetPlatform
[2016.07.05-10.25.11:238][  0]LogTemp:Display: Loaded TP Android_DXTTargetPlatform
[2016.07.05-10.25.11:240][  0]LogTemp:Display: Loaded TP Android_ETC1TargetPlatform
[2016.07.05-10.25.11:243][  0]LogTemp:Display: Loaded TP Android_ETC2TargetPlatform
[2016.07.05-10.25.11:247][  0]LogTemp:Display: Loaded TP Android_MultiTargetPlatform
[2016.07.05-10.25.11:247][  0]LogTemp:Display: Loaded TP Android_PVRTCTargetPlatform
[2016.07.05-10.25.11:248][  0]LogTemp:Display: Loaded TP HTML5TargetPlatform
[2016.07.05-10.25.11:263][  0]LogTemp:Display: Loaded TP IOSTargetPlatform
[2016.07.05-10.25.11:266][  0]LogTemp:Display: Loaded TP TVOSTargetPlatform
[2016.07.05-10.25.11:268][  0]LogTemp:Display: Loaded TP LinuxNoEditorTargetPlatform
[2016.07.05-10.25.11:270][  0]LogTemp:Display: Loaded TP LinuxServerTargetPlatform
[2016.07.05-10.25.11:273][  0]LogTemp:Display: Loaded TP LinuxTargetPlatform
[2016.07.05-10.25.11:273][  0]LogTargetPlatformManager:Display: Building Assets For Windows
[2016.07.05-10.25.11:321][  0]LogDerivedDataCache:Display: Max Cache Size: 512 MB
[2016.07.05-10.25.11:359][  0]LogDerivedDataCache: Loaded boot cache 0.04s 46MB C:/Users/User/AppData/Local/UnrealEngine/4.11/DerivedDataCache/Boot.ddc.
[2016.07.05-10.25.11:359][  0]LogDerivedDataCache:Display: Loaded Boot cache: C:/Users/User/AppData/Local/UnrealEngine/4.11/DerivedDataCache/Boot.ddc
[2016.07.05-10.25.11:359][  0]LogDerivedDataCache: FDerivedDataBackendGraph:  Pak pak cache file ../../../../../../Users/User/Documents/Unreal Projects/MyProject/DerivedDataCache/DDC.ddp not found, will not use a pak cache.
[2016.07.05-10.25.11:359][  0]LogDerivedDataCache: Unable to find inner node Pak for hierarchical cache Hierarchy.
[2016.07.05-10.25.11:359][  0]LogDerivedDataCache: FDerivedDataBackendGraph:  CompressedPak pak cache file ../../../../../../Users/User/Documents/Unreal Projects/MyProject/DerivedDataCache/Compressed.ddp not found, will not use a pak cache.
[2016.07.05-10.25.11:359][  0]LogDerivedDataCache: Unable to find inner node CompressedPak for hierarchical cache Hierarchy.
[2016.07.05-10.25.11:370][  0]LogDerivedDataCache:Display: Pak cache opened for reading ../../../Engine/DerivedDataCache/Compressed.ddp.
[2016.07.05-10.25.11:382][  0]LogDerivedDataCache: Using Local data cache path C:/Users/User/AppData/Local/UnrealEngine/Common/DerivedDataCache: Writable
[2016.07.05-10.25.11:497][  0]LogInit: Selected Device Profile: [Windows]
[2016.07.05-10.25.11:497][  0]LogContentStreaming: Texture pool size is 0.00 MB
[2016.07.05-10.25.11:523][  0]LogMaterial: Uniform references updated for custom material expression Custom.
[2016.07.05-10.25.11:611][  0]LogMeshUtilities: No automatic mesh reduction module available
[2016.07.05-10.25.11:611][  0]LogMeshUtilities: No automatic mesh merging module available
[2016.07.05-10.25.11:611][  0]LogMeshUtilities: No distributed automatic mesh merging module available
[2016.07.05-10.25.11:775][  0]LogUObjectArray: 27679 objects as part of root set at end of initial load.
[2016.07.05-10.25.11:775][  0]LogUObjectAllocator: 5591592 out of 0 bytes used by permanent object pool.
[2016.07.05-10.25.11:775][  0]LogUObjectArray: CloseDisregardForGC: 0/0 objects in disregard for GC pool
[2016.07.05-10.25.11:779][  0]LogInit: WinSock: version 1.1 (2.2), MaxSocks=32767, MaxUdp=65467
[2016.07.05-10.25.11:840][  0]LogSlate: SlateFontCache - WITH_FREETYPE: 1, WITH_HARFBUZZ: 1
[2016.07.05-10.25.11:840][  0]LogSlate: SlateFontCache - WITH_FREETYPE: 1, WITH_HARFBUZZ: 1
[2016.07.05-10.25.11:909][  0]LogStreaming:Warning: Failed to read file '../../../Engine/Content/Editor/Slate/Common/Selection_16x.png' error.
[2016.07.05-10.25.11:909][  0]LogSlate: Could not find file for Slate resource: ../../../Engine/Content/Editor/Slate/Common/Selection_16x.png
[2016.07.05-10.25.11:909][  0]LogStreaming:Warning: Failed to read file '../../../Engine/Content/Editor/Slate/Common/Selection_16x.png' error.
[2016.07.05-10.25.11:909][  0]LogSlate: Could not find file for Slate resource: ../../../Engine/Content/Editor/Slate/Common/Selection_16x.png
[2016.07.05-10.25.11:909][  0]LogStreaming:Warning: Failed to read file '../../../Engine/Content/Editor/Slate/Common/Selection_16x.png' error.
[2016.07.05-10.25.11:909][  0]LogSlate: Could not find file for Slate resource: ../../../Engine/Content/Editor/Slate/Common/Selection_16x.png
[2016.07.05-10.25.12:302][  0]LogUdpMessaging: Initializing bridge on interface 0.0.0.0:0 to multicast group 230.0.0.1:6666.
[2016.07.05-10.25.12:395][  0]LogAssetRegistry: FAssetRegistry took 0.0211 seconds to start up
[2016.07.05-10.25.12:499][  0]SourceControl: Info Source control is disabled
[2016.07.05-10.25.12:499][  0]SourceControl: Info Source control is disabled
[2016.07.05-10.25.12:504][  0]SourceControl: Info Source control is disabled
[2016.07.05-10.25.12:510][  0]SourceControl: Info Source control is disabled
[2016.07.05-10.25.12:590][  0]LogHMD: Failed to initialize OpenVR with code 110
[2016.07.05-10.25.12:644][  0]LogEngine: Initializing Engine...
[2016.07.05-10.25.12:755][  0]LogAIModule: Creating AISystem for world NewWorld
[2016.07.05-10.25.12:760][  0]LogInit: XAudio2 using 'Headset Earphone (Razer Kraken 7.1)' : 2 channels at 44.1 kHz using 16 bits per sample (channel mask 0x3)
[2016.07.05-10.25.12:779][  0]LogInit: FAudioDevice initialized.
[2016.07.05-10.25.12:800][  0]LogDerivedDataCache: Saved boot cache 0.02s 46MB C:/Users/User/AppData/Local/UnrealEngine/4.11/DerivedDataCache/Boot.ddc.
[2016.07.05-10.25.12:806][  0]LogInit: Texture streaming: Enabled
[2016.07.05-10.25.12:824][  0]LogInit: Transaction tracking system initialized
[2016.07.05-10.25.12:840][  0]BlueprintLog: New page: Editor Load
[2016.07.05-10.25.12:891][  0]LocalizationService: Info Localization service is disabled
[2016.07.05-10.25.12:941][  0]LogConsoleResponse:Display: 
[2016.07.05-10.25.13:020][  0]LogCook:Display: Max memory allowance for cook 8192mb
[2016.07.05-10.25.13:020][  0]LogCook:Display: Mobile HDR setting 1
[2016.07.05-10.25.13:020][  0]LogCook:Display: Done creating registry. It took  0.00s.
[2016.07.05-10.25.13:053][  0]LogFileCache: Scanning file cache for directory 'C:/Users/User/Documents/Unreal Projects/MyProject/Content/' took 0.02s
[2016.07.05-10.25.13:053][  0]SourceControl: Info Source control is disabled
[2016.07.05-10.25.13:053][  0]Cmd: MAP LOAD FILE="../../../../../../Users/User/Documents/Unreal Projects/MyProject/Content/FirstPersonBP/Maps/FirstPersonExampleMap.umap" TEMPLATE=0 SHOWPROGRESS=1 FEATURELEVEL=3
[2016.07.05-10.25.13:054][  0]LightingResults: New page: Lighting Build
[2016.07.05-10.25.13:055][  0]MapCheck: New page: Map Check
[2016.07.05-10.25.13:055][  0]LightingResults: New page: Lighting Build
[2016.07.05-10.25.13:433][  0]LogAIModule: Creating AISystem for world FirstPersonExampleMap
[2016.07.05-10.25.13:440][  0]LogEditorServer: Finished looking for orphan Actors (0.000 secs)
[2016.07.05-10.25.13:441][  0]Cmd: MAP CHECKDEP NOCLEARLOG
[2016.07.05-10.25.13:472][  0]MapCheck: Info Map check complete: 0 Error(s), 0 Warning(s), took 31.051ms to complete.
[2016.07.05-10.25.13:472][  0]LogFileHelpers: Loading map 'FirstPersonExampleMap' took 0.419
[2016.07.05-10.25.13:569][  0]LogCollectionManager: Loaded 0 collections in 0.001028 seconds
[2016.07.05-10.25.13:606][  0]LogFileCache: Scanning file cache for directory 'C:/Users/User/Documents/Unreal Projects/MyProject/Saved/Collections/' took 0.01s
[2016.07.05-10.25.13:606][  0]LogFileCache: Scanning file cache for directory 'C:/Users/User/Documents/Unreal Projects/MyProject/Content/Developers/User/Collections/' took 0.01s
[2016.07.05-10.25.13:606][  0]LogFileCache: Scanning file cache for directory 'C:/Users/User/Documents/Unreal Projects/MyProject/Content/Collections/' took 0.01s
[2016.07.05-10.25.13:606][  0]LogCollectionManager: Rebuilt the GUID cache for 0 collections in 0.000002 seconds
[2016.07.05-10.25.13:612][  0]LogContentBrowser: Native class hierarchy populated in 0.0056 seconds. Added 1979 classes and 343 folders.
[2016.07.05-10.25.13:615][  0]LogStats: UGameplayTagsManager::ConstructGameplayTagTree: Construct from data asset -  0.000 s
[2016.07.05-10.25.13:615][  0]LogStats: UGameplayTagsManager::ConstructGameplayTagTree: GameplayTagTreeChangedEvent.Broadcast -  0.000 s
[2016.07.05-10.25.13:615][  0]LogContentBrowser: Native class hierarchy updated for 'GameplayTags' in 0.0003 seconds. Added 12 classes and 0 folders.
[2016.07.05-10.25.13:619][  0]LogContentBrowser: Native class hierarchy updated for 'WidgetCarousel' in 0.0002 seconds. Added 0 classes and 0 folders.
[2016.07.05-10.25.13:622][  0]LogContentBrowser: Native class hierarchy updated for 'SuperSearch' in 0.0003 seconds. Added 1 classes and 2 folders.
[2016.07.05-10.25.13:646][  0]LogContentBrowser: Native class hierarchy updated for 'AddContentDialog' in 0.0003 seconds. Added 0 classes and 0 folders.
[2016.07.05-10.25.13:649][  0]LogContentBrowser: Native class hierarchy updated for 'SceneOutliner' in 0.0003 seconds. Added 1 classes and 2 folders.
[2016.07.05-10.25.13:665][  0]LogCrashTracker: Crashtracker disabled due to settings.
[2016.07.05-10.25.13:669][  0]LogUObjectGlobals:Warning: Failed to find object 'Class None.'
[2016.07.05-10.25.13:693][  0]LogContentBrowser: Native class hierarchy updated for 'HierarchicalLODOutliner' in 0.0004 seconds. Added 1 classes and 2 folders.
[2016.07.05-10.25.13:693][  0]LogLoad: Full Startup: 4.17 seconds (BP compile: 0.09 seconds)
[2016.07.05-10.25.13:694][  0]LogExternalProfiler: Found external profiler: VSPerf
[2016.07.05-10.25.13:694][  0]LogExternalProfiler: Using external profiler: VSPerf
[2016.07.05-10.25.13:703][  0]LogWindowsTextInputMethodSystem:Display: IME system now deactivated.
[2016.07.05-10.25.13:703][  0]LogOcInput: OculusInput pre-init called
[2016.07.05-10.25.13:736][  0]LogContentStreaming: Texture pool size now 1000 MB
[2016.07.05-10.25.13:857][  1]LogRenderer: Reallocating scene render targets to support 780x612 (Frame:2).
[2016.07.05-10.25.13:857][  1]LogAssetRegistry: Asset discovery search completed in 1.4830 seconds
[2016.07.05-10.25.13:857][  1]LogCollectionManager: Rebuilt the object cache for 0 collections in 0.000001 seconds (found 0 objects)
[2016.07.05-10.25.13:857][  1]LogCollectionManager: Fixed up redirectors for 0 collections in 0.000013 seconds (updated 0 objects)
[2016.07.05-11.44.27:353][334]Cmd: QUIT_EDITOR
[2016.07.05-11.44.27:408][334]LogWindowsTextInputMethodSystem:Display: IME system now deactivated.
[2016.07.05-11.44.27:461][334]LogExit: Preparing to exit.
[2016.07.05-11.44.28:772][334]LogExit: Editor shut down
[2016.07.05-11.44.28:773][334]LogExit: Transaction tracking system shut down
[2016.07.05-11.44.28:970][334]LogObj: Freed 0b from 0 cluster array pools.
[2016.07.05-11.44.28:970][334]LogExit: Object subsystem successfully closed.
[2016.07.05-11.44.29:005][334]LogD3D11RHI: Shutdown
[2016.07.05-11.44.29:005][334]LogD3D11RHI: CleanupD3DDevice
[2016.07.05-11.44.29:080][334]LogD3D11RHI: ~FD3D11DynamicRHI
[2016.07.05-11.44.29:108][334]LogDerivedDataCache: Shutdown
[2016.07.05-11.44.29:132][334]LogModuleManager: Shutting down and abandoning module HierarchicalLODOutliner (204)
[2016.07.05-11.44.29:133][334]LogModuleManager: Shutting down and abandoning module CrashTracker (203)
[2016.07.05-11.44.29:133][334]LogModuleManager: Shutting down and abandoning module SceneOutliner (202)
[2016.07.05-11.44.29:133][334]LogModuleManager: Shutting down and abandoning module SuperSearch (201)
[2016.07.05-11.44.29:133][334]LogModuleManager: Shutting down and abandoning module WidgetCarousel (200)
[2016.07.05-11.44.29:133][334]LogModuleManager: Shutting down and abandoning module AddContentDialog (199)
[2016.07.05-11.44.29:139][334]LogModuleManager: Shutting down and abandoning module GameplayTags (198)
[2016.07.05-11.44.29:139][334]LogModuleManager: Shutting down and abandoning module EditorWidgets (197)
[2016.07.05-11.44.29:139][334]LogModuleManager: Shutting down and abandoning module CollectionManager (196)
[2016.07.05-11.44.29:140][334]LogModuleManager: Shutting down and abandoning module StatsViewer (195)
[2016.07.05-11.44.29:141][334]LogModuleManager: Shutting down and abandoning module FoliageEdit (194)
[2016.07.05-11.44.29:141][334]LogModuleManager: Shutting down and abandoning module LandscapeEditor (193)
[2016.07.05-11.44.29:142][334]LogModuleManager: Shutting down and abandoning module ActorPickerMode (192)
[2016.07.05-11.44.29:142][334]LogModuleManager: Shutting down and abandoning module GeometryMode (191)
[2016.07.05-11.44.29:142][334]LogModuleManager: Shutting down and abandoning module TextureAlignMode (190)
[2016.07.05-11.44.29:142][334]LogModuleManager: Shutting down and abandoning module BspMode (189)
[2016.07.05-11.44.29:142][334]LogModuleManager: Shutting down and abandoning module PlacementMode (188)
[2016.07.05-11.44.29:142][334]LogModuleManager: Shutting down and abandoning module AutomationWorker (187)
[2016.07.05-11.44.29:142][334]LogModuleManager: Shutting down and abandoning module CharacterAI (186)
[2016.07.05-11.44.29:142][334]LogModuleManager: Shutting down and abandoning module SmartSnapping (185)
[2016.07.05-11.44.29:142][334]LogModuleManager: Shutting down and abandoning module ViewportSnapping (184)
[2016.07.05-11.44.29:142][334]LogModuleManager: Shutting down and abandoning module LogVisualizer (183)
[2016.07.05-11.44.29:144][334]LogModuleManager: Shutting down and abandoning module GameProjectGeneration (182)
[2016.07.05-11.44.29:145][334]LogModuleManager: Shutting down and abandoning module IntroTutorials (181)
[2016.07.05-11.44.29:146][334]LogModuleManager: Shutting down and abandoning module EditorLiveStreaming (180)
[2016.07.05-11.44.29:146][334]LogModuleManager: Shutting down and abandoning module IOSPlatformEditor (179)
[2016.07.05-11.44.29:146][334]LogModuleManager: Shutting down and abandoning module HTML5PlatformEditor (178)
[2016.07.05-11.44.29:146][334]LogModuleManager: Shutting down and abandoning module AndroidDeviceDetection (177)
[2016.07.05-11.44.29:322][334]LogModuleManager: Shutting down and abandoning module AndroidPlatformEditor (176)
[2016.07.05-11.44.29:322][334]LogModuleManager: Shutting down and abandoning module IOSRuntimeSettings (175)
[2016.07.05-11.44.29:322][334]LogModuleManager: Shutting down and abandoning module AndroidRuntimeSettings (174)
[2016.07.05-11.44.29:322][334]LogModuleManager: Shutting down and abandoning module MergeActors (173)
[2016.07.05-11.44.29:324][334]LogModuleManager: Shutting down and abandoning module SizeMap (172)
[2016.07.05-11.44.29:325][334]LogModuleManager: Shutting down and abandoning module TreeMap (171)
[2016.07.05-11.44.29:325][334]LogModuleManager: Shutting down and abandoning module ReferenceViewer (170)
[2016.07.05-11.44.29:325][334]LogModuleManager: Shutting down and abandoning module LocalizationService (169)
[2016.07.05-11.44.29:326][334]LogModuleManager: Shutting down and abandoning module LocalizationDashboard (168)
[2016.07.05-11.44.29:326][334]LogModuleManager: Shutting down and abandoning module HardwareTargeting (167)
[2016.07.05-11.44.29:326][334]LogModuleManager: Shutting down and abandoning module DeviceProfileEditor (166)
[2016.07.05-11.44.29:327][334]LogModuleManager: Shutting down and abandoning module UndoHistory (165)
[2016.07.05-11.44.29:327][334]LogModuleManager: Shutting down and abandoning module UserFeedback (164)
[2016.07.05-11.44.29:328][334]LogModuleManager: Shutting down and abandoning module XmlParser (163)
[2016.07.05-11.44.29:328][334]LogModuleManager: Shutting down and abandoning module Blutility (162)
[2016.07.05-11.44.29:328][334]LogModuleManager: Shutting down and abandoning module ProjectTargetPlatformEditor (161)
[2016.07.05-11.44.29:328][334]LogModuleManager: Shutting down and abandoning module ProjectSettingsViewer (160)
[2016.07.05-11.44.29:328][334]LogModuleManager: Shutting down and abandoning module InputBindingEditor (159)
[2016.07.05-11.44.29:329][334]LogModuleManager: Shutting down and abandoning module EditorSettingsViewer (158)
[2016.07.05-11.44.29:329][334]LogModuleManager: Shutting down and abandoning module SettingsEditor (157)
[2016.07.05-11.44.29:331][334]LogModuleManager: Shutting down and abandoning module ProjectLauncher (156)
[2016.07.05-11.44.29:331][334]LogModuleManager: Shutting down and abandoning module SessionFrontend (155)
[2016.07.05-11.44.29:332][334]LogModuleManager: Shutting down and abandoning module ProfilerClient (154)
[2016.07.05-11.44.29:332][334]LogModuleManager: Shutting down and abandoning module TargetDeviceServices (153)
[2016.07.05-11.44.29:333][334]LogModuleManager: Shutting down and abandoning module DeviceManager (152)
[2016.07.05-11.44.29:375][334]LogModuleManager: Shutting down and abandoning module AutomationController (151)
[2016.07.05-11.44.29:377][334]LogModuleManager: Shutting down and abandoning module AutomationWindow (150)
[2016.07.05-11.44.29:378][334]LogModuleManager: Shutting down and abandoning module Layers (149)
[2016.07.05-11.44.29:379][334]LogModuleManager: Shutting down and abandoning module ComponentVisualizers (148)
[2016.07.05-11.44.29:379][334]LogModuleManager: Shutting down and abandoning module DetailCustomizations (147)
[2016.07.05-11.44.29:380][334]LogModuleManager: Shutting down and abandoning module PackagesDialog (146)
[2016.07.05-11.44.29:380][334]LogModuleManager: Shutting down and abandoning module Persona (145)
[2016.07.05-11.44.29:382][334]LogModuleManager: Shutting down and abandoning module Kismet (144)
[2016.07.05-11.44.29:383][334]LogModuleManager: Shutting down and abandoning module GraphEditor (143)
[2016.07.05-11.44.29:384][334]LogModuleManager: Shutting down and abandoning module ClassViewer (142)
[2016.07.05-11.44.29:385][334]LogModuleManager: Shutting down and abandoning module Toolbox (141)
[2016.07.05-11.44.29:385][334]LogModuleManager: Shutting down and abandoning module ModuleUI (140)
[2016.07.05-11.44.29:386][334]LogModuleManager: Shutting down and abandoning module MovieSceneTools (139)
[2016.07.05-11.44.29:387][334]LogModuleManager: Shutting down and abandoning module OutputLog (138)
[2016.07.05-11.44.29:387][334]LogModuleManager: Shutting down and abandoning module GammaUI (137)
[2016.07.05-11.44.29:388][334]LogModuleManager: Shutting down and abandoning module Documentation (136)
[2016.07.05-11.44.29:388][334]LogModuleManager: Shutting down and abandoning module StreamingPauseRendering (135)
[2016.07.05-11.44.29:388][334]LogModuleManager: Shutting down and abandoning module AnalyticsET (134)
[2016.07.05-11.44.29:388][334]LogModuleManager: Shutting down and abandoning module Analytics (133)
[2016.07.05-11.44.29:388][334]LogModuleManager: Shutting down and abandoning module PortalServices (132)
[2016.07.05-11.44.29:388][334]LogModuleManager: Shutting down and abandoning module PortalRpc (131)
[2016.07.05-11.44.29:388][334]LogModuleManager: Shutting down and abandoning module MessagingRpc (130)
[2016.07.05-11.44.29:388][334]LogModuleManager: Shutting down and abandoning module AITestSuite (129)
[2016.07.05-11.44.29:388][334]LogModuleManager: Shutting down and abandoning module GameplayDebugger (128)
[2016.07.05-11.44.29:388][334]LogModuleManager: Shutting down and abandoning module AIModule (127)
[2016.07.05-11.44.29:388][334]LogModuleManager: Shutting down and abandoning module ProfilerService (126)
[2016.07.05-11.44.29:535][334]LogModuleManager: Shutting down and abandoning module TaskGraph (125)
[2016.07.05-11.44.29:538][334]LogModuleManager: Shutting down and abandoning module SlateRemote (124)
[2016.07.05-11.44.29:538][334]LogModuleManager: Shutting down and abandoning module SteamVRController (123)
[2016.07.05-11.44.29:538][334]LogModuleManager: Shutting down and abandoning module SteamVR (122)
[2016.07.05-11.44.29:538][334]LogModuleManager: Shutting down and abandoning module ProceduralMeshComponent (121)
[2016.07.05-11.44.29:538][334]LogModuleManager: Shutting down and abandoning module OculusLibrary (120)
[2016.07.05-11.44.29:538][334]LogModuleManager: Shutting down and abandoning module OculusInput (119)
[2016.07.05-11.44.29:538][334]LogModuleManager: Shutting down and abandoning module CustomMeshComponent (118)
[2016.07.05-11.44.29:538][334]LogModuleManager: Shutting down and abandoning module CableComponent (117)
[2016.07.05-11.44.29:538][334]LogModuleManager: Shutting down and abandoning module ArchVisCharacter (116)
[2016.07.05-11.44.29:538][334]LogModuleManager: Shutting down and abandoning module MediaPlayerEditor (115)
[2016.07.05-11.44.29:539][334]LogModuleManager: Shutting down and abandoning module HTML5Networking (114)
[2016.07.05-11.44.29:540][334]LogModuleManager: Shutting down and abandoning module SpeedTreeImporter (113)
[2016.07.05-11.44.29:540][334]LogModuleManager: Shutting down and abandoning module PluginBrowser (112)
[2016.07.05-11.44.29:541][334]LogModuleManager: Shutting down and abandoning module EpicSurvey (111)
[2016.07.05-11.44.29:541][334]LogModuleManager: Shutting down and abandoning module DesktopPlatform (110)
[2016.07.05-11.44.29:541][334]LogModuleManager: Shutting down and abandoning module VisualStudioSourceCodeAccess (109)
[2016.07.05-11.44.29:542][334]LogModuleManager: Shutting down and abandoning module UObjectPlugin (108)
[2016.07.05-11.44.29:542][334]LogModuleManager: Shutting down and abandoning module SubversionSourceControl (107)
[2016.07.05-11.44.29:542][334]LogModuleManager: Shutting down and abandoning module PerforceSourceControl (106)
[2016.07.05-11.44.29:543][334]LogModuleManager: Shutting down and abandoning module SourceControl (105)
[2016.07.05-11.44.29:543][334]LogModuleManager: Shutting down and abandoning module GitSourceControl (104)
[2016.07.05-11.44.29:544][334]LogModuleManager: Shutting down and abandoning module LightPropagationVolumeEditor (103)
[2016.07.05-11.44.29:544][334]LogModuleManager: Shutting down and abandoning module PaperTiledImporter (102)
[2016.07.05-11.44.29:544][334]LogModuleManager: Shutting down and abandoning module PaperSpriteSheetImporter (101)
[2016.07.05-11.44.29:544][334]LogModuleManager: Shutting down and abandoning module MeshPaint (100)
[2016.07.05-11.44.29:544][334]LogModuleManager: Shutting down and abandoning module HotReload (99)
[2016.07.05-11.44.29:545][334]LogModuleManager: Shutting down and abandoning module MainFrame (98)
[2016.07.05-11.44.29:545][334]LogModuleManager: Shutting down and abandoning module LevelEditor (97)
[2016.07.05-11.44.29:546][334]LogModuleManager: Shutting down and abandoning module DirectoryWatcher (96)
[2016.07.05-11.44.29:547][334]LogModuleManager: Shutting down and abandoning module AssetRegistry (95)
[2016.07.05-11.44.29:679][334]LogModuleManager: Shutting down and abandoning module ContentBrowser (94)
[2016.07.05-11.44.29:680][334]LogModuleManager: Shutting down and abandoning module Paper2DEditor (93)
[2016.07.05-11.44.29:681][334]LogModuleManager: Shutting down and abandoning module UdpMessaging (92)
[2016.07.05-11.44.29:781][334]LogModuleManager: Shutting down and abandoning module LightPropagationVolumeRuntime (91)
[2016.07.05-11.44.29:781][334]LogModuleManager: Shutting down and abandoning module Paper2D (90)
[2016.07.05-11.44.29:782][334]LogModuleManager: Shutting down and abandoning module WindowsMoviePlayer (89)
[2016.07.05-11.44.29:782][334]LogModuleManager: Shutting down and abandoning module Media (88)
[2016.07.05-11.44.29:782][334]LogModuleManager: Shutting down and abandoning module WmfMedia (87)
[2016.07.05-11.44.29:783][334]LogModuleManager: Shutting down and abandoning module MediaAssets (86)
[2016.07.05-11.44.29:783][334]LogModuleManager: Shutting down and abandoning module GameLiveStreaming (85)
[2016.07.05-11.44.29:783][334]LogModuleManager: Shutting down and abandoning module GameplayTagsEditor (84)
[2016.07.05-11.44.29:783][334]LogModuleManager: Shutting down and abandoning module OnlineBlueprintSupport (83)
[2016.07.05-11.44.29:783][334]LogModuleManager: Shutting down and abandoning module GameplayTasksEditor (82)
[2016.07.05-11.44.29:783][334]LogModuleManager: Shutting down and abandoning module PropertyEditor (81)
[2016.07.05-11.44.29:783][334]LogModuleManager: Shutting down and abandoning module BehaviorTreeEditor (80)
[2016.07.05-11.44.29:784][334]LogModuleManager: Shutting down and abandoning module FunctionalTesting (79)
[2016.07.05-11.44.29:784][334]LogModuleManager: Shutting down and abandoning module CollisionAnalyzer (78)
[2016.07.05-11.44.29:785][334]LogModuleManager: Shutting down and abandoning module WorkspaceMenuStructure (77)
[2016.07.05-11.44.29:785][334]LogModuleManager: Shutting down and abandoning module MessageLog (76)
[2016.07.05-11.44.29:785][334]LogModuleManager: Shutting down and abandoning module Sequencer (75)
[2016.07.05-11.44.29:786][334]LogModuleManager: Shutting down and abandoning module AssetTools (74)
[2016.07.05-11.44.29:789][334]LogModuleManager: Shutting down and abandoning module UMGEditor (73)
[2016.07.05-11.44.29:790][334]LogModuleManager: Shutting down and abandoning module UMG (72)
[2016.07.05-11.44.29:791][334]LogModuleManager: Shutting down and abandoning module SlateReflector (71)
[2016.07.05-11.44.29:793][334]LogModuleManager: Shutting down and abandoning module Slate (70)
[2016.07.05-11.44.29:793][334]LogModuleManager: Shutting down and abandoning module EditorStyle (69)
[2016.07.05-11.44.29:796][334]LogModuleManager: Shutting down and abandoning module SessionServices (68)
[2016.07.05-11.44.29:796][334]LogModuleManager: Shutting down and abandoning module SourceCodeAccess (67)
[2016.07.05-11.44.29:796][334]LogModuleManager: Shutting down and abandoning module HeadMountedDisplay (66)
[2016.07.05-11.44.29:796][334]LogModuleManager: Shutting down and abandoning module XAudio2 (65)
[2016.07.05-11.44.29:796][334]LogModuleManager: Shutting down and abandoning module Networking (63)
[2016.07.05-11.44.29:796][334]LogModuleManager: Shutting down and abandoning module Core (62)
[2016.07.05-11.44.29:796][334]LogModuleManager: Shutting down and abandoning module KismetCompiler (61)
[2016.07.05-11.44.29:796][334]LogModuleManager: Shutting down and abandoning module PhysXFormats (60)
[2016.07.05-11.44.29:796][334]LogModuleManager: Shutting down and abandoning module MeshUtilities (59)
[2016.07.05-11.44.29:797][334]LogModuleManager: Shutting down and abandoning module CookingStats (58)
[2016.07.05-11.44.29:797][334]LogModuleManager: Shutting down and abandoning module DerivedDataCache (57)
[2016.07.05-11.44.29:797][334]LogDerivedDataCache: Shutdown
[2016.07.05-11.44.29:797][334]LogModuleManager: Shutting down and abandoning module ShaderFormatOpenGL (56)
[2016.07.05-11.44.29:797][334]LogModuleManager: Shutting down and abandoning module ShaderFormatD3D (55)
[2016.07.05-11.44.29:798][334]LogModuleManager: Shutting down and abandoning module MetalShaderFormat (54)
[2016.07.05-11.44.29:798][334]LogModuleManager: Shutting down and abandoning module TextureFormatUncompressed (53)
[2016.07.05-11.44.29:798][334]LogModuleManager: Shutting down and abandoning module TextureFormatPVR (52)
[2016.07.05-11.44.29:799][334]LogModuleManager: Shutting down and abandoning module TextureFormatIntelISPCTexComp (51)
[2016.07.05-11.44.29:799][334]LogModuleManager: Shutting down and abandoning module TextureFormatDXT (50)
[2016.07.05-11.44.29:799][334]LogModuleManager: Shutting down and abandoning module ImageWrapper (49)
[2016.07.05-11.44.29:799][334]LogModuleManager: Shutting down and abandoning module TextureFormatASTC (48)
[2016.07.05-11.44.29:799][334]LogModuleManager: Shutting down and abandoning module TextureFormatAndroid (47)
[2016.07.05-11.44.29:799][334]LogModuleManager: Shutting down and abandoning module AudioFormatOpus (46)
[2016.07.05-11.44.29:799][334]LogModuleManager: Shutting down and abandoning module AudioFormatOgg (45)
[2016.07.05-11.44.29:800][334]LogModuleManager: Shutting down and abandoning module AudioFormatADPCM (44)
[2016.07.05-11.44.29:800][334]LogModuleManager: Shutting down and abandoning module LinuxTargetPlatform (43)
[2016.07.05-11.44.29:800][334]LogModuleManager: Shutting down and abandoning module LinuxServerTargetPlatform (42)
[2016.07.05-11.44.29:800][334]LogModuleManager: Shutting down and abandoning module LinuxNoEditorTargetPlatform (41)
[2016.07.05-11.44.29:801][334]LogModuleManager: Shutting down and abandoning module TVOSTargetPlatform (40)
[2016.07.05-11.44.29:801][334]LogModuleManager: Shutting down and abandoning module Messaging (39)
[2016.07.05-11.44.29:801][334]LogModuleManager: Shutting down and abandoning module IOSTargetPlatform (38)
[2016.07.05-11.44.29:801][334]LogModuleManager: Shutting down and abandoning module HTML5TargetPlatform (37)
[2016.07.05-11.44.29:801][334]LogModuleManager: Shutting down and abandoning module Android_PVRTCTargetPlatform (36)
[2016.07.05-11.44.29:801][334]LogModuleManager: Shutting down and abandoning module Android_MultiTargetPlatform (35)
[2016.07.05-11.44.29:801][334]LogModuleManager: Shutting down and abandoning module Android_ETC2TargetPlatform (34)
[2016.07.05-11.44.29:801][334]LogModuleManager: Shutting down and abandoning module Android_ETC1TargetPlatform (33)
[2016.07.05-11.44.29:801][334]LogModuleManager: Shutting down and abandoning module Android_DXTTargetPlatform (32)
[2016.07.05-11.44.29:801][334]LogModuleManager: Shutting down and abandoning module Android_ATCTargetPlatform (31)
[2016.07.05-11.44.29:801][334]LogModuleManager: Shutting down and abandoning module Android_ASTCTargetPlatform (30)
[2016.07.05-11.44.29:801][334]LogModuleManager: Shutting down and abandoning module AndroidTargetPlatform (29)
[2016.07.05-11.44.29:801][334]LogModuleManager: Shutting down and abandoning module WindowsTargetPlatform (28)
[2016.07.05-11.44.29:801][334]LogModuleManager: Shutting down and abandoning module WindowsServerTargetPlatform (27)
[2016.07.05-11.44.29:801][334]LogModuleManager: Shutting down and abandoning module WindowsNoEditorTargetPlatform (26)
[2016.07.05-11.44.29:801][334]LogModuleManager: Shutting down and abandoning module WindowsClientTargetPlatform (25)
[2016.07.05-11.44.29:802][334]LogModuleManager: Shutting down and abandoning module AllDesktopTargetPlatform (24)
[2016.07.05-11.44.29:802][334]LogModuleManager: Shutting down and abandoning module TargetPlatform (23)
[2016.07.05-11.44.29:802][334]LogModuleManager: Shutting down and abandoning module InputCore (22)
[2016.07.05-11.44.29:802][334]LogModuleManager: Shutting down and abandoning module Settings (21)
[2016.07.05-11.44.29:802][334]LogModuleManager: Shutting down and abandoning module OnlineSubsystem (19)
[2016.07.05-11.44.29:802][334]LogModuleManager: Shutting down and abandoning module HTTP (18)
[2016.07.05-11.44.31:804][334]LogModuleManager: Shutting down and abandoning module XMPP (17)
[2016.07.05-11.44.31:808][334]LogModuleManager: Shutting down and abandoning module OculusRift (16)
[2016.07.05-11.44.31:808][334]LogModuleManager: Shutting down and abandoning module ExampleDeviceProfileSelector (15)
[2016.07.05-11.44.31:808][334]LogModuleManager: Shutting down and abandoning module TextureCompressor (14)
[2016.07.05-11.44.31:809][334]LogModuleManager: Shutting down and abandoning module ShaderCore (13)
[2016.07.05-11.44.31:809][334]LogModuleManager: Shutting down and abandoning module Landscape (12)
[2016.07.05-11.44.31:809][334]LogModuleManager: Shutting down and abandoning module SlateRHIRenderer (11)
[2016.07.05-11.44.31:814][334]LogModuleManager: Shutting down and abandoning module OpenGLDrv (10)
[2016.07.05-11.44.31:815][334]LogModuleManager: Shutting down and abandoning module D3D11RHI (9)
[2016.07.05-11.44.31:815][334]LogModuleManager: Shutting down and abandoning module AnimGraphRuntime (8)
[2016.07.05-11.44.31:815][334]LogModuleManager: Shutting down and abandoning module Renderer (7)
[2016.07.05-11.44.31:815][334]LogModuleManager: Shutting down and abandoning module Engine (6)
[2016.07.05-11.44.31:815][334]LogModuleManager: Shutting down and abandoning module CoreUObject (5)
[2016.07.05-11.44.31:815][334]LogModuleManager: Shutting down and abandoning module NetworkFile (4)
[2016.07.05-11.44.31:816][334]LogModuleManager: Shutting down and abandoning module StreamingFile (3)
[2016.07.05-11.44.31:816][334]LogModuleManager: Shutting down and abandoning module SandboxFile (2)
[2016.07.05-11.44.31:816][334]LogModuleManager: Shutting down and abandoning module PakFile (1)
[2016.07.05-11.44.31:818][334]LogExit: Exiting.
[2016.07.05-11.44.31:822][334]Log file closed, 07/05/16 21:44:31
